2013.03.11 00:09 B C:\Server\htdocs\Joomla_site\bluejays\templates\rhuk_milkyway\images\arrow.png <-- ie /public_html/bluejays/templates/rhuk_milkyway/images arrow.png
2013.03.11 00:09 B C:\Server\htdocs\Joomla_site\bluejays\templates\rhuk_milkyway\images\indent1.png <-- ie /public_html/bluejays/templates/rhuk_milkyway/images indent1.png
2013.03.11 00:09 B C:\Server\htdocs\Joomla_site\bluejays\templates\rhuk_milkyway\images\indent2.png <-- ie /public_html/bluejays/templates/rhuk_milkyway/images indent2.png
2013.03.11 00:09 B C:\Server\htdocs\Joomla_site\bluejays\templates\rhuk_milkyway\images\indent3.png <-- ie /public_html/bluejays/templates/rhuk_milkyway/images indent3.png
2013.03.11 00:09 B C:\Server\htdocs\Joomla_site\bluejays\templates\rhuk_milkyway\images\indent4.png <-- ie /public_html/bluejays/templates/rhuk_milkyway/images indent4.png
2013.03.11 00:09 B C:\Server\htdocs\Joomla_site\bluejays\templates\rhuk_milkyway\images\index.html <-- ie /public_html/bluejays/templates/rhuk_milkyway/images index.html
2013.03.11 00:09 B C:\Server\htdocs\Joomla_site\bluejays\templates\rhuk_milkyway\images\login-bg.gif <-- ie /public_html/bluejays/templates/rhuk_milkyway/images login-bg.gif
2013.03.11 00:09 B C:\Server\htdocs\Joomla_site\bluejays\templates\rhuk_milkyway\images\mw_content_b.png <-- ie /public_html/bluejays/templates/rhuk_milkyway/images mw_content_b.png
2013.03.11 00:09 B C:\Server\htdocs\Joomla_site\bluejays\templates\rhuk_milkyway\images\mw_content_b_l.png <-- ie /public_html/bluejays/templates/rhuk_milkyway/images mw_content_b_l.png
2013.03.11 00:09 B C:\Server\htdocs\Joomla_site\bluejays\templates\rhuk_milkyway\images\mw_content_b_r.png <-- ie /public_html/bluejays/templates/rhuk_milkyway/images mw_content_b_r.png
2013.03.11 00:09 B C:\Server\htdocs\Joomla_site\bluejays\templates\rhuk_milkyway\images\mw_content_t.png <-- ie /public_html/bluejays/templates/rhuk_milkyway/images mw_content_t.png
2013.03.11 00:09 B C:\Server\htdocs\Joomla_site\bluejays\templates\rhuk_milkyway\images\mw_content_t_l.png <-- ie /public_html/bluejays/templates/rhuk_milkyway/images mw_content_t_l.png
2013.03.11 00:09 B C:\Server\htdocs\Joomla_site\bluejays\templates\rhuk_milkyway\images\mw_content_t_r.png <-- ie /public_html/bluejays/templates/rhuk_milkyway/images mw_content_t_r.png
2013.03.11 00:09 B C:\Server\htdocs\Joomla_site\bluejays\templates\rhuk_milkyway\images\mw_footer_separator.png <-- ie /public_html/bluejays/templates/rhuk_milkyway/images mw_footer_separator.png
2013.03.11 00:09 B C:\Server\htdocs\Joomla_site\bluejays\templates\rhuk_milkyway\images\mw_header.jpg <-- ie /public_html/bluejays/templates/rhuk_milkyway/images mw_header.jpg
2013.03.11 00:09 B C:\Server\htdocs\Joomla_site\bluejays\templates\rhuk_milkyway\images\mw_header_b.png <-- ie /public_html/bluejays/templates/rhuk_milkyway/images mw_header_b.png
2013.03.11 00:09 B C:\Server\htdocs\Joomla_site\bluejays\templates\rhuk_milkyway\images\mw_header_l_b.png <-- ie /public_html/bluejays/templates/rhuk_milkyway/images mw_header_l_b.png
2013.03.11 00:09 B C:\Server\htdocs\Joomla_site\bluejays\templates\rhuk_milkyway\images\mw_header_r_b.png <-- ie /public_html/bluejays/templates/rhuk_milkyway/images mw_header_r_b.png
2013.03.11 00:09 B C:\Server\htdocs\Joomla_site\bluejays\templates\rhuk_milkyway\images\mw_joomla_logo.png <-- ie /public_html/bluejays/templates/rhuk_milkyway/images mw_joomla_logo.png
2013.03.11 00:10 B C:\Server\htdocs\Joomla_site\bluejays\templates\rhuk_milkyway\images\mw_line_grey.png <-- ie /public_html/bluejays/templates/rhuk_milkyway/images mw_line_grey.png
2013.03.11 00:10 B C:\Server\htdocs\Joomla_site\bluejays\templates\rhuk_milkyway\images\mw_menu_cap_l.png <-- ie /public_html/bluejays/templates/rhuk_milkyway/images mw_menu_cap_l.png
2013.03.11 00:10 B C:\Server\htdocs\Joomla_site\bluejays\templates\rhuk_milkyway\images\mw_menu_cap_r.png <-- ie /public_html/bluejays/templates/rhuk_milkyway/images mw_menu_cap_r.png
2013.03.11 00:10 B C:\Server\htdocs\Joomla_site\bluejays\templates\rhuk_milkyway\images\mw_menu_normal_bg.png <-- ie /public_html/bluejays/templates/rhuk_milkyway/images mw_menu_normal_bg.png
2013.03.11 00:10 B C:\Server\htdocs\Joomla_site\bluejays\templates\rhuk_milkyway\images\mw_menu_separator.png <-- ie /public_html/bluejays/templates/rhuk_milkyway/images mw_menu_separator.png
2013.03.11 00:10 B C:\Server\htdocs\Joomla_site\bluejays\templates\rhuk_milkyway\images\mw_readon.png <-- ie /public_html/bluejays/templates/rhuk_milkyway/images mw_readon.png
2013.03.11 00:10 B C:\Server\htdocs\Joomla_site\bluejays\templates\rhuk_milkyway\images\mw_readon_rtl.png <-- ie /public_html/bluejays/templates/rhuk_milkyway/images mw_readon_rtl.png
2013.03.11 00:10 B C:\Server\htdocs\Joomla_site\bluejays\templates\rhuk_milkyway\images\spacer.png <-- ie /public_html/bluejays/templates/rhuk_milkyway/images spacer.png
