2013.03.10 22:39 B C:\Server\htdocs\Joomla_site\bluejays\administrator\images\addedit.png <-- ie /public_html/bluejays/administrator/images addedit.png
2013.03.10 22:39 B C:\Server\htdocs\Joomla_site\bluejays\administrator\images\address.png <-- ie /public_html/bluejays/administrator/images address.png
2013.03.10 22:39 B C:\Server\htdocs\Joomla_site\bluejays\administrator\images\address_f2.png <-- ie /public_html/bluejays/administrator/images address_f2.png
2013.03.10 22:39 B C:\Server\htdocs\Joomla_site\bluejays\administrator\images\addusers.png <-- ie /public_html/bluejays/administrator/images addusers.png
2013.03.10 22:39 B C:\Server\htdocs\Joomla_site\bluejays\administrator\images\apply.png <-- ie /public_html/bluejays/administrator/images apply.png
2013.03.10 22:39 B C:\Server\htdocs\Joomla_site\bluejays\administrator\images\apply_f2.png <-- ie /public_html/bluejays/administrator/images apply_f2.png
2013.03.10 22:39 B C:\Server\htdocs\Joomla_site\bluejays\administrator\images\archive.png <-- ie /public_html/bluejays/administrator/images archive.png
2013.03.10 22:39 B C:\Server\htdocs\Joomla_site\bluejays\administrator\images\archive_f2.png <-- ie /public_html/bluejays/administrator/images archive_f2.png
2013.03.10 22:39 B C:\Server\htdocs\Joomla_site\bluejays\administrator\images\attach.png <-- ie /public_html/bluejays/administrator/images attach.png
2013.03.10 22:39 B C:\Server\htdocs\Joomla_site\bluejays\administrator\images\attach_f2.png <-- ie /public_html/bluejays/administrator/images attach_f2.png
2013.03.10 22:39 B C:\Server\htdocs\Joomla_site\bluejays\administrator\images\back.png <-- ie /public_html/bluejays/administrator/images back.png
2013.03.10 22:39 B C:\Server\htdocs\Joomla_site\bluejays\administrator\images\back_f2.png <-- ie /public_html/bluejays/administrator/images back_f2.png
2013.03.10 22:39 B C:\Server\htdocs\Joomla_site\bluejays\administrator\images\backup.png <-- ie /public_html/bluejays/administrator/images backup.png
2013.03.10 22:39 B C:\Server\htdocs\Joomla_site\bluejays\administrator\images\blank.png <-- ie /public_html/bluejays/administrator/images blank.png
2013.03.10 22:39 B C:\Server\htdocs\Joomla_site\bluejays\administrator\images\bookmark.png <-- ie /public_html/bluejays/administrator/images bookmark.png
2013.03.10 22:39 B C:\Server\htdocs\Joomla_site\bluejays\administrator\images\bookmark_f2.png <-- ie /public_html/bluejays/administrator/images bookmark_f2.png
2013.03.10 22:39 B C:\Server\htdocs\Joomla_site\bluejays\administrator\images\bookmarks.png <-- ie /public_html/bluejays/administrator/images bookmarks.png
2013.03.10 22:39 B C:\Server\htdocs\Joomla_site\bluejays\administrator\images\bookmarks_f2.png <-- ie /public_html/bluejays/administrator/images bookmarks_f2.png
2013.03.10 22:39 B C:\Server\htdocs\Joomla_site\bluejays\administrator\images\browser.png <-- ie /public_html/bluejays/administrator/images browser.png
2013.03.10 22:39 B C:\Server\htdocs\Joomla_site\bluejays\administrator\images\calendar.png <-- ie /public_html/bluejays/administrator/images calendar.png
2013.03.10 22:39 B C:\Server\htdocs\Joomla_site\bluejays\administrator\images\calendar_f2.png <-- ie /public_html/bluejays/administrator/images calendar_f2.png
2013.03.10 22:39 B C:\Server\htdocs\Joomla_site\bluejays\administrator\images\cancel.png <-- ie /public_html/bluejays/administrator/images cancel.png
2013.03.10 22:39 B C:\Server\htdocs\Joomla_site\bluejays\administrator\images\cancel_f2.png <-- ie /public_html/bluejays/administrator/images cancel_f2.png
2013.03.10 22:39 B C:\Server\htdocs\Joomla_site\bluejays\administrator\images\card.png <-- ie /public_html/bluejays/administrator/images card.png
2013.03.10 22:39 B C:\Server\htdocs\Joomla_site\bluejays\administrator\images\card_f2.png <-- ie /public_html/bluejays/administrator/images card_f2.png
2013.03.10 22:39 B C:\Server\htdocs\Joomla_site\bluejays\administrator\images\categories.png <-- ie /public_html/bluejays/administrator/images categories.png
2013.03.10 22:39 B C:\Server\htdocs\Joomla_site\bluejays\administrator\images\checked_out.png <-- ie /public_html/bluejays/administrator/images checked_out.png
2013.03.10 22:39 B C:\Server\htdocs\Joomla_site\bluejays\administrator\images\checkin.png <-- ie /public_html/bluejays/administrator/images checkin.png
2013.03.10 22:39 B C:\Server\htdocs\Joomla_site\bluejays\administrator\images\collapseall.png <-- ie /public_html/bluejays/administrator/images collapseall.png
2013.03.10 22:39 B C:\Server\htdocs\Joomla_site\bluejays\administrator\images\config.png <-- ie /public_html/bluejays/administrator/images config.png
2013.03.10 22:39 B C:\Server\htdocs\Joomla_site\bluejays\administrator\images\contacts.png <-- ie /public_html/bluejays/administrator/images contacts.png
2013.03.10 22:39 B C:\Server\htdocs\Joomla_site\bluejays\administrator\images\contacts_f2.png <-- ie /public_html/bluejays/administrator/images contacts_f2.png
2013.03.10 22:39 B C:\Server\htdocs\Joomla_site\bluejays\administrator\images\copy.png <-- ie /public_html/bluejays/administrator/images copy.png
2013.03.10 22:39 B C:\Server\htdocs\Joomla_site\bluejays\administrator\images\copy_f2.png <-- ie /public_html/bluejays/administrator/images copy_f2.png
2013.03.10 22:39 B C:\Server\htdocs\Joomla_site\bluejays\administrator\images\cpanel.png <-- ie /public_html/bluejays/administrator/images cpanel.png
2013.03.10 22:39 B C:\Server\htdocs\Joomla_site\bluejays\administrator\images\credits.png <-- ie /public_html/bluejays/administrator/images credits.png
2013.03.10 22:39 B C:\Server\htdocs\Joomla_site\bluejays\administrator\images\css.png <-- ie /public_html/bluejays/administrator/images css.png
2013.03.10 22:39 B C:\Server\htdocs\Joomla_site\bluejays\administrator\images\css_f2.png <-- ie /public_html/bluejays/administrator/images css_f2.png
2013.03.10 22:39 B C:\Server\htdocs\Joomla_site\bluejays\administrator\images\cut.png <-- ie /public_html/bluejays/administrator/images cut.png
2013.03.10 22:39 B C:\Server\htdocs\Joomla_site\bluejays\administrator\images\cut_f2.png <-- ie /public_html/bluejays/administrator/images cut_f2.png
2013.03.10 22:39 B C:\Server\htdocs\Joomla_site\bluejays\administrator\images\day.png <-- ie /public_html/bluejays/administrator/images day.png
2013.03.10 22:39 B C:\Server\htdocs\Joomla_site\bluejays\administrator\images\day_f2.png <-- ie /public_html/bluejays/administrator/images day_f2.png
2013.03.10 22:39 B C:\Server\htdocs\Joomla_site\bluejays\administrator\images\dbrestore.png <-- ie /public_html/bluejays/administrator/images dbrestore.png
2013.03.10 22:39 B C:\Server\htdocs\Joomla_site\bluejays\administrator\images\delete.png <-- ie /public_html/bluejays/administrator/images delete.png
2013.03.10 22:39 B C:\Server\htdocs\Joomla_site\bluejays\administrator\images\delete_f2.png <-- ie /public_html/bluejays/administrator/images delete_f2.png
2013.03.10 22:40 B C:\Server\htdocs\Joomla_site\bluejays\administrator\images\disabled.png <-- ie /public_html/bluejays/administrator/images disabled.png
2013.03.10 22:40 B C:\Server\htdocs\Joomla_site\bluejays\administrator\images\downarrow-1.png <-- ie /public_html/bluejays/administrator/images downarrow-1.png
2013.03.10 22:40 B C:\Server\htdocs\Joomla_site\bluejays\administrator\images\downarrow.png <-- ie /public_html/bluejays/administrator/images downarrow.png
2013.03.10 22:40 B C:\Server\htdocs\Joomla_site\bluejays\administrator\images\downarrow0.png <-- ie /public_html/bluejays/administrator/images downarrow0.png
2013.03.10 22:40 B C:\Server\htdocs\Joomla_site\bluejays\administrator\images\download.png <-- ie /public_html/bluejays/administrator/images download.png
2013.03.10 22:40 B C:\Server\htdocs\Joomla_site\bluejays\administrator\images\download_f2.png <-- ie /public_html/bluejays/administrator/images download_f2.png
2013.03.10 22:40 B C:\Server\htdocs\Joomla_site\bluejays\administrator\images\downloads.png <-- ie /public_html/bluejays/administrator/images downloads.png
2013.03.10 22:40 B C:\Server\htdocs\Joomla_site\bluejays\administrator\images\downloads_f2.png <-- ie /public_html/bluejays/administrator/images downloads_f2.png
2013.03.10 22:40 B C:\Server\htdocs\Joomla_site\bluejays\administrator\images\edit.png <-- ie /public_html/bluejays/administrator/images edit.png
2013.03.10 22:40 B C:\Server\htdocs\Joomla_site\bluejays\administrator\images\edit_f2.png <-- ie /public_html/bluejays/administrator/images edit_f2.png
2013.03.10 22:40 B C:\Server\htdocs\Joomla_site\bluejays\administrator\images\edittime.png <-- ie /public_html/bluejays/administrator/images edittime.png
2013.03.10 22:40 B C:\Server\htdocs\Joomla_site\bluejays\administrator\images\edittime_f2.png <-- ie /public_html/bluejays/administrator/images edittime_f2.png
2013.03.10 22:40 B C:\Server\htdocs\Joomla_site\bluejays\administrator\images\expandall.png <-- ie /public_html/bluejays/administrator/images expandall.png
2013.03.10 22:40 B C:\Server\htdocs\Joomla_site\bluejays\administrator\images\extensions.png <-- ie /public_html/bluejays/administrator/images extensions.png
2013.03.10 22:40 B C:\Server\htdocs\Joomla_site\bluejays\administrator\images\extensions_f2.png <-- ie /public_html/bluejays/administrator/images extensions_f2.png
2013.03.10 22:40 B C:\Server\htdocs\Joomla_site\bluejays\administrator\images\file.png <-- ie /public_html/bluejays/administrator/images file.png
2013.03.10 22:40 B C:\Server\htdocs\Joomla_site\bluejays\administrator\images\file_f2.png <-- ie /public_html/bluejays/administrator/images file_f2.png
2013.03.10 22:40 B C:\Server\htdocs\Joomla_site\bluejays\administrator\images\filesave.png <-- ie /public_html/bluejays/administrator/images filesave.png
2013.03.10 22:40 B C:\Server\htdocs\Joomla_site\bluejays\administrator\images\folder_add.png <-- ie /public_html/bluejays/administrator/images folder_add.png
2013.03.10 22:40 B C:\Server\htdocs\Joomla_site\bluejays\administrator\images\folder_add_f2.png <-- ie /public_html/bluejays/administrator/images folder_add_f2.png
2013.03.10 22:40 B C:\Server\htdocs\Joomla_site\bluejays\administrator\images\forward.png <-- ie /public_html/bluejays/administrator/images forward.png
2013.03.10 22:40 B C:\Server\htdocs\Joomla_site\bluejays\administrator\images\forward_f2.png <-- ie /public_html/bluejays/administrator/images forward_f2.png
2013.03.10 22:40 B C:\Server\htdocs\Joomla_site\bluejays\administrator\images\forward_mail.png <-- ie /public_html/bluejays/administrator/images forward_mail.png
2013.03.10 22:40 B C:\Server\htdocs\Joomla_site\bluejays\administrator\images\forward_mail_f2.png <-- ie /public_html/bluejays/administrator/images forward_mail_f2.png
2013.03.10 22:40 B C:\Server\htdocs\Joomla_site\bluejays\administrator\images\frontpage.png <-- ie /public_html/bluejays/administrator/images frontpage.png
2013.03.10 22:40 B C:\Server\htdocs\Joomla_site\bluejays\administrator\images\generic.png <-- ie /public_html/bluejays/administrator/images generic.png
2013.03.10 22:40 B C:\Server\htdocs\Joomla_site\bluejays\administrator\images\get_msgs.png <-- ie /public_html/bluejays/administrator/images get_msgs.png
2013.03.10 22:40 B C:\Server\htdocs\Joomla_site\bluejays\administrator\images\get_msgs_f2.png <-- ie /public_html/bluejays/administrator/images get_msgs_f2.png
2013.03.10 22:40 B C:\Server\htdocs\Joomla_site\bluejays\administrator\images\go.png <-- ie /public_html/bluejays/administrator/images go.png
2013.03.10 22:40 B C:\Server\htdocs\Joomla_site\bluejays\administrator\images\go_f2.png <-- ie /public_html/bluejays/administrator/images go_f2.png
2013.03.10 22:40 B C:\Server\htdocs\Joomla_site\bluejays\administrator\images\groups.png <-- ie /public_html/bluejays/administrator/images groups.png
2013.03.10 22:40 B C:\Server\htdocs\Joomla_site\bluejays\administrator\images\groups_f2.png <-- ie /public_html/bluejays/administrator/images groups_f2.png
2013.03.10 22:40 B C:\Server\htdocs\Joomla_site\bluejays\administrator\images\help.png <-- ie /public_html/bluejays/administrator/images help.png
2013.03.10 22:40 B C:\Server\htdocs\Joomla_site\bluejays\administrator\images\help_f2.png <-- ie /public_html/bluejays/administrator/images help_f2.png
2013.03.10 22:40 B C:\Server\htdocs\Joomla_site\bluejays\administrator\images\help_header.png <-- ie /public_html/bluejays/administrator/images help_header.png
2013.03.10 22:40 B C:\Server\htdocs\Joomla_site\bluejays\administrator\images\history.png <-- ie /public_html/bluejays/administrator/images history.png
2013.03.10 22:40 B C:\Server\htdocs\Joomla_site\bluejays\administrator\images\history_f2.png <-- ie /public_html/bluejays/administrator/images history_f2.png
2013.03.10 22:40 B C:\Server\htdocs\Joomla_site\bluejays\administrator\images\html.png <-- ie /public_html/bluejays/administrator/images html.png
2013.03.10 22:40 B C:\Server\htdocs\Joomla_site\bluejays\administrator\images\html_f2.png <-- ie /public_html/bluejays/administrator/images html_f2.png
2013.03.10 22:40 B C:\Server\htdocs\Joomla_site\bluejays\administrator\images\impressions.png <-- ie /public_html/bluejays/administrator/images impressions.png
2013.03.10 22:40 B C:\Server\htdocs\Joomla_site\bluejays\administrator\images\inbox.png <-- ie /public_html/bluejays/administrator/images inbox.png
2013.03.10 22:40 B C:\Server\htdocs\Joomla_site\bluejays\administrator\images\index.html <-- ie /public_html/bluejays/administrator/images index.html
2013.03.10 22:40 B C:\Server\htdocs\Joomla_site\bluejays\administrator\images\install.png <-- ie /public_html/bluejays/administrator/images install.png
2013.03.10 22:40 B C:\Server\htdocs\Joomla_site\bluejays\administrator\images\junk.png <-- ie /public_html/bluejays/administrator/images junk.png
2013.03.10 22:40 B C:\Server\htdocs\Joomla_site\bluejays\administrator\images\junk_f2.png <-- ie /public_html/bluejays/administrator/images junk_f2.png
2013.03.10 22:40 B C:\Server\htdocs\Joomla_site\bluejays\administrator\images\langmanager.png <-- ie /public_html/bluejays/administrator/images langmanager.png
2013.03.10 22:40 B C:\Server\htdocs\Joomla_site\bluejays\administrator\images\mail.png <-- ie /public_html/bluejays/administrator/images mail.png
2013.03.10 22:40 B C:\Server\htdocs\Joomla_site\bluejays\administrator\images\mark.png <-- ie /public_html/bluejays/administrator/images mark.png
2013.03.10 22:40 B C:\Server\htdocs\Joomla_site\bluejays\administrator\images\mark_f2.png <-- ie /public_html/bluejays/administrator/images mark_f2.png
2013.03.10 22:40 B C:\Server\htdocs\Joomla_site\bluejays\administrator\images\massemail.png <-- ie /public_html/bluejays/administrator/images massemail.png
2013.03.10 22:40 B C:\Server\htdocs\Joomla_site\bluejays\administrator\images\mediamanager.png <-- ie /public_html/bluejays/administrator/images mediamanager.png
2013.03.10 22:40 B C:\Server\htdocs\Joomla_site\bluejays\administrator\images\menu.png <-- ie /public_html/bluejays/administrator/images menu.png
2013.03.10 22:40 B C:\Server\htdocs\Joomla_site\bluejays\administrator\images\menu_divider.png <-- ie /public_html/bluejays/administrator/images menu_divider.png
2013.03.10 22:40 B C:\Server\htdocs\Joomla_site\bluejays\administrator\images\message.png <-- ie /public_html/bluejays/administrator/images message.png
2013.03.10 22:40 B C:\Server\htdocs\Joomla_site\bluejays\administrator\images\message_config.png <-- ie /public_html/bluejays/administrator/images message_config.png
2013.03.10 22:40 B C:\Server\htdocs\Joomla_site\bluejays\administrator\images\message_f2.png <-- ie /public_html/bluejays/administrator/images message_f2.png
2013.03.10 22:40 B C:\Server\htdocs\Joomla_site\bluejays\administrator\images\messaging.png <-- ie /public_html/bluejays/administrator/images messaging.png
2013.03.10 22:40 B C:\Server\htdocs\Joomla_site\bluejays\administrator\images\module.png <-- ie /public_html/bluejays/administrator/images module.png
2013.03.10 22:40 B C:\Server\htdocs\Joomla_site\bluejays\administrator\images\month.png <-- ie /public_html/bluejays/administrator/images month.png
2013.03.10 22:40 B C:\Server\htdocs\Joomla_site\bluejays\administrator\images\month_f2.png <-- ie /public_html/bluejays/administrator/images month_f2.png
2013.03.10 22:40 B C:\Server\htdocs\Joomla_site\bluejays\administrator\images\move.png <-- ie /public_html/bluejays/administrator/images move.png
2013.03.10 22:40 B C:\Server\htdocs\Joomla_site\bluejays\administrator\images\move_f2.png <-- ie /public_html/bluejays/administrator/images move_f2.png
2013.03.10 22:41 B C:\Server\htdocs\Joomla_site\bluejays\administrator\images\new.png <-- ie /public_html/bluejays/administrator/images new.png
2013.03.10 22:41 B C:\Server\htdocs\Joomla_site\bluejays\administrator\images\new_f2.png <-- ie /public_html/bluejays/administrator/images new_f2.png
2013.03.10 22:41 B C:\Server\htdocs\Joomla_site\bluejays\administrator\images\next.png <-- ie /public_html/bluejays/administrator/images next.png
2013.03.10 22:41 B C:\Server\htdocs\Joomla_site\bluejays\administrator\images\next_f2.png <-- ie /public_html/bluejays/administrator/images next_f2.png
2013.03.10 22:41 B C:\Server\htdocs\Joomla_site\bluejays\administrator\images\nomail.png <-- ie /public_html/bluejays/administrator/images nomail.png
2013.03.10 22:41 B C:\Server\htdocs\Joomla_site\bluejays\administrator\images\note.png <-- ie /public_html/bluejays/administrator/images note.png
2013.03.10 22:41 B C:\Server\htdocs\Joomla_site\bluejays\administrator\images\note_f2.png <-- ie /public_html/bluejays/administrator/images note_f2.png
2013.03.10 22:41 B C:\Server\htdocs\Joomla_site\bluejays\administrator\images\paste.png <-- ie /public_html/bluejays/administrator/images paste.png
2013.03.10 22:41 B C:\Server\htdocs\Joomla_site\bluejays\administrator\images\paste_f2.png <-- ie /public_html/bluejays/administrator/images paste_f2.png
2013.03.10 22:41 B C:\Server\htdocs\Joomla_site\bluejays\administrator\images\person1.png <-- ie /public_html/bluejays/administrator/images person1.png
2013.03.10 22:41 B C:\Server\htdocs\Joomla_site\bluejays\administrator\images\person1_f2.png <-- ie /public_html/bluejays/administrator/images person1_f2.png
2013.03.10 22:41 B C:\Server\htdocs\Joomla_site\bluejays\administrator\images\person2.png <-- ie /public_html/bluejays/administrator/images person2.png
2013.03.10 22:41 B C:\Server\htdocs\Joomla_site\bluejays\administrator\images\person2_f2.png <-- ie /public_html/bluejays/administrator/images person2_f2.png
2013.03.10 22:41 B C:\Server\htdocs\Joomla_site\bluejays\administrator\images\person3.png <-- ie /public_html/bluejays/administrator/images person3.png
2013.03.10 22:41 B C:\Server\htdocs\Joomla_site\bluejays\administrator\images\person3_f2.png <-- ie /public_html/bluejays/administrator/images person3_f2.png
2013.03.10 22:41 B C:\Server\htdocs\Joomla_site\bluejays\administrator\images\person4.png <-- ie /public_html/bluejays/administrator/images person4.png
2013.03.10 22:41 B C:\Server\htdocs\Joomla_site\bluejays\administrator\images\person4_f2.png <-- ie /public_html/bluejays/administrator/images person4_f2.png
2013.03.10 22:41 B C:\Server\htdocs\Joomla_site\bluejays\administrator\images\preview.png <-- ie /public_html/bluejays/administrator/images preview.png
2013.03.10 22:41 B C:\Server\htdocs\Joomla_site\bluejays\administrator\images\preview_f2.png <-- ie /public_html/bluejays/administrator/images preview_f2.png
2013.03.10 22:41 B C:\Server\htdocs\Joomla_site\bluejays\administrator\images\print.png <-- ie /public_html/bluejays/administrator/images print.png
2013.03.10 22:41 B C:\Server\htdocs\Joomla_site\bluejays\administrator\images\print_f2.png <-- ie /public_html/bluejays/administrator/images print_f2.png
2013.03.10 22:41 B C:\Server\htdocs\Joomla_site\bluejays\administrator\images\properties.png <-- ie /public_html/bluejays/administrator/images properties.png
2013.03.10 22:41 B C:\Server\htdocs\Joomla_site\bluejays\administrator\images\properties_f2.png <-- ie /public_html/bluejays/administrator/images properties_f2.png
2013.03.10 22:41 B C:\Server\htdocs\Joomla_site\bluejays\administrator\images\publish.png <-- ie /public_html/bluejays/administrator/images publish.png
2013.03.10 22:41 B C:\Server\htdocs\Joomla_site\bluejays\administrator\images\publish_f2.png <-- ie /public_html/bluejays/administrator/images publish_f2.png
2013.03.10 22:41 B C:\Server\htdocs\Joomla_site\bluejays\administrator\images\publish_g.png <-- ie /public_html/bluejays/administrator/images publish_g.png
2013.03.10 22:41 B C:\Server\htdocs\Joomla_site\bluejays\administrator\images\publish_r.png <-- ie /public_html/bluejays/administrator/images publish_r.png
2013.03.10 22:41 B C:\Server\htdocs\Joomla_site\bluejays\administrator\images\publish_x.png <-- ie /public_html/bluejays/administrator/images publish_x.png
2013.03.10 22:41 B C:\Server\htdocs\Joomla_site\bluejays\administrator\images\publish_y.png <-- ie /public_html/bluejays/administrator/images publish_y.png
2013.03.10 22:41 B C:\Server\htdocs\Joomla_site\bluejays\administrator\images\query.png <-- ie /public_html/bluejays/administrator/images query.png
2013.03.10 22:41 B C:\Server\htdocs\Joomla_site\bluejays\administrator\images\reload.png <-- ie /public_html/bluejays/administrator/images reload.png
2013.03.10 22:41 B C:\Server\htdocs\Joomla_site\bluejays\administrator\images\reload_f2.png <-- ie /public_html/bluejays/administrator/images reload_f2.png
2013.03.10 22:41 B C:\Server\htdocs\Joomla_site\bluejays\administrator\images\rename.png <-- ie /public_html/bluejays/administrator/images rename.png
2013.03.10 22:41 B C:\Server\htdocs\Joomla_site\bluejays\administrator\images\rename_f2.png <-- ie /public_html/bluejays/administrator/images rename_f2.png
2013.03.10 22:41 B C:\Server\htdocs\Joomla_site\bluejays\administrator\images\restore.png <-- ie /public_html/bluejays/administrator/images restore.png
2013.03.10 22:41 B C:\Server\htdocs\Joomla_site\bluejays\administrator\images\restore_f2.png <-- ie /public_html/bluejays/administrator/images restore_f2.png
2013.03.10 22:41 B C:\Server\htdocs\Joomla_site\bluejays\administrator\images\restoredb.png <-- ie /public_html/bluejays/administrator/images restoredb.png
2013.03.10 22:41 B C:\Server\htdocs\Joomla_site\bluejays\administrator\images\save.png <-- ie /public_html/bluejays/administrator/images save.png
2013.03.10 22:41 B C:\Server\htdocs\Joomla_site\bluejays\administrator\images\save_f2.png <-- ie /public_html/bluejays/administrator/images save_f2.png
2013.03.10 22:41 B C:\Server\htdocs\Joomla_site\bluejays\administrator\images\search.png <-- ie /public_html/bluejays/administrator/images search.png
2013.03.10 22:41 B C:\Server\htdocs\Joomla_site\bluejays\administrator\images\search_f2.png <-- ie /public_html/bluejays/administrator/images search_f2.png
2013.03.10 22:41 B C:\Server\htdocs\Joomla_site\bluejays\administrator\images\searchtext.png <-- ie /public_html/bluejays/administrator/images searchtext.png
2013.03.10 22:41 B C:\Server\htdocs\Joomla_site\bluejays\administrator\images\sections.png <-- ie /public_html/bluejays/administrator/images sections.png
2013.03.10 22:41 B C:\Server\htdocs\Joomla_site\bluejays\administrator\images\security.png <-- ie /public_html/bluejays/administrator/images security.png
2013.03.10 22:41 B C:\Server\htdocs\Joomla_site\bluejays\administrator\images\security_f2.png <-- ie /public_html/bluejays/administrator/images security_f2.png
2013.03.10 22:42 B C:\Server\htdocs\Joomla_site\bluejays\administrator\images\send.png <-- ie /public_html/bluejays/administrator/images send.png
2013.03.10 22:42 B C:\Server\htdocs\Joomla_site\bluejays\administrator\images\send_f2.png <-- ie /public_html/bluejays/administrator/images send_f2.png
2013.03.10 22:42 B C:\Server\htdocs\Joomla_site\bluejays\administrator\images\separator_new.png <-- ie /public_html/bluejays/administrator/images separator_new.png
2013.03.10 22:42 B C:\Server\htdocs\Joomla_site\bluejays\administrator\images\separator_new_f2.png <-- ie /public_html/bluejays/administrator/images separator_new_f2.png
2013.03.10 22:42 B C:\Server\htdocs\Joomla_site\bluejays\administrator\images\smtp.png <-- ie /public_html/bluejays/administrator/images smtp.png
2013.03.10 22:42 B C:\Server\htdocs\Joomla_site\bluejays\administrator\images\smtp_f2.png <-- ie /public_html/bluejays/administrator/images smtp_f2.png
2013.03.10 22:42 B C:\Server\htdocs\Joomla_site\bluejays\administrator\images\sort_asc.png <-- ie /public_html/bluejays/administrator/images sort_asc.png
2013.03.10 22:42 B C:\Server\htdocs\Joomla_site\bluejays\administrator\images\sort_desc.png <-- ie /public_html/bluejays/administrator/images sort_desc.png
2013.03.10 22:42 B C:\Server\htdocs\Joomla_site\bluejays\administrator\images\stop.png <-- ie /public_html/bluejays/administrator/images stop.png
2013.03.10 22:42 B C:\Server\htdocs\Joomla_site\bluejays\administrator\images\stop_f2.png <-- ie /public_html/bluejays/administrator/images stop_f2.png
2013.03.10 22:42 B C:\Server\htdocs\Joomla_site\bluejays\administrator\images\support.png <-- ie /public_html/bluejays/administrator/images support.png
2013.03.10 22:42 B C:\Server\htdocs\Joomla_site\bluejays\administrator\images\switch.png <-- ie /public_html/bluejays/administrator/images switch.png
2013.03.10 22:42 B C:\Server\htdocs\Joomla_site\bluejays\administrator\images\switch_f2.png <-- ie /public_html/bluejays/administrator/images switch_f2.png
2013.03.10 22:42 B C:\Server\htdocs\Joomla_site\bluejays\administrator\images\systeminfo.png <-- ie /public_html/bluejays/administrator/images systeminfo.png
2013.03.10 22:42 B C:\Server\htdocs\Joomla_site\bluejays\administrator\images\tab_new.png <-- ie /public_html/bluejays/administrator/images tab_new.png
2013.03.10 22:42 B C:\Server\htdocs\Joomla_site\bluejays\administrator\images\tab_new_f2.png <-- ie /public_html/bluejays/administrator/images tab_new_f2.png
2013.03.10 22:42 B C:\Server\htdocs\Joomla_site\bluejays\administrator\images\task.png <-- ie /public_html/bluejays/administrator/images task.png
2013.03.10 22:42 B C:\Server\htdocs\Joomla_site\bluejays\administrator\images\task_f2.png <-- ie /public_html/bluejays/administrator/images task_f2.png
2013.03.10 22:42 B C:\Server\htdocs\Joomla_site\bluejays\administrator\images\templatemanager.png <-- ie /public_html/bluejays/administrator/images templatemanager.png
2013.03.10 22:42 B C:\Server\htdocs\Joomla_site\bluejays\administrator\images\themes.png <-- ie /public_html/bluejays/administrator/images themes.png
2013.03.10 22:42 B C:\Server\htdocs\Joomla_site\bluejays\administrator\images\themes_f2.png <-- ie /public_html/bluejays/administrator/images themes_f2.png
2013.03.10 22:42 B C:\Server\htdocs\Joomla_site\bluejays\administrator\images\tick.png <-- ie /public_html/bluejays/administrator/images tick.png
2013.03.10 22:42 B C:\Server\htdocs\Joomla_site\bluejays\administrator\images\toggle.png <-- ie /public_html/bluejays/administrator/images toggle.png
2013.03.10 22:42 B C:\Server\htdocs\Joomla_site\bluejays\administrator\images\toggle_f2.png <-- ie /public_html/bluejays/administrator/images toggle_f2.png
2013.03.10 22:42 B C:\Server\htdocs\Joomla_site\bluejays\administrator\images\tool.png <-- ie /public_html/bluejays/administrator/images tool.png
2013.03.10 22:42 B C:\Server\htdocs\Joomla_site\bluejays\administrator\images\tool_f2.png <-- ie /public_html/bluejays/administrator/images tool_f2.png
2013.03.10 22:42 B C:\Server\htdocs\Joomla_site\bluejays\administrator\images\trash.png <-- ie /public_html/bluejays/administrator/images trash.png
2013.03.10 22:42 B C:\Server\htdocs\Joomla_site\bluejays\administrator\images\unarchive.png <-- ie /public_html/bluejays/administrator/images unarchive.png
2013.03.10 22:42 B C:\Server\htdocs\Joomla_site\bluejays\administrator\images\unarchive_f2.png <-- ie /public_html/bluejays/administrator/images unarchive_f2.png
2013.03.10 22:42 B C:\Server\htdocs\Joomla_site\bluejays\administrator\images\unpublish.png <-- ie /public_html/bluejays/administrator/images unpublish.png
2013.03.10 22:42 B C:\Server\htdocs\Joomla_site\bluejays\administrator\images\unpublish_f2.png <-- ie /public_html/bluejays/administrator/images unpublish_f2.png
2013.03.10 22:42 B C:\Server\htdocs\Joomla_site\bluejays\administrator\images\uparrow-1.png <-- ie /public_html/bluejays/administrator/images uparrow-1.png
2013.03.10 22:42 B C:\Server\htdocs\Joomla_site\bluejays\administrator\images\uparrow.png <-- ie /public_html/bluejays/administrator/images uparrow.png
2013.03.10 22:42 B C:\Server\htdocs\Joomla_site\bluejays\administrator\images\uparrow0.png <-- ie /public_html/bluejays/administrator/images uparrow0.png
2013.03.10 22:42 B C:\Server\htdocs\Joomla_site\bluejays\administrator\images\upload.png <-- ie /public_html/bluejays/administrator/images upload.png
2013.03.10 22:42 B C:\Server\htdocs\Joomla_site\bluejays\administrator\images\upload_f2.png <-- ie /public_html/bluejays/administrator/images upload_f2.png
2013.03.10 22:42 B C:\Server\htdocs\Joomla_site\bluejays\administrator\images\user.png <-- ie /public_html/bluejays/administrator/images user.png
2013.03.10 22:42 B C:\Server\htdocs\Joomla_site\bluejays\administrator\images\users.png <-- ie /public_html/bluejays/administrator/images users.png
2013.03.10 22:42 B C:\Server\htdocs\Joomla_site\bluejays\administrator\images\webworld.png <-- ie /public_html/bluejays/administrator/images webworld.png
2013.03.10 22:42 B C:\Server\htdocs\Joomla_site\bluejays\administrator\images\webworld_f2.png <-- ie /public_html/bluejays/administrator/images webworld_f2.png
2013.03.10 22:42 B C:\Server\htdocs\Joomla_site\bluejays\administrator\images\week.png <-- ie /public_html/bluejays/administrator/images week.png
2013.03.10 22:42 B C:\Server\htdocs\Joomla_site\bluejays\administrator\images\week_f2.png <-- ie /public_html/bluejays/administrator/images week_f2.png
2013.03.10 22:42 B C:\Server\htdocs\Joomla_site\bluejays\administrator\images\xml.png <-- ie /public_html/bluejays/administrator/images xml.png
2013.03.10 22:42 B C:\Server\htdocs\Joomla_site\bluejays\administrator\images\xml_f2.png <-- ie /public_html/bluejays/administrator/images xml_f2.png
