2013.03.10 23:56 B C:\Server\htdocs\Joomla_site\bluejays\plugins\editors\tinymce\jscripts\tiny_mce\themes\simple\images\bold.gif <-- ie /public_html/bluejays/plugins/editors/tinymce/jscripts/tiny_mce/themes/simple/images bold.gif
2013.03.10 23:56 B C:\Server\htdocs\Joomla_site\bluejays\plugins\editors\tinymce\jscripts\tiny_mce\themes\simple\images\bold_de_se.gif <-- ie /public_html/bluejays/plugins/editors/tinymce/jscripts/tiny_mce/themes/simple/images bold_de_se.gif
2013.03.10 23:56 B C:\Server\htdocs\Joomla_site\bluejays\plugins\editors\tinymce\jscripts\tiny_mce\themes\simple\images\bold_fr.gif <-- ie /public_html/bluejays/plugins/editors/tinymce/jscripts/tiny_mce/themes/simple/images bold_fr.gif
2013.03.10 23:56 B C:\Server\htdocs\Joomla_site\bluejays\plugins\editors\tinymce\jscripts\tiny_mce\themes\simple\images\bold_ru.gif <-- ie /public_html/bluejays/plugins/editors/tinymce/jscripts/tiny_mce/themes/simple/images bold_ru.gif
2013.03.10 23:56 B C:\Server\htdocs\Joomla_site\bluejays\plugins\editors\tinymce\jscripts\tiny_mce\themes\simple\images\bold_tw.gif <-- ie /public_html/bluejays/plugins/editors/tinymce/jscripts/tiny_mce/themes/simple/images bold_tw.gif
2013.03.10 23:56 B C:\Server\htdocs\Joomla_site\bluejays\plugins\editors\tinymce\jscripts\tiny_mce\themes\simple\images\bullist.gif <-- ie /public_html/bluejays/plugins/editors/tinymce/jscripts/tiny_mce/themes/simple/images bullist.gif
2013.03.10 23:56 B C:\Server\htdocs\Joomla_site\bluejays\plugins\editors\tinymce\jscripts\tiny_mce\themes\simple\images\buttons.gif <-- ie /public_html/bluejays/plugins/editors/tinymce/jscripts/tiny_mce/themes/simple/images buttons.gif
2013.03.10 23:56 B C:\Server\htdocs\Joomla_site\bluejays\plugins\editors\tinymce\jscripts\tiny_mce\themes\simple\images\cleanup.gif <-- ie /public_html/bluejays/plugins/editors/tinymce/jscripts/tiny_mce/themes/simple/images cleanup.gif
2013.03.10 23:56 B C:\Server\htdocs\Joomla_site\bluejays\plugins\editors\tinymce\jscripts\tiny_mce\themes\simple\images\index.html <-- ie /public_html/bluejays/plugins/editors/tinymce/jscripts/tiny_mce/themes/simple/images index.html
2013.03.10 23:56 B C:\Server\htdocs\Joomla_site\bluejays\plugins\editors\tinymce\jscripts\tiny_mce\themes\simple\images\italic.gif <-- ie /public_html/bluejays/plugins/editors/tinymce/jscripts/tiny_mce/themes/simple/images italic.gif
2013.03.10 23:56 B C:\Server\htdocs\Joomla_site\bluejays\plugins\editors\tinymce\jscripts\tiny_mce\themes\simple\images\italic_de_se.gif <-- ie /public_html/bluejays/plugins/editors/tinymce/jscripts/tiny_mce/themes/simple/images italic_de_se.gif
2013.03.10 23:56 B C:\Server\htdocs\Joomla_site\bluejays\plugins\editors\tinymce\jscripts\tiny_mce\themes\simple\images\italic_ru.gif <-- ie /public_html/bluejays/plugins/editors/tinymce/jscripts/tiny_mce/themes/simple/images italic_ru.gif
2013.03.10 23:56 B C:\Server\htdocs\Joomla_site\bluejays\plugins\editors\tinymce\jscripts\tiny_mce\themes\simple\images\italic_tw.gif <-- ie /public_html/bluejays/plugins/editors/tinymce/jscripts/tiny_mce/themes/simple/images italic_tw.gif
2013.03.10 23:56 B C:\Server\htdocs\Joomla_site\bluejays\plugins\editors\tinymce\jscripts\tiny_mce\themes\simple\images\numlist.gif <-- ie /public_html/bluejays/plugins/editors/tinymce/jscripts/tiny_mce/themes/simple/images numlist.gif
2013.03.10 23:56 B C:\Server\htdocs\Joomla_site\bluejays\plugins\editors\tinymce\jscripts\tiny_mce\themes\simple\images\redo.gif <-- ie /public_html/bluejays/plugins/editors/tinymce/jscripts/tiny_mce/themes/simple/images redo.gif
2013.03.10 23:56 B C:\Server\htdocs\Joomla_site\bluejays\plugins\editors\tinymce\jscripts\tiny_mce\themes\simple\images\separator.gif <-- ie /public_html/bluejays/plugins/editors/tinymce/jscripts/tiny_mce/themes/simple/images separator.gif
2013.03.10 23:56 B C:\Server\htdocs\Joomla_site\bluejays\plugins\editors\tinymce\jscripts\tiny_mce\themes\simple\images\spacer.gif <-- ie /public_html/bluejays/plugins/editors/tinymce/jscripts/tiny_mce/themes/simple/images spacer.gif
2013.03.10 23:56 B C:\Server\htdocs\Joomla_site\bluejays\plugins\editors\tinymce\jscripts\tiny_mce\themes\simple\images\strikethrough.gif <-- ie /public_html/bluejays/plugins/editors/tinymce/jscripts/tiny_mce/themes/simple/images strikethrough.gif
2013.03.10 23:56 B C:\Server\htdocs\Joomla_site\bluejays\plugins\editors\tinymce\jscripts\tiny_mce\themes\simple\images\underline.gif <-- ie /public_html/bluejays/plugins/editors/tinymce/jscripts/tiny_mce/themes/simple/images underline.gif
2013.03.10 23:56 B C:\Server\htdocs\Joomla_site\bluejays\plugins\editors\tinymce\jscripts\tiny_mce\themes\simple\images\underline_fr.gif <-- ie /public_html/bluejays/plugins/editors/tinymce/jscripts/tiny_mce/themes/simple/images underline_fr.gif
2013.03.10 23:56 B C:\Server\htdocs\Joomla_site\bluejays\plugins\editors\tinymce\jscripts\tiny_mce\themes\simple\images\underline_ru.gif <-- ie /public_html/bluejays/plugins/editors/tinymce/jscripts/tiny_mce/themes/simple/images underline_ru.gif
2013.03.10 23:56 B C:\Server\htdocs\Joomla_site\bluejays\plugins\editors\tinymce\jscripts\tiny_mce\themes\simple\images\underline_tw.gif <-- ie /public_html/bluejays/plugins/editors/tinymce/jscripts/tiny_mce/themes/simple/images underline_tw.gif
2013.03.10 23:56 B C:\Server\htdocs\Joomla_site\bluejays\plugins\editors\tinymce\jscripts\tiny_mce\themes\simple\images\undo.gif <-- ie /public_html/bluejays/plugins/editors/tinymce/jscripts/tiny_mce/themes/simple/images undo.gif
