2013.03.10 22:03 B C:\Server\htdocs\Joomla_site\bluejays\administrator\components\com_media\images\mime-icon-16\avi.png <-- ie /public_html/bluejays/administrator/components/com_media/images/mime-icon-16 avi.png
2013.03.10 22:03 B C:\Server\htdocs\Joomla_site\bluejays\administrator\components\com_media\images\mime-icon-16\doc.png <-- ie /public_html/bluejays/administrator/components/com_media/images/mime-icon-16 doc.png
2013.03.10 22:04 B C:\Server\htdocs\Joomla_site\bluejays\administrator\components\com_media\images\mime-icon-16\index.html <-- ie /public_html/bluejays/administrator/components/com_media/images/mime-icon-16 index.html
2013.03.10 22:04 B C:\Server\htdocs\Joomla_site\bluejays\administrator\components\com_media\images\mime-icon-16\mov.png <-- ie /public_html/bluejays/administrator/components/com_media/images/mime-icon-16 mov.png
2013.03.10 22:04 B C:\Server\htdocs\Joomla_site\bluejays\administrator\components\com_media\images\mime-icon-16\mp3.png <-- ie /public_html/bluejays/administrator/components/com_media/images/mime-icon-16 mp3.png
2013.03.10 22:04 B C:\Server\htdocs\Joomla_site\bluejays\administrator\components\com_media\images\mime-icon-16\mp4.png <-- ie /public_html/bluejays/administrator/components/com_media/images/mime-icon-16 mp4.png
2013.03.10 22:04 B C:\Server\htdocs\Joomla_site\bluejays\administrator\components\com_media\images\mime-icon-16\odc.png <-- ie /public_html/bluejays/administrator/components/com_media/images/mime-icon-16 odc.png
2013.03.10 22:04 B C:\Server\htdocs\Joomla_site\bluejays\administrator\components\com_media\images\mime-icon-16\odd.png <-- ie /public_html/bluejays/administrator/components/com_media/images/mime-icon-16 odd.png
2013.03.10 22:04 B C:\Server\htdocs\Joomla_site\bluejays\administrator\components\com_media\images\mime-icon-16\odt.png <-- ie /public_html/bluejays/administrator/components/com_media/images/mime-icon-16 odt.png
2013.03.10 22:04 B C:\Server\htdocs\Joomla_site\bluejays\administrator\components\com_media\images\mime-icon-16\ogg.png <-- ie /public_html/bluejays/administrator/components/com_media/images/mime-icon-16 ogg.png
2013.03.10 22:04 B C:\Server\htdocs\Joomla_site\bluejays\administrator\components\com_media\images\mime-icon-16\pdf.png <-- ie /public_html/bluejays/administrator/components/com_media/images/mime-icon-16 pdf.png
2013.03.10 22:04 B C:\Server\htdocs\Joomla_site\bluejays\administrator\components\com_media\images\mime-icon-16\ppt.png <-- ie /public_html/bluejays/administrator/components/com_media/images/mime-icon-16 ppt.png
2013.03.10 22:04 B C:\Server\htdocs\Joomla_site\bluejays\administrator\components\com_media\images\mime-icon-16\rar.png <-- ie /public_html/bluejays/administrator/components/com_media/images/mime-icon-16 rar.png
2013.03.10 22:04 B C:\Server\htdocs\Joomla_site\bluejays\administrator\components\com_media\images\mime-icon-16\rtf.png <-- ie /public_html/bluejays/administrator/components/com_media/images/mime-icon-16 rtf.png
2013.03.10 22:04 B C:\Server\htdocs\Joomla_site\bluejays\administrator\components\com_media\images\mime-icon-16\svg.png <-- ie /public_html/bluejays/administrator/components/com_media/images/mime-icon-16 svg.png
2013.03.10 22:04 B C:\Server\htdocs\Joomla_site\bluejays\administrator\components\com_media\images\mime-icon-16\sxd.png <-- ie /public_html/bluejays/administrator/components/com_media/images/mime-icon-16 sxd.png
2013.03.10 22:04 B C:\Server\htdocs\Joomla_site\bluejays\administrator\components\com_media\images\mime-icon-16\tar.png <-- ie /public_html/bluejays/administrator/components/com_media/images/mime-icon-16 tar.png
2013.03.10 22:04 B C:\Server\htdocs\Joomla_site\bluejays\administrator\components\com_media\images\mime-icon-16\tgz.png <-- ie /public_html/bluejays/administrator/components/com_media/images/mime-icon-16 tgz.png
2013.03.10 22:04 B C:\Server\htdocs\Joomla_site\bluejays\administrator\components\com_media\images\mime-icon-16\wma.png <-- ie /public_html/bluejays/administrator/components/com_media/images/mime-icon-16 wma.png
2013.03.10 22:04 B C:\Server\htdocs\Joomla_site\bluejays\administrator\components\com_media\images\mime-icon-16\wmv.png <-- ie /public_html/bluejays/administrator/components/com_media/images/mime-icon-16 wmv.png
2013.03.10 22:04 B C:\Server\htdocs\Joomla_site\bluejays\administrator\components\com_media\images\mime-icon-16\xls.png <-- ie /public_html/bluejays/administrator/components/com_media/images/mime-icon-16 xls.png
2013.03.10 22:04 B C:\Server\htdocs\Joomla_site\bluejays\administrator\components\com_media\images\mime-icon-16\zip.png <-- ie /public_html/bluejays/administrator/components/com_media/images/mime-icon-16 zip.png
