2013.03.10 22:43 B C:\Server\htdocs\Joomla_site\bluejays\administrator\language\en-GB\en-GB.com_admin.ini <-- ie /public_html/bluejays/administrator/language/en-GB en-GB.com_admin.ini
2013.03.10 22:43 B C:\Server\htdocs\Joomla_site\bluejays\administrator\language\en-GB\en-GB.com_banners.ini <-- ie /public_html/bluejays/administrator/language/en-GB en-GB.com_banners.ini
2013.03.10 22:43 B C:\Server\htdocs\Joomla_site\bluejays\administrator\language\en-GB\en-GB.com_banners.menu.ini <-- ie /public_html/bluejays/administrator/language/en-GB en-GB.com_banners.menu.ini
2013.03.10 22:43 B C:\Server\htdocs\Joomla_site\bluejays\administrator\language\en-GB\en-GB.com_cache.ini <-- ie /public_html/bluejays/administrator/language/en-GB en-GB.com_cache.ini
2013.03.10 22:43 B C:\Server\htdocs\Joomla_site\bluejays\administrator\language\en-GB\en-GB.com_categories.ini <-- ie /public_html/bluejays/administrator/language/en-GB en-GB.com_categories.ini
2013.03.10 22:43 B C:\Server\htdocs\Joomla_site\bluejays\administrator\language\en-GB\en-GB.com_checkin.ini <-- ie /public_html/bluejays/administrator/language/en-GB en-GB.com_checkin.ini
2013.03.10 22:43 B C:\Server\htdocs\Joomla_site\bluejays\administrator\language\en-GB\en-GB.com_config.ini <-- ie /public_html/bluejays/administrator/language/en-GB en-GB.com_config.ini
2013.03.10 22:43 B C:\Server\htdocs\Joomla_site\bluejays\administrator\language\en-GB\en-GB.com_contact.ini <-- ie /public_html/bluejays/administrator/language/en-GB en-GB.com_contact.ini
2013.03.10 22:43 B C:\Server\htdocs\Joomla_site\bluejays\administrator\language\en-GB\en-GB.com_contact.menu.ini <-- ie /public_html/bluejays/administrator/language/en-GB en-GB.com_contact.menu.ini
2013.03.10 22:43 B C:\Server\htdocs\Joomla_site\bluejays\administrator\language\en-GB\en-GB.com_content.ini <-- ie /public_html/bluejays/administrator/language/en-GB en-GB.com_content.ini
2013.03.10 22:43 B C:\Server\htdocs\Joomla_site\bluejays\administrator\language\en-GB\en-GB.com_cpanel.ini <-- ie /public_html/bluejays/administrator/language/en-GB en-GB.com_cpanel.ini
2013.03.10 22:43 B C:\Server\htdocs\Joomla_site\bluejays\administrator\language\en-GB\en-GB.com_frontpage.ini <-- ie /public_html/bluejays/administrator/language/en-GB en-GB.com_frontpage.ini
2013.03.10 22:43 B C:\Server\htdocs\Joomla_site\bluejays\administrator\language\en-GB\en-GB.com_installer.ini <-- ie /public_html/bluejays/administrator/language/en-GB en-GB.com_installer.ini
2013.03.10 22:43 B C:\Server\htdocs\Joomla_site\bluejays\administrator\language\en-GB\en-GB.com_languages.ini <-- ie /public_html/bluejays/administrator/language/en-GB en-GB.com_languages.ini
2013.03.10 22:43 B C:\Server\htdocs\Joomla_site\bluejays\administrator\language\en-GB\en-GB.com_login.ini <-- ie /public_html/bluejays/administrator/language/en-GB en-GB.com_login.ini
2013.03.10 22:43 B C:\Server\htdocs\Joomla_site\bluejays\administrator\language\en-GB\en-GB.com_massmail.ini <-- ie /public_html/bluejays/administrator/language/en-GB en-GB.com_massmail.ini
2013.03.10 22:43 B C:\Server\htdocs\Joomla_site\bluejays\administrator\language\en-GB\en-GB.com_media.ini <-- ie /public_html/bluejays/administrator/language/en-GB en-GB.com_media.ini
2013.03.10 22:43 B C:\Server\htdocs\Joomla_site\bluejays\administrator\language\en-GB\en-GB.com_menus.ini <-- ie /public_html/bluejays/administrator/language/en-GB en-GB.com_menus.ini
2013.03.10 22:43 B C:\Server\htdocs\Joomla_site\bluejays\administrator\language\en-GB\en-GB.com_menus.menu.ini <-- ie /public_html/bluejays/administrator/language/en-GB en-GB.com_menus.menu.ini
2013.03.10 22:43 B C:\Server\htdocs\Joomla_site\bluejays\administrator\language\en-GB\en-GB.com_messages.ini <-- ie /public_html/bluejays/administrator/language/en-GB en-GB.com_messages.ini
2013.03.10 22:43 B C:\Server\htdocs\Joomla_site\bluejays\administrator\language\en-GB\en-GB.com_modules.ini <-- ie /public_html/bluejays/administrator/language/en-GB en-GB.com_modules.ini
2013.03.10 22:43 B C:\Server\htdocs\Joomla_site\bluejays\administrator\language\en-GB\en-GB.com_newsfeeds.ini <-- ie /public_html/bluejays/administrator/language/en-GB en-GB.com_newsfeeds.ini
2013.03.10 22:43 B C:\Server\htdocs\Joomla_site\bluejays\administrator\language\en-GB\en-GB.com_newsfeeds.menu.ini <-- ie /public_html/bluejays/administrator/language/en-GB en-GB.com_newsfeeds.menu.ini
2013.03.10 22:43 B C:\Server\htdocs\Joomla_site\bluejays\administrator\language\en-GB\en-GB.com_plugins.ini <-- ie /public_html/bluejays/administrator/language/en-GB en-GB.com_plugins.ini
2013.03.10 22:43 B C:\Server\htdocs\Joomla_site\bluejays\administrator\language\en-GB\en-GB.com_poll.ini <-- ie /public_html/bluejays/administrator/language/en-GB en-GB.com_poll.ini
2013.03.10 22:43 B C:\Server\htdocs\Joomla_site\bluejays\administrator\language\en-GB\en-GB.com_poll.menu.ini <-- ie /public_html/bluejays/administrator/language/en-GB en-GB.com_poll.menu.ini
2013.03.10 22:43 B C:\Server\htdocs\Joomla_site\bluejays\administrator\language\en-GB\en-GB.com_search.ini <-- ie /public_html/bluejays/administrator/language/en-GB en-GB.com_search.ini
2013.03.10 22:43 B C:\Server\htdocs\Joomla_site\bluejays\administrator\language\en-GB\en-GB.com_search.menu.ini <-- ie /public_html/bluejays/administrator/language/en-GB en-GB.com_search.menu.ini
2013.03.10 22:43 B C:\Server\htdocs\Joomla_site\bluejays\administrator\language\en-GB\en-GB.com_sections.ini <-- ie /public_html/bluejays/administrator/language/en-GB en-GB.com_sections.ini
2013.03.10 22:43 B C:\Server\htdocs\Joomla_site\bluejays\administrator\language\en-GB\en-GB.com_statistics.ini <-- ie /public_html/bluejays/administrator/language/en-GB en-GB.com_statistics.ini
2013.03.10 22:43 B C:\Server\htdocs\Joomla_site\bluejays\administrator\language\en-GB\en-GB.com_templates.ini <-- ie /public_html/bluejays/administrator/language/en-GB en-GB.com_templates.ini
2013.03.10 22:43 B C:\Server\htdocs\Joomla_site\bluejays\administrator\language\en-GB\en-GB.com_trash.ini <-- ie /public_html/bluejays/administrator/language/en-GB en-GB.com_trash.ini
2013.03.10 22:43 B C:\Server\htdocs\Joomla_site\bluejays\administrator\language\en-GB\en-GB.com_user.ini <-- ie /public_html/bluejays/administrator/language/en-GB en-GB.com_user.ini
2013.03.10 22:43 B C:\Server\htdocs\Joomla_site\bluejays\administrator\language\en-GB\en-GB.com_users.ini <-- ie /public_html/bluejays/administrator/language/en-GB en-GB.com_users.ini
2013.03.10 22:43 B C:\Server\htdocs\Joomla_site\bluejays\administrator\language\en-GB\en-GB.com_weblinks.ini <-- ie /public_html/bluejays/administrator/language/en-GB en-GB.com_weblinks.ini
2013.03.10 22:43 B C:\Server\htdocs\Joomla_site\bluejays\administrator\language\en-GB\en-GB.com_weblinks.menu.ini <-- ie /public_html/bluejays/administrator/language/en-GB en-GB.com_weblinks.menu.ini
2013.03.10 22:43 B C:\Server\htdocs\Joomla_site\bluejays\administrator\language\en-GB\en-GB.com_wrapper.ini <-- ie /public_html/bluejays/administrator/language/en-GB en-GB.com_wrapper.ini
2013.03.10 22:43 B C:\Server\htdocs\Joomla_site\bluejays\administrator\language\en-GB\en-GB.ini <-- ie /public_html/bluejays/administrator/language/en-GB en-GB.ini
2013.03.10 22:43 B C:\Server\htdocs\Joomla_site\bluejays\administrator\language\en-GB\en-GB.mod_components.ini <-- ie /public_html/bluejays/administrator/language/en-GB en-GB.mod_components.ini
2013.03.10 22:43 B C:\Server\htdocs\Joomla_site\bluejays\administrator\language\en-GB\en-GB.mod_custom.ini <-- ie /public_html/bluejays/administrator/language/en-GB en-GB.mod_custom.ini
2013.03.10 22:43 B C:\Server\htdocs\Joomla_site\bluejays\administrator\language\en-GB\en-GB.mod_footer.ini <-- ie /public_html/bluejays/administrator/language/en-GB en-GB.mod_footer.ini
2013.03.10 22:43 B C:\Server\htdocs\Joomla_site\bluejays\administrator\language\en-GB\en-GB.mod_latest.ini <-- ie /public_html/bluejays/administrator/language/en-GB en-GB.mod_latest.ini
2013.03.10 22:43 B C:\Server\htdocs\Joomla_site\bluejays\administrator\language\en-GB\en-GB.mod_logged.ini <-- ie /public_html/bluejays/administrator/language/en-GB en-GB.mod_logged.ini
2013.03.10 22:43 B C:\Server\htdocs\Joomla_site\bluejays\administrator\language\en-GB\en-GB.mod_login.ini <-- ie /public_html/bluejays/administrator/language/en-GB en-GB.mod_login.ini
2013.03.10 22:43 B C:\Server\htdocs\Joomla_site\bluejays\administrator\language\en-GB\en-GB.mod_menu.ini <-- ie /public_html/bluejays/administrator/language/en-GB en-GB.mod_menu.ini
2013.03.10 22:43 B C:\Server\htdocs\Joomla_site\bluejays\administrator\language\en-GB\en-GB.mod_online.ini <-- ie /public_html/bluejays/administrator/language/en-GB en-GB.mod_online.ini
2013.03.10 22:43 B C:\Server\htdocs\Joomla_site\bluejays\administrator\language\en-GB\en-GB.mod_popular.ini <-- ie /public_html/bluejays/administrator/language/en-GB en-GB.mod_popular.ini
2013.03.10 22:43 B C:\Server\htdocs\Joomla_site\bluejays\administrator\language\en-GB\en-GB.mod_quickicon.ini <-- ie /public_html/bluejays/administrator/language/en-GB en-GB.mod_quickicon.ini
2013.03.10 22:43 B C:\Server\htdocs\Joomla_site\bluejays\administrator\language\en-GB\en-GB.mod_stats.ini <-- ie /public_html/bluejays/administrator/language/en-GB en-GB.mod_stats.ini
2013.03.10 22:43 B C:\Server\htdocs\Joomla_site\bluejays\administrator\language\en-GB\en-GB.mod_status.ini <-- ie /public_html/bluejays/administrator/language/en-GB en-GB.mod_status.ini
2013.03.10 22:43 B C:\Server\htdocs\Joomla_site\bluejays\administrator\language\en-GB\en-GB.mod_submenu.ini <-- ie /public_html/bluejays/administrator/language/en-GB en-GB.mod_submenu.ini
2013.03.10 22:43 B C:\Server\htdocs\Joomla_site\bluejays\administrator\language\en-GB\en-GB.mod_title.ini <-- ie /public_html/bluejays/administrator/language/en-GB en-GB.mod_title.ini
2013.03.10 22:43 B C:\Server\htdocs\Joomla_site\bluejays\administrator\language\en-GB\en-GB.mod_toolbar.ini <-- ie /public_html/bluejays/administrator/language/en-GB en-GB.mod_toolbar.ini
2013.03.10 22:43 B C:\Server\htdocs\Joomla_site\bluejays\administrator\language\en-GB\en-GB.mod_unread.ini <-- ie /public_html/bluejays/administrator/language/en-GB en-GB.mod_unread.ini
2013.03.10 22:43 B C:\Server\htdocs\Joomla_site\bluejays\administrator\language\en-GB\en-GB.plg_authentication_example.ini <-- ie /public_html/bluejays/administrator/language/en-GB en-GB.plg_authentication_example.ini
2013.03.10 22:43 B C:\Server\htdocs\Joomla_site\bluejays\administrator\language\en-GB\en-GB.plg_authentication_gmail.ini <-- ie /public_html/bluejays/administrator/language/en-GB en-GB.plg_authentication_gmail.ini
2013.03.10 22:43 B C:\Server\htdocs\Joomla_site\bluejays\administrator\language\en-GB\en-GB.plg_authentication_joomla.ini <-- ie /public_html/bluejays/administrator/language/en-GB en-GB.plg_authentication_joomla.ini
2013.03.10 22:43 B C:\Server\htdocs\Joomla_site\bluejays\administrator\language\en-GB\en-GB.plg_authentication_ldap.ini <-- ie /public_html/bluejays/administrator/language/en-GB en-GB.plg_authentication_ldap.ini
2013.03.10 22:43 B C:\Server\htdocs\Joomla_site\bluejays\administrator\language\en-GB\en-GB.plg_authentication_openid.ini <-- ie /public_html/bluejays/administrator/language/en-GB en-GB.plg_authentication_openid.ini
2013.03.10 22:43 B C:\Server\htdocs\Joomla_site\bluejays\administrator\language\en-GB\en-GB.plg_content_code.ini <-- ie /public_html/bluejays/administrator/language/en-GB en-GB.plg_content_code.ini
2013.03.10 22:43 B C:\Server\htdocs\Joomla_site\bluejays\administrator\language\en-GB\en-GB.plg_content_emailcloak.ini <-- ie /public_html/bluejays/administrator/language/en-GB en-GB.plg_content_emailcloak.ini
2013.03.10 22:43 B C:\Server\htdocs\Joomla_site\bluejays\administrator\language\en-GB\en-GB.plg_content_geshi.ini <-- ie /public_html/bluejays/administrator/language/en-GB en-GB.plg_content_geshi.ini
2013.03.10 22:43 B C:\Server\htdocs\Joomla_site\bluejays\administrator\language\en-GB\en-GB.plg_content_image.ini <-- ie /public_html/bluejays/administrator/language/en-GB en-GB.plg_content_image.ini
2013.03.10 22:43 B C:\Server\htdocs\Joomla_site\bluejays\administrator\language\en-GB\en-GB.plg_content_loadmodule.ini <-- ie /public_html/bluejays/administrator/language/en-GB en-GB.plg_content_loadmodule.ini
2013.03.10 22:43 B C:\Server\htdocs\Joomla_site\bluejays\administrator\language\en-GB\en-GB.plg_content_pagebreak.ini <-- ie /public_html/bluejays/administrator/language/en-GB en-GB.plg_content_pagebreak.ini
2013.03.10 22:43 B C:\Server\htdocs\Joomla_site\bluejays\administrator\language\en-GB\en-GB.plg_content_pagenavigation.ini <-- ie /public_html/bluejays/administrator/language/en-GB en-GB.plg_content_pagenavigation.ini
2013.03.10 22:43 B C:\Server\htdocs\Joomla_site\bluejays\administrator\language\en-GB\en-GB.plg_content_vote.ini <-- ie /public_html/bluejays/administrator/language/en-GB en-GB.plg_content_vote.ini
2013.03.10 22:44 B C:\Server\htdocs\Joomla_site\bluejays\administrator\language\en-GB\en-GB.plg_editors-xtd_image.ini <-- ie /public_html/bluejays/administrator/language/en-GB en-GB.plg_editors-xtd_image.ini
2013.03.10 22:44 B C:\Server\htdocs\Joomla_site\bluejays\administrator\language\en-GB\en-GB.plg_editors-xtd_pagebreak.ini <-- ie /public_html/bluejays/administrator/language/en-GB en-GB.plg_editors-xtd_pagebreak.ini
2013.03.10 22:44 B C:\Server\htdocs\Joomla_site\bluejays\administrator\language\en-GB\en-GB.plg_editors-xtd_readmore.ini <-- ie /public_html/bluejays/administrator/language/en-GB en-GB.plg_editors-xtd_readmore.ini
2013.03.10 22:44 B C:\Server\htdocs\Joomla_site\bluejays\administrator\language\en-GB\en-GB.plg_editors_none.ini <-- ie /public_html/bluejays/administrator/language/en-GB en-GB.plg_editors_none.ini
2013.03.10 22:44 B C:\Server\htdocs\Joomla_site\bluejays\administrator\language\en-GB\en-GB.plg_editors_tinymce.ini <-- ie /public_html/bluejays/administrator/language/en-GB en-GB.plg_editors_tinymce.ini
2013.03.10 22:44 B C:\Server\htdocs\Joomla_site\bluejays\administrator\language\en-GB\en-GB.plg_editors_xstandard.ini <-- ie /public_html/bluejays/administrator/language/en-GB en-GB.plg_editors_xstandard.ini
2013.03.10 22:44 B C:\Server\htdocs\Joomla_site\bluejays\administrator\language\en-GB\en-GB.plg_search_categories.ini <-- ie /public_html/bluejays/administrator/language/en-GB en-GB.plg_search_categories.ini
2013.03.10 22:44 B C:\Server\htdocs\Joomla_site\bluejays\administrator\language\en-GB\en-GB.plg_search_contacts.ini <-- ie /public_html/bluejays/administrator/language/en-GB en-GB.plg_search_contacts.ini
2013.03.10 22:44 B C:\Server\htdocs\Joomla_site\bluejays\administrator\language\en-GB\en-GB.plg_search_content.ini <-- ie /public_html/bluejays/administrator/language/en-GB en-GB.plg_search_content.ini
2013.03.10 22:44 B C:\Server\htdocs\Joomla_site\bluejays\administrator\language\en-GB\en-GB.plg_search_newsfeeds.ini <-- ie /public_html/bluejays/administrator/language/en-GB en-GB.plg_search_newsfeeds.ini
2013.03.10 22:44 B C:\Server\htdocs\Joomla_site\bluejays\administrator\language\en-GB\en-GB.plg_search_sections.ini <-- ie /public_html/bluejays/administrator/language/en-GB en-GB.plg_search_sections.ini
2013.03.10 22:44 B C:\Server\htdocs\Joomla_site\bluejays\administrator\language\en-GB\en-GB.plg_search_weblinks.ini <-- ie /public_html/bluejays/administrator/language/en-GB en-GB.plg_search_weblinks.ini
2013.03.10 22:44 B C:\Server\htdocs\Joomla_site\bluejays\administrator\language\en-GB\en-GB.plg_system_backlink.ini <-- ie /public_html/bluejays/administrator/language/en-GB en-GB.plg_system_backlink.ini
2013.03.10 22:44 B C:\Server\htdocs\Joomla_site\bluejays\administrator\language\en-GB\en-GB.plg_system_cache.ini <-- ie /public_html/bluejays/administrator/language/en-GB en-GB.plg_system_cache.ini
2013.03.10 22:44 B C:\Server\htdocs\Joomla_site\bluejays\administrator\language\en-GB\en-GB.plg_system_debug.ini <-- ie /public_html/bluejays/administrator/language/en-GB en-GB.plg_system_debug.ini
2013.03.10 22:44 B C:\Server\htdocs\Joomla_site\bluejays\administrator\language\en-GB\en-GB.plg_system_legacy.ini <-- ie /public_html/bluejays/administrator/language/en-GB en-GB.plg_system_legacy.ini
2013.03.10 22:44 B C:\Server\htdocs\Joomla_site\bluejays\administrator\language\en-GB\en-GB.plg_system_sef.ini <-- ie /public_html/bluejays/administrator/language/en-GB en-GB.plg_system_sef.ini
2013.03.10 22:44 B C:\Server\htdocs\Joomla_site\bluejays\administrator\language\en-GB\en-GB.plg_user_joomla.ini <-- ie /public_html/bluejays/administrator/language/en-GB en-GB.plg_user_joomla.ini
2013.03.10 22:44 B C:\Server\htdocs\Joomla_site\bluejays\administrator\language\en-GB\en-GB.plg_xmlrpc_blogger.ini <-- ie /public_html/bluejays/administrator/language/en-GB en-GB.plg_xmlrpc_blogger.ini
2013.03.10 22:44 B C:\Server\htdocs\Joomla_site\bluejays\administrator\language\en-GB\en-GB.plg_xmlrpc_joomla.ini <-- ie /public_html/bluejays/administrator/language/en-GB en-GB.plg_xmlrpc_joomla.ini
2013.03.10 22:44 B C:\Server\htdocs\Joomla_site\bluejays\administrator\language\en-GB\en-GB.tpl_beez.ini <-- ie /public_html/bluejays/administrator/language/en-GB en-GB.tpl_beez.ini
2013.03.10 22:44 B C:\Server\htdocs\Joomla_site\bluejays\administrator\language\en-GB\en-GB.tpl_khepri.ini <-- ie /public_html/bluejays/administrator/language/en-GB en-GB.tpl_khepri.ini
2013.03.10 22:44 B C:\Server\htdocs\Joomla_site\bluejays\administrator\language\en-GB\en-GB.tpl_rhuk_milkyway.ini <-- ie /public_html/bluejays/administrator/language/en-GB en-GB.tpl_rhuk_milkyway.ini
2013.03.10 22:44 B C:\Server\htdocs\Joomla_site\bluejays\administrator\language\en-GB\en-GB.xml <-- ie /public_html/bluejays/administrator/language/en-GB en-GB.xml
2013.03.10 22:44 B C:\Server\htdocs\Joomla_site\bluejays\administrator\language\en-GB\index.html <-- ie /public_html/bluejays/administrator/language/en-GB index.html
