2013.03.10 23:20 B C:\Server\htdocs\Joomla_site\bluejays\includes\js\dtree\img\archive.gif <-- ie /public_html/bluejays/includes/js/dtree/img archive.gif
2013.03.10 23:20 B C:\Server\htdocs\Joomla_site\bluejays\includes\js\dtree\img\base.gif <-- ie /public_html/bluejays/includes/js/dtree/img base.gif
2013.03.10 23:20 B C:\Server\htdocs\Joomla_site\bluejays\includes\js\dtree\img\cd.gif <-- ie /public_html/bluejays/includes/js/dtree/img cd.gif
2013.03.10 23:20 B C:\Server\htdocs\Joomla_site\bluejays\includes\js\dtree\img\empty.gif <-- ie /public_html/bluejays/includes/js/dtree/img empty.gif
2013.03.10 23:20 B C:\Server\htdocs\Joomla_site\bluejays\includes\js\dtree\img\folder.gif <-- ie /public_html/bluejays/includes/js/dtree/img folder.gif
2013.03.10 23:20 B C:\Server\htdocs\Joomla_site\bluejays\includes\js\dtree\img\folderopen.gif <-- ie /public_html/bluejays/includes/js/dtree/img folderopen.gif
2013.03.10 23:20 B C:\Server\htdocs\Joomla_site\bluejays\includes\js\dtree\img\frontpage.gif <-- ie /public_html/bluejays/includes/js/dtree/img frontpage.gif
2013.03.10 23:20 B C:\Server\htdocs\Joomla_site\bluejays\includes\js\dtree\img\globe.gif <-- ie /public_html/bluejays/includes/js/dtree/img globe.gif
2013.03.10 23:20 B C:\Server\htdocs\Joomla_site\bluejays\includes\js\dtree\img\imgfolder.gif <-- ie /public_html/bluejays/includes/js/dtree/img imgfolder.gif
2013.03.10 23:20 B C:\Server\htdocs\Joomla_site\bluejays\includes\js\dtree\img\index.html <-- ie /public_html/bluejays/includes/js/dtree/img index.html
2013.03.10 23:20 B C:\Server\htdocs\Joomla_site\bluejays\includes\js\dtree\img\join.gif <-- ie /public_html/bluejays/includes/js/dtree/img join.gif
2013.03.10 23:20 B C:\Server\htdocs\Joomla_site\bluejays\includes\js\dtree\img\joinbottom.gif <-- ie /public_html/bluejays/includes/js/dtree/img joinbottom.gif
2013.03.10 23:20 B C:\Server\htdocs\Joomla_site\bluejays\includes\js\dtree\img\line.gif <-- ie /public_html/bluejays/includes/js/dtree/img line.gif
2013.03.10 23:20 B C:\Server\htdocs\Joomla_site\bluejays\includes\js\dtree\img\minus.gif <-- ie /public_html/bluejays/includes/js/dtree/img minus.gif
2013.03.10 23:20 B C:\Server\htdocs\Joomla_site\bluejays\includes\js\dtree\img\minusbottom.gif <-- ie /public_html/bluejays/includes/js/dtree/img minusbottom.gif
2013.03.10 23:20 B C:\Server\htdocs\Joomla_site\bluejays\includes\js\dtree\img\musicfolder.gif <-- ie /public_html/bluejays/includes/js/dtree/img musicfolder.gif
2013.03.10 23:20 B C:\Server\htdocs\Joomla_site\bluejays\includes\js\dtree\img\nolines_minus.gif <-- ie /public_html/bluejays/includes/js/dtree/img nolines_minus.gif
2013.03.10 23:20 B C:\Server\htdocs\Joomla_site\bluejays\includes\js\dtree\img\nolines_plus.gif <-- ie /public_html/bluejays/includes/js/dtree/img nolines_plus.gif
2013.03.10 23:20 B C:\Server\htdocs\Joomla_site\bluejays\includes\js\dtree\img\page.gif <-- ie /public_html/bluejays/includes/js/dtree/img page.gif
2013.03.10 23:20 B C:\Server\htdocs\Joomla_site\bluejays\includes\js\dtree\img\plus.gif <-- ie /public_html/bluejays/includes/js/dtree/img plus.gif
2013.03.10 23:20 B C:\Server\htdocs\Joomla_site\bluejays\includes\js\dtree\img\plusbottom.gif <-- ie /public_html/bluejays/includes/js/dtree/img plusbottom.gif
2013.03.10 23:20 B C:\Server\htdocs\Joomla_site\bluejays\includes\js\dtree\img\question.gif <-- ie /public_html/bluejays/includes/js/dtree/img question.gif
2013.03.10 23:20 B C:\Server\htdocs\Joomla_site\bluejays\includes\js\dtree\img\square.gif <-- ie /public_html/bluejays/includes/js/dtree/img square.gif
2013.03.10 23:20 B C:\Server\htdocs\Joomla_site\bluejays\includes\js\dtree\img\trash.gif <-- ie /public_html/bluejays/includes/js/dtree/img trash.gif
