2013.03.10 23:21 B C:\Server\htdocs\Joomla_site\bluejays\includes\js\dtree\rtl_img\archive.gif <-- ie /public_html/bluejays/includes/js/dtree/rtl_img archive.gif
2013.03.10 23:21 B C:\Server\htdocs\Joomla_site\bluejays\includes\js\dtree\rtl_img\base.gif <-- ie /public_html/bluejays/includes/js/dtree/rtl_img base.gif
2013.03.10 23:21 B C:\Server\htdocs\Joomla_site\bluejays\includes\js\dtree\rtl_img\cd.gif <-- ie /public_html/bluejays/includes/js/dtree/rtl_img cd.gif
2013.03.10 23:21 B C:\Server\htdocs\Joomla_site\bluejays\includes\js\dtree\rtl_img\empty.gif <-- ie /public_html/bluejays/includes/js/dtree/rtl_img empty.gif
2013.03.10 23:21 B C:\Server\htdocs\Joomla_site\bluejays\includes\js\dtree\rtl_img\folder.gif <-- ie /public_html/bluejays/includes/js/dtree/rtl_img folder.gif
2013.03.10 23:21 B C:\Server\htdocs\Joomla_site\bluejays\includes\js\dtree\rtl_img\folderopen.gif <-- ie /public_html/bluejays/includes/js/dtree/rtl_img folderopen.gif
2013.03.10 23:21 B C:\Server\htdocs\Joomla_site\bluejays\includes\js\dtree\rtl_img\frontpage.gif <-- ie /public_html/bluejays/includes/js/dtree/rtl_img frontpage.gif
2013.03.10 23:21 B C:\Server\htdocs\Joomla_site\bluejays\includes\js\dtree\rtl_img\globe.gif <-- ie /public_html/bluejays/includes/js/dtree/rtl_img globe.gif
2013.03.10 23:21 B C:\Server\htdocs\Joomla_site\bluejays\includes\js\dtree\rtl_img\imgfolder.gif <-- ie /public_html/bluejays/includes/js/dtree/rtl_img imgfolder.gif
2013.03.10 23:21 B C:\Server\htdocs\Joomla_site\bluejays\includes\js\dtree\rtl_img\index.html <-- ie /public_html/bluejays/includes/js/dtree/rtl_img index.html
2013.03.10 23:21 B C:\Server\htdocs\Joomla_site\bluejays\includes\js\dtree\rtl_img\join.gif <-- ie /public_html/bluejays/includes/js/dtree/rtl_img join.gif
2013.03.10 23:21 B C:\Server\htdocs\Joomla_site\bluejays\includes\js\dtree\rtl_img\joinbottom.gif <-- ie /public_html/bluejays/includes/js/dtree/rtl_img joinbottom.gif
2013.03.10 23:21 B C:\Server\htdocs\Joomla_site\bluejays\includes\js\dtree\rtl_img\line.gif <-- ie /public_html/bluejays/includes/js/dtree/rtl_img line.gif
2013.03.10 23:21 B C:\Server\htdocs\Joomla_site\bluejays\includes\js\dtree\rtl_img\minus.gif <-- ie /public_html/bluejays/includes/js/dtree/rtl_img minus.gif
2013.03.10 23:21 B C:\Server\htdocs\Joomla_site\bluejays\includes\js\dtree\rtl_img\minusbottom.gif <-- ie /public_html/bluejays/includes/js/dtree/rtl_img minusbottom.gif
2013.03.10 23:21 B C:\Server\htdocs\Joomla_site\bluejays\includes\js\dtree\rtl_img\musicfolder.gif <-- ie /public_html/bluejays/includes/js/dtree/rtl_img musicfolder.gif
2013.03.10 23:21 B C:\Server\htdocs\Joomla_site\bluejays\includes\js\dtree\rtl_img\nolines_minus.gif <-- ie /public_html/bluejays/includes/js/dtree/rtl_img nolines_minus.gif
2013.03.10 23:21 B C:\Server\htdocs\Joomla_site\bluejays\includes\js\dtree\rtl_img\nolines_plus.gif <-- ie /public_html/bluejays/includes/js/dtree/rtl_img nolines_plus.gif
2013.03.10 23:21 B C:\Server\htdocs\Joomla_site\bluejays\includes\js\dtree\rtl_img\page.gif <-- ie /public_html/bluejays/includes/js/dtree/rtl_img page.gif
2013.03.10 23:21 B C:\Server\htdocs\Joomla_site\bluejays\includes\js\dtree\rtl_img\plus.gif <-- ie /public_html/bluejays/includes/js/dtree/rtl_img plus.gif
2013.03.10 23:21 B C:\Server\htdocs\Joomla_site\bluejays\includes\js\dtree\rtl_img\plusbottom.gif <-- ie /public_html/bluejays/includes/js/dtree/rtl_img plusbottom.gif
2013.03.10 23:21 B C:\Server\htdocs\Joomla_site\bluejays\includes\js\dtree\rtl_img\question.gif <-- ie /public_html/bluejays/includes/js/dtree/rtl_img question.gif
2013.03.10 23:21 B C:\Server\htdocs\Joomla_site\bluejays\includes\js\dtree\rtl_img\square.gif <-- ie /public_html/bluejays/includes/js/dtree/rtl_img square.gif
2013.03.10 23:21 B C:\Server\htdocs\Joomla_site\bluejays\includes\js\dtree\rtl_img\trash.gif <-- ie /public_html/bluejays/includes/js/dtree/rtl_img trash.gif
