2011.09.02 13:11 B D:\Server\Apache2.2\htdocs\jqueryui\development-bundle\ui\jquery.ui.widget.js --> ftp.iemilie.com /public_html/projs/jqueryui/development-bundle/ui jquery.ui.widget.js
2011.09.02 13:11 B D:\Server\Apache2.2\htdocs\jqueryui\development-bundle\ui\jquery.ui.tabs.js --> ftp.iemilie.com /public_html/projs/jqueryui/development-bundle/ui jquery.ui.tabs.js
2011.09.02 13:11 B D:\Server\Apache2.2\htdocs\jqueryui\development-bundle\ui\jquery.ui.sortable.js --> ftp.iemilie.com /public_html/projs/jqueryui/development-bundle/ui jquery.ui.sortable.js
2011.09.02 13:11 B D:\Server\Apache2.2\htdocs\jqueryui\development-bundle\ui\jquery.ui.slider.js --> ftp.iemilie.com /public_html/projs/jqueryui/development-bundle/ui jquery.ui.slider.js
2011.09.02 13:11 B D:\Server\Apache2.2\htdocs\jqueryui\development-bundle\ui\jquery.ui.selectable.js --> ftp.iemilie.com /public_html/projs/jqueryui/development-bundle/ui jquery.ui.selectable.js
2011.09.02 13:11 B D:\Server\Apache2.2\htdocs\jqueryui\development-bundle\ui\jquery.ui.resizable.js --> ftp.iemilie.com /public_html/projs/jqueryui/development-bundle/ui jquery.ui.resizable.js
2011.09.02 13:11 B D:\Server\Apache2.2\htdocs\jqueryui\development-bundle\ui\jquery.ui.progressbar.js --> ftp.iemilie.com /public_html/projs/jqueryui/development-bundle/ui jquery.ui.progressbar.js
2011.09.02 13:12 B D:\Server\Apache2.2\htdocs\jqueryui\development-bundle\ui\jquery.ui.position.js --> ftp.iemilie.com /public_html/projs/jqueryui/development-bundle/ui jquery.ui.position.js
2011.09.02 13:12 B D:\Server\Apache2.2\htdocs\jqueryui\development-bundle\ui\jquery.ui.mouse.js --> ftp.iemilie.com /public_html/projs/jqueryui/development-bundle/ui jquery.ui.mouse.js
2011.09.02 13:12 B D:\Server\Apache2.2\htdocs\jqueryui\development-bundle\ui\jquery.ui.droppable.js --> ftp.iemilie.com /public_html/projs/jqueryui/development-bundle/ui jquery.ui.droppable.js
2011.09.02 13:12 B D:\Server\Apache2.2\htdocs\jqueryui\development-bundle\ui\jquery.ui.draggable.js --> ftp.iemilie.com /public_html/projs/jqueryui/development-bundle/ui jquery.ui.draggable.js
2011.09.02 13:12 B D:\Server\Apache2.2\htdocs\jqueryui\development-bundle\ui\jquery.ui.dialog.js --> ftp.iemilie.com /public_html/projs/jqueryui/development-bundle/ui jquery.ui.dialog.js
2011.09.02 13:12 B D:\Server\Apache2.2\htdocs\jqueryui\development-bundle\ui\jquery.ui.datepicker.js --> ftp.iemilie.com /public_html/projs/jqueryui/development-bundle/ui jquery.ui.datepicker.js
2011.09.02 13:12 B D:\Server\Apache2.2\htdocs\jqueryui\development-bundle\ui\jquery.ui.core.js --> ftp.iemilie.com /public_html/projs/jqueryui/development-bundle/ui jquery.ui.core.js
2011.09.02 13:12 B D:\Server\Apache2.2\htdocs\jqueryui\development-bundle\ui\jquery.ui.button.js --> ftp.iemilie.com /public_html/projs/jqueryui/development-bundle/ui jquery.ui.button.js
2011.09.02 13:12 B D:\Server\Apache2.2\htdocs\jqueryui\development-bundle\ui\jquery.ui.autocomplete.js --> ftp.iemilie.com /public_html/projs/jqueryui/development-bundle/ui jquery.ui.autocomplete.js
2011.09.02 13:12 B D:\Server\Apache2.2\htdocs\jqueryui\development-bundle\ui\jquery.ui.accordion.js --> ftp.iemilie.com /public_html/projs/jqueryui/development-bundle/ui jquery.ui.accordion.js
2011.09.02 13:12 B D:\Server\Apache2.2\htdocs\jqueryui\development-bundle\ui\jquery.effects.transfer.js --> ftp.iemilie.com /public_html/projs/jqueryui/development-bundle/ui jquery.effects.transfer.js
2011.09.02 13:12 B D:\Server\Apache2.2\htdocs\jqueryui\development-bundle\ui\jquery.effects.slide.js --> ftp.iemilie.com /public_html/projs/jqueryui/development-bundle/ui jquery.effects.slide.js
2011.09.02 13:12 B D:\Server\Apache2.2\htdocs\jqueryui\development-bundle\ui\jquery.effects.shake.js --> ftp.iemilie.com /public_html/projs/jqueryui/development-bundle/ui jquery.effects.shake.js
2011.09.02 13:12 B D:\Server\Apache2.2\htdocs\jqueryui\development-bundle\ui\jquery.effects.scale.js --> ftp.iemilie.com /public_html/projs/jqueryui/development-bundle/ui jquery.effects.scale.js
2011.09.02 13:12 B D:\Server\Apache2.2\htdocs\jqueryui\development-bundle\ui\jquery.effects.pulsate.js --> ftp.iemilie.com /public_html/projs/jqueryui/development-bundle/ui jquery.effects.pulsate.js
2011.09.02 13:12 B D:\Server\Apache2.2\htdocs\jqueryui\development-bundle\ui\jquery.effects.highlight.js --> ftp.iemilie.com /public_html/projs/jqueryui/development-bundle/ui jquery.effects.highlight.js
2011.09.02 13:12 B D:\Server\Apache2.2\htdocs\jqueryui\development-bundle\ui\jquery.effects.fold.js --> ftp.iemilie.com /public_html/projs/jqueryui/development-bundle/ui jquery.effects.fold.js
2011.09.02 13:12 B D:\Server\Apache2.2\htdocs\jqueryui\development-bundle\ui\jquery.effects.fade.js --> ftp.iemilie.com /public_html/projs/jqueryui/development-bundle/ui jquery.effects.fade.js
2011.09.02 13:12 B D:\Server\Apache2.2\htdocs\jqueryui\development-bundle\ui\jquery.effects.explode.js --> ftp.iemilie.com /public_html/projs/jqueryui/development-bundle/ui jquery.effects.explode.js
2011.09.02 13:12 B D:\Server\Apache2.2\htdocs\jqueryui\development-bundle\ui\jquery.effects.drop.js --> ftp.iemilie.com /public_html/projs/jqueryui/development-bundle/ui jquery.effects.drop.js
2011.09.02 13:12 B D:\Server\Apache2.2\htdocs\jqueryui\development-bundle\ui\jquery.effects.core.js --> ftp.iemilie.com /public_html/projs/jqueryui/development-bundle/ui jquery.effects.core.js
2011.09.02 13:12 B D:\Server\Apache2.2\htdocs\jqueryui\development-bundle\ui\jquery.effects.clip.js --> ftp.iemilie.com /public_html/projs/jqueryui/development-bundle/ui jquery.effects.clip.js
2011.09.02 13:12 B D:\Server\Apache2.2\htdocs\jqueryui\development-bundle\ui\jquery.effects.bounce.js --> ftp.iemilie.com /public_html/projs/jqueryui/development-bundle/ui jquery.effects.bounce.js
2011.09.02 13:12 B D:\Server\Apache2.2\htdocs\jqueryui\development-bundle\ui\jquery.effects.blind.js --> ftp.iemilie.com /public_html/projs/jqueryui/development-bundle/ui jquery.effects.blind.js
2011.09.02 13:12 B D:\Server\Apache2.2\htdocs\jqueryui\development-bundle\ui\jquery-ui-1.8.6.custom.js --> ftp.iemilie.com /public_html/projs/jqueryui/development-bundle/ui jquery-ui-1.8.6.custom.js
2012.03.13 10:58 B Z:\Server\Apache2.2\htdocs\site\includes\jQuery\ui\jquery-ui-1.8.6.custom.js --> neaa.us /public_html/bostonmedflight.org/site/includes/jQuery/ui jquery-ui-1.8.6.custom.js
2012.03.13 10:58 B Z:\Server\Apache2.2\htdocs\site\includes\jQuery\ui\jquery.effects.blind.js --> neaa.us /public_html/bostonmedflight.org/site/includes/jQuery/ui jquery.effects.blind.js
2012.03.13 10:58 B Z:\Server\Apache2.2\htdocs\site\includes\jQuery\ui\jquery.effects.bounce.js --> neaa.us /public_html/bostonmedflight.org/site/includes/jQuery/ui jquery.effects.bounce.js
2012.03.13 10:58 B Z:\Server\Apache2.2\htdocs\site\includes\jQuery\ui\jquery.effects.clip.js --> neaa.us /public_html/bostonmedflight.org/site/includes/jQuery/ui jquery.effects.clip.js
2012.03.13 10:58 B Z:\Server\Apache2.2\htdocs\site\includes\jQuery\ui\jquery.effects.core.js --> neaa.us /public_html/bostonmedflight.org/site/includes/jQuery/ui jquery.effects.core.js
2012.03.13 10:58 B Z:\Server\Apache2.2\htdocs\site\includes\jQuery\ui\jquery.effects.drop.js --> neaa.us /public_html/bostonmedflight.org/site/includes/jQuery/ui jquery.effects.drop.js
2012.03.13 10:58 B Z:\Server\Apache2.2\htdocs\site\includes\jQuery\ui\jquery.effects.explode.js --> neaa.us /public_html/bostonmedflight.org/site/includes/jQuery/ui jquery.effects.explode.js
2012.03.13 10:58 B Z:\Server\Apache2.2\htdocs\site\includes\jQuery\ui\jquery.effects.fade.js --> neaa.us /public_html/bostonmedflight.org/site/includes/jQuery/ui jquery.effects.fade.js
2012.03.13 10:58 B Z:\Server\Apache2.2\htdocs\site\includes\jQuery\ui\jquery.effects.fold.js --> neaa.us /public_html/bostonmedflight.org/site/includes/jQuery/ui jquery.effects.fold.js
2012.03.13 10:58 B Z:\Server\Apache2.2\htdocs\site\includes\jQuery\ui\jquery.effects.highlight.js --> neaa.us /public_html/bostonmedflight.org/site/includes/jQuery/ui jquery.effects.highlight.js
2012.03.13 10:58 B Z:\Server\Apache2.2\htdocs\site\includes\jQuery\ui\jquery.effects.pulsate.js --> neaa.us /public_html/bostonmedflight.org/site/includes/jQuery/ui jquery.effects.pulsate.js
2012.03.13 10:58 B Z:\Server\Apache2.2\htdocs\site\includes\jQuery\ui\jquery.effects.scale.js --> neaa.us /public_html/bostonmedflight.org/site/includes/jQuery/ui jquery.effects.scale.js
2012.03.13 10:58 B Z:\Server\Apache2.2\htdocs\site\includes\jQuery\ui\jquery.effects.shake.js --> neaa.us /public_html/bostonmedflight.org/site/includes/jQuery/ui jquery.effects.shake.js
2012.03.13 10:58 B Z:\Server\Apache2.2\htdocs\site\includes\jQuery\ui\jquery.effects.slide.js --> neaa.us /public_html/bostonmedflight.org/site/includes/jQuery/ui jquery.effects.slide.js
2012.03.13 10:58 B Z:\Server\Apache2.2\htdocs\site\includes\jQuery\ui\jquery.effects.transfer.js --> neaa.us /public_html/bostonmedflight.org/site/includes/jQuery/ui jquery.effects.transfer.js
2012.03.13 10:58 B Z:\Server\Apache2.2\htdocs\site\includes\jQuery\ui\jquery.ui.accordion.js --> neaa.us /public_html/bostonmedflight.org/site/includes/jQuery/ui jquery.ui.accordion.js
2012.03.13 10:58 B Z:\Server\Apache2.2\htdocs\site\includes\jQuery\ui\jquery.ui.autocomplete.js --> neaa.us /public_html/bostonmedflight.org/site/includes/jQuery/ui jquery.ui.autocomplete.js
2012.03.13 10:58 B Z:\Server\Apache2.2\htdocs\site\includes\jQuery\ui\jquery.ui.button.js --> neaa.us /public_html/bostonmedflight.org/site/includes/jQuery/ui jquery.ui.button.js
2012.03.13 10:58 B Z:\Server\Apache2.2\htdocs\site\includes\jQuery\ui\jquery.ui.core.js --> neaa.us /public_html/bostonmedflight.org/site/includes/jQuery/ui jquery.ui.core.js
2012.03.13 10:58 B Z:\Server\Apache2.2\htdocs\site\includes\jQuery\ui\jquery.ui.datepicker.js --> neaa.us /public_html/bostonmedflight.org/site/includes/jQuery/ui jquery.ui.datepicker.js
2012.03.13 10:58 B Z:\Server\Apache2.2\htdocs\site\includes\jQuery\ui\jquery.ui.dialog.js --> neaa.us /public_html/bostonmedflight.org/site/includes/jQuery/ui jquery.ui.dialog.js
2012.03.13 10:58 B Z:\Server\Apache2.2\htdocs\site\includes\jQuery\ui\jquery.ui.draggable.js --> neaa.us /public_html/bostonmedflight.org/site/includes/jQuery/ui jquery.ui.draggable.js
2012.03.13 10:58 B Z:\Server\Apache2.2\htdocs\site\includes\jQuery\ui\jquery.ui.droppable.js --> neaa.us /public_html/bostonmedflight.org/site/includes/jQuery/ui jquery.ui.droppable.js
2012.03.13 10:58 B Z:\Server\Apache2.2\htdocs\site\includes\jQuery\ui\jquery.ui.mouse.js --> neaa.us /public_html/bostonmedflight.org/site/includes/jQuery/ui jquery.ui.mouse.js
2012.03.13 10:58 B Z:\Server\Apache2.2\htdocs\site\includes\jQuery\ui\jquery.ui.position.js --> neaa.us /public_html/bostonmedflight.org/site/includes/jQuery/ui jquery.ui.position.js
2012.03.13 10:58 B Z:\Server\Apache2.2\htdocs\site\includes\jQuery\ui\jquery.ui.progressbar.js --> neaa.us /public_html/bostonmedflight.org/site/includes/jQuery/ui jquery.ui.progressbar.js
2012.03.13 10:58 B Z:\Server\Apache2.2\htdocs\site\includes\jQuery\ui\jquery.ui.resizable.js --> neaa.us /public_html/bostonmedflight.org/site/includes/jQuery/ui jquery.ui.resizable.js
2012.03.13 10:58 B Z:\Server\Apache2.2\htdocs\site\includes\jQuery\ui\jquery.ui.selectable.js --> neaa.us /public_html/bostonmedflight.org/site/includes/jQuery/ui jquery.ui.selectable.js
2012.03.13 10:58 B Z:\Server\Apache2.2\htdocs\site\includes\jQuery\ui\jquery.ui.slider.js --> neaa.us /public_html/bostonmedflight.org/site/includes/jQuery/ui jquery.ui.slider.js
2012.03.13 10:58 B Z:\Server\Apache2.2\htdocs\site\includes\jQuery\ui\jquery.ui.sortable.js --> neaa.us /public_html/bostonmedflight.org/site/includes/jQuery/ui jquery.ui.sortable.js
2012.03.13 10:58 B Z:\Server\Apache2.2\htdocs\site\includes\jQuery\ui\jquery.ui.tabs.js --> neaa.us /public_html/bostonmedflight.org/site/includes/jQuery/ui jquery.ui.tabs.js
2012.03.13 10:58 B Z:\Server\Apache2.2\htdocs\site\includes\jQuery\ui\jquery.ui.widget.js --> neaa.us /public_html/bostonmedflight.org/site/includes/jQuery/ui jquery.ui.widget.js
2012.03.13 10:58 B Z:\Server\Apache2.2\htdocs\site\includes\jQuery\ui\WS_FTP.LOG --> neaa.us /public_html/bostonmedflight.org/site/includes/jQuery/ui WS_FTP.LOG
2012.06.01 13:50 B Z:\server\Apache2.2\htdocs\site\includes\jQuery\ui\jquery.ui.core.js <-- neaa /public_html/bostonmedflight.org/site/includes/jQuery/ui jquery.ui.core.js
2012.06.01 13:50 B Z:\server\Apache2.2\htdocs\site\includes\jQuery\ui\jquery.ui.widget.js <-- neaa /public_html/bostonmedflight.org/site/includes/jQuery/ui jquery.ui.widget.js
2012.06.01 13:51 B Z:\server\Apache2.2\htdocs\site\includes\jQuery\ui\jquery.ui.mouse.js <-- neaa /public_html/bostonmedflight.org/site/includes/jQuery/ui jquery.ui.mouse.js
2012.06.01 13:51 B Z:\server\Apache2.2\htdocs\site\includes\jQuery\ui\jquery.ui.draggable.js <-- neaa /public_html/bostonmedflight.org/site/includes/jQuery/ui jquery.ui.draggable.js
2012.06.01 13:51 B Z:\server\Apache2.2\htdocs\site\includes\jQuery\ui\jquery.ui.position.js <-- neaa /public_html/bostonmedflight.org/site/includes/jQuery/ui jquery.ui.position.js
2012.06.01 13:51 B Z:\server\Apache2.2\htdocs\site\includes\jQuery\ui\jquery.ui.resizable.js <-- neaa /public_html/bostonmedflight.org/site/includes/jQuery/ui jquery.ui.resizable.js
2012.06.01 13:52 B Z:\server\Apache2.2\htdocs\site\includes\jQuery\ui\jquery.ui.dialog.js <-- neaa /public_html/bostonmedflight.org/site/includes/jQuery/ui jquery.ui.dialog.js
2012.08.22 10:16 B Z:\Server\Apache2.2\htdocs\site\includes\jQuery\ui\jquery-ui-1.8.6.custom.js --> ftp.iemilie.com /public_html/bluejays/includes/jQuery/ui jquery-ui-1.8.6.custom.js
2012.08.22 10:16 B Z:\Server\Apache2.2\htdocs\site\includes\jQuery\ui\jquery.effects.blind.js --> ftp.iemilie.com /public_html/bluejays/includes/jQuery/ui jquery.effects.blind.js
2012.08.22 10:16 B Z:\Server\Apache2.2\htdocs\site\includes\jQuery\ui\jquery.effects.bounce.js --> ftp.iemilie.com /public_html/bluejays/includes/jQuery/ui jquery.effects.bounce.js
2012.08.22 10:16 B Z:\Server\Apache2.2\htdocs\site\includes\jQuery\ui\jquery.effects.clip.js --> ftp.iemilie.com /public_html/bluejays/includes/jQuery/ui jquery.effects.clip.js
2012.08.22 10:16 B Z:\Server\Apache2.2\htdocs\site\includes\jQuery\ui\jquery.effects.core.js --> ftp.iemilie.com /public_html/bluejays/includes/jQuery/ui jquery.effects.core.js
2012.08.22 10:16 B Z:\Server\Apache2.2\htdocs\site\includes\jQuery\ui\jquery.effects.drop.js --> ftp.iemilie.com /public_html/bluejays/includes/jQuery/ui jquery.effects.drop.js
2012.08.22 10:16 B Z:\Server\Apache2.2\htdocs\site\includes\jQuery\ui\jquery.effects.explode.js --> ftp.iemilie.com /public_html/bluejays/includes/jQuery/ui jquery.effects.explode.js
2012.08.22 10:16 B Z:\Server\Apache2.2\htdocs\site\includes\jQuery\ui\jquery.effects.fade.js --> ftp.iemilie.com /public_html/bluejays/includes/jQuery/ui jquery.effects.fade.js
2012.08.22 10:16 B Z:\Server\Apache2.2\htdocs\site\includes\jQuery\ui\jquery.effects.fold.js --> ftp.iemilie.com /public_html/bluejays/includes/jQuery/ui jquery.effects.fold.js
2012.08.22 10:16 B Z:\Server\Apache2.2\htdocs\site\includes\jQuery\ui\jquery.effects.highlight.js --> ftp.iemilie.com /public_html/bluejays/includes/jQuery/ui jquery.effects.highlight.js
2012.08.22 10:16 B Z:\Server\Apache2.2\htdocs\site\includes\jQuery\ui\jquery.effects.pulsate.js --> ftp.iemilie.com /public_html/bluejays/includes/jQuery/ui jquery.effects.pulsate.js
2012.08.22 10:16 B Z:\Server\Apache2.2\htdocs\site\includes\jQuery\ui\jquery.effects.scale.js --> ftp.iemilie.com /public_html/bluejays/includes/jQuery/ui jquery.effects.scale.js
2012.08.22 10:16 B Z:\Server\Apache2.2\htdocs\site\includes\jQuery\ui\jquery.effects.shake.js --> ftp.iemilie.com /public_html/bluejays/includes/jQuery/ui jquery.effects.shake.js
2012.08.22 10:16 B Z:\Server\Apache2.2\htdocs\site\includes\jQuery\ui\jquery.effects.slide.js --> ftp.iemilie.com /public_html/bluejays/includes/jQuery/ui jquery.effects.slide.js
2012.08.22 10:16 B Z:\Server\Apache2.2\htdocs\site\includes\jQuery\ui\jquery.effects.transfer.js --> ftp.iemilie.com /public_html/bluejays/includes/jQuery/ui jquery.effects.transfer.js
2012.08.22 10:16 B Z:\Server\Apache2.2\htdocs\site\includes\jQuery\ui\jquery.ui.accordion.js --> ftp.iemilie.com /public_html/bluejays/includes/jQuery/ui jquery.ui.accordion.js
2012.08.22 10:16 B Z:\Server\Apache2.2\htdocs\site\includes\jQuery\ui\jquery.ui.autocomplete.js --> ftp.iemilie.com /public_html/bluejays/includes/jQuery/ui jquery.ui.autocomplete.js
2012.08.22 10:16 B Z:\Server\Apache2.2\htdocs\site\includes\jQuery\ui\jquery.ui.button.js --> ftp.iemilie.com /public_html/bluejays/includes/jQuery/ui jquery.ui.button.js
2012.08.22 10:16 B Z:\Server\Apache2.2\htdocs\site\includes\jQuery\ui\jquery.ui.core.js --> ftp.iemilie.com /public_html/bluejays/includes/jQuery/ui jquery.ui.core.js
2012.08.22 10:16 B Z:\Server\Apache2.2\htdocs\site\includes\jQuery\ui\jquery.ui.datepicker.js --> ftp.iemilie.com /public_html/bluejays/includes/jQuery/ui jquery.ui.datepicker.js
2012.08.22 10:17 B Z:\Server\Apache2.2\htdocs\site\includes\jQuery\ui\jquery.ui.dialog.js --> ftp.iemilie.com /public_html/bluejays/includes/jQuery/ui jquery.ui.dialog.js
2012.08.22 10:17 B Z:\Server\Apache2.2\htdocs\site\includes\jQuery\ui\jquery.ui.draggable.js --> ftp.iemilie.com /public_html/bluejays/includes/jQuery/ui jquery.ui.draggable.js
2012.08.22 10:17 B Z:\Server\Apache2.2\htdocs\site\includes\jQuery\ui\jquery.ui.droppable.js --> ftp.iemilie.com /public_html/bluejays/includes/jQuery/ui jquery.ui.droppable.js
2012.08.22 10:17 B Z:\Server\Apache2.2\htdocs\site\includes\jQuery\ui\jquery.ui.mouse.js --> ftp.iemilie.com /public_html/bluejays/includes/jQuery/ui jquery.ui.mouse.js
2012.08.22 10:17 B Z:\Server\Apache2.2\htdocs\site\includes\jQuery\ui\jquery.ui.position.js --> ftp.iemilie.com /public_html/bluejays/includes/jQuery/ui jquery.ui.position.js
2012.08.22 10:17 B Z:\Server\Apache2.2\htdocs\site\includes\jQuery\ui\jquery.ui.progressbar.js --> ftp.iemilie.com /public_html/bluejays/includes/jQuery/ui jquery.ui.progressbar.js
2012.08.22 10:17 B Z:\Server\Apache2.2\htdocs\site\includes\jQuery\ui\jquery.ui.resizable.js --> ftp.iemilie.com /public_html/bluejays/includes/jQuery/ui jquery.ui.resizable.js
2012.08.22 10:17 B Z:\Server\Apache2.2\htdocs\site\includes\jQuery\ui\jquery.ui.selectable.js --> ftp.iemilie.com /public_html/bluejays/includes/jQuery/ui jquery.ui.selectable.js
2012.08.22 10:17 B Z:\Server\Apache2.2\htdocs\site\includes\jQuery\ui\jquery.ui.slider.js --> ftp.iemilie.com /public_html/bluejays/includes/jQuery/ui jquery.ui.slider.js
2012.08.22 10:17 B Z:\Server\Apache2.2\htdocs\site\includes\jQuery\ui\jquery.ui.sortable.js --> ftp.iemilie.com /public_html/bluejays/includes/jQuery/ui jquery.ui.sortable.js
2012.08.22 10:17 B Z:\Server\Apache2.2\htdocs\site\includes\jQuery\ui\jquery.ui.tabs.js --> ftp.iemilie.com /public_html/bluejays/includes/jQuery/ui jquery.ui.tabs.js
2012.08.22 10:17 B Z:\Server\Apache2.2\htdocs\site\includes\jQuery\ui\jquery.ui.widget.js --> ftp.iemilie.com /public_html/bluejays/includes/jQuery/ui jquery.ui.widget.js
2013.03.10 23:20 B C:\Server\htdocs\Joomla_site\bluejays\includes\jQuery\ui\WS_FTP.LOG <-- ie /public_html/bluejays/includes/jQuery/ui WS_FTP.LOG
