2013.03.10 23:22 B C:\Server\htdocs\Joomla_site\bluejays\includes\js\ThemeOffice\add_section.png <-- ie /public_html/bluejays/includes/js/ThemeOffice add_section.png
2013.03.10 23:22 B C:\Server\htdocs\Joomla_site\bluejays\includes\js\ThemeOffice\arrow.png <-- ie /public_html/bluejays/includes/js/ThemeOffice arrow.png
2013.03.10 23:22 B C:\Server\htdocs\Joomla_site\bluejays\includes\js\ThemeOffice\arrow_rtl.png <-- ie /public_html/bluejays/includes/js/ThemeOffice arrow_rtl.png
2013.03.10 23:22 B C:\Server\htdocs\Joomla_site\bluejays\includes\js\ThemeOffice\backup.png <-- ie /public_html/bluejays/includes/js/ThemeOffice backup.png
2013.03.10 23:22 B C:\Server\htdocs\Joomla_site\bluejays\includes\js\ThemeOffice\blank.png <-- ie /public_html/bluejays/includes/js/ThemeOffice blank.png
2013.03.10 23:22 B C:\Server\htdocs\Joomla_site\bluejays\includes\js\ThemeOffice\categories.png <-- ie /public_html/bluejays/includes/js/ThemeOffice categories.png
2013.03.10 23:22 B C:\Server\htdocs\Joomla_site\bluejays\includes\js\ThemeOffice\checkin.png <-- ie /public_html/bluejays/includes/js/ThemeOffice checkin.png
2013.03.10 23:22 B C:\Server\htdocs\Joomla_site\bluejays\includes\js\ThemeOffice\component.png <-- ie /public_html/bluejays/includes/js/ThemeOffice component.png
2013.03.10 23:22 B C:\Server\htdocs\Joomla_site\bluejays\includes\js\ThemeOffice\config.png <-- ie /public_html/bluejays/includes/js/ThemeOffice config.png
2013.03.10 23:22 B C:\Server\htdocs\Joomla_site\bluejays\includes\js\ThemeOffice\content.png <-- ie /public_html/bluejays/includes/js/ThemeOffice content.png
2013.03.10 23:22 B C:\Server\htdocs\Joomla_site\bluejays\includes\js\ThemeOffice\controlpanel.png <-- ie /public_html/bluejays/includes/js/ThemeOffice controlpanel.png
2013.03.10 23:22 B C:\Server\htdocs\Joomla_site\bluejays\includes\js\ThemeOffice\credits.png <-- ie /public_html/bluejays/includes/js/ThemeOffice credits.png
2013.03.10 23:22 B C:\Server\htdocs\Joomla_site\bluejays\includes\js\ThemeOffice\db.png <-- ie /public_html/bluejays/includes/js/ThemeOffice db.png
2013.03.10 23:22 B C:\Server\htdocs\Joomla_site\bluejays\includes\js\ThemeOffice\document.png <-- ie /public_html/bluejays/includes/js/ThemeOffice document.png
2013.03.10 23:22 B C:\Server\htdocs\Joomla_site\bluejays\includes\js\ThemeOffice\edit.png <-- ie /public_html/bluejays/includes/js/ThemeOffice edit.png
2013.03.10 23:22 B C:\Server\htdocs\Joomla_site\bluejays\includes\js\ThemeOffice\globe1.png <-- ie /public_html/bluejays/includes/js/ThemeOffice globe1.png
2013.03.10 23:22 B C:\Server\htdocs\Joomla_site\bluejays\includes\js\ThemeOffice\globe2.png <-- ie /public_html/bluejays/includes/js/ThemeOffice globe2.png
2013.03.10 23:22 B C:\Server\htdocs\Joomla_site\bluejays\includes\js\ThemeOffice\globe3.png <-- ie /public_html/bluejays/includes/js/ThemeOffice globe3.png
2013.03.10 23:22 B C:\Server\htdocs\Joomla_site\bluejays\includes\js\ThemeOffice\globe4.png <-- ie /public_html/bluejays/includes/js/ThemeOffice globe4.png
2013.03.10 23:22 B C:\Server\htdocs\Joomla_site\bluejays\includes\js\ThemeOffice\help.png <-- ie /public_html/bluejays/includes/js/ThemeOffice help.png
2013.03.10 23:22 B C:\Server\htdocs\Joomla_site\bluejays\includes\js\ThemeOffice\home.png <-- ie /public_html/bluejays/includes/js/ThemeOffice home.png
2013.03.10 23:22 B C:\Server\htdocs\Joomla_site\bluejays\includes\js\ThemeOffice\index.html <-- ie /public_html/bluejays/includes/js/ThemeOffice index.html
2013.03.10 23:22 B C:\Server\htdocs\Joomla_site\bluejays\includes\js\ThemeOffice\install.png <-- ie /public_html/bluejays/includes/js/ThemeOffice install.png
2013.03.10 23:22 B C:\Server\htdocs\Joomla_site\bluejays\includes\js\ThemeOffice\language.png <-- ie /public_html/bluejays/includes/js/ThemeOffice language.png
2013.03.10 23:22 B C:\Server\htdocs\Joomla_site\bluejays\includes\js\ThemeOffice\license.png <-- ie /public_html/bluejays/includes/js/ThemeOffice license.png
2013.03.10 23:22 B C:\Server\htdocs\Joomla_site\bluejays\includes\js\ThemeOffice\mail.png <-- ie /public_html/bluejays/includes/js/ThemeOffice mail.png
2013.03.10 23:22 B C:\Server\htdocs\Joomla_site\bluejays\includes\js\ThemeOffice\mainmenu.png <-- ie /public_html/bluejays/includes/js/ThemeOffice mainmenu.png
2013.03.10 23:22 B C:\Server\htdocs\Joomla_site\bluejays\includes\js\ThemeOffice\mass_email.png <-- ie /public_html/bluejays/includes/js/ThemeOffice mass_email.png
2013.03.10 23:22 B C:\Server\htdocs\Joomla_site\bluejays\includes\js\ThemeOffice\media.png <-- ie /public_html/bluejays/includes/js/ThemeOffice media.png
2013.03.10 23:22 B C:\Server\htdocs\Joomla_site\bluejays\includes\js\ThemeOffice\menus.png <-- ie /public_html/bluejays/includes/js/ThemeOffice menus.png
2013.03.10 23:22 B C:\Server\htdocs\Joomla_site\bluejays\includes\js\ThemeOffice\messaging.png <-- ie /public_html/bluejays/includes/js/ThemeOffice messaging.png
2013.03.10 23:22 B C:\Server\htdocs\Joomla_site\bluejays\includes\js\ThemeOffice\messaging_config.png <-- ie /public_html/bluejays/includes/js/ThemeOffice messaging_config.png
2013.03.10 23:22 B C:\Server\htdocs\Joomla_site\bluejays\includes\js\ThemeOffice\messaging_inbox.png <-- ie /public_html/bluejays/includes/js/ThemeOffice messaging_inbox.png
2013.03.10 23:22 B C:\Server\htdocs\Joomla_site\bluejays\includes\js\ThemeOffice\module.png <-- ie /public_html/bluejays/includes/js/ThemeOffice module.png
2013.03.10 23:22 B C:\Server\htdocs\Joomla_site\bluejays\includes\js\ThemeOffice\preview.png <-- ie /public_html/bluejays/includes/js/ThemeOffice preview.png
2013.03.10 23:22 B C:\Server\htdocs\Joomla_site\bluejays\includes\js\ThemeOffice\query.png <-- ie /public_html/bluejays/includes/js/ThemeOffice query.png
2013.03.10 23:22 B C:\Server\htdocs\Joomla_site\bluejays\includes\js\ThemeOffice\restore.png <-- ie /public_html/bluejays/includes/js/ThemeOffice restore.png
2013.03.10 23:22 B C:\Server\htdocs\Joomla_site\bluejays\includes\js\ThemeOffice\search_text.png <-- ie /public_html/bluejays/includes/js/ThemeOffice search_text.png
2013.03.10 23:22 B C:\Server\htdocs\Joomla_site\bluejays\includes\js\ThemeOffice\sections.png <-- ie /public_html/bluejays/includes/js/ThemeOffice sections.png
2013.03.10 23:22 B C:\Server\htdocs\Joomla_site\bluejays\includes\js\ThemeOffice\spacer.png <-- ie /public_html/bluejays/includes/js/ThemeOffice spacer.png
2013.03.10 23:23 B C:\Server\htdocs\Joomla_site\bluejays\includes\js\ThemeOffice\statistics.png <-- ie /public_html/bluejays/includes/js/ThemeOffice statistics.png
2013.03.10 23:23 B C:\Server\htdocs\Joomla_site\bluejays\includes\js\ThemeOffice\sysinfo.png <-- ie /public_html/bluejays/includes/js/ThemeOffice sysinfo.png
2013.03.10 23:23 B C:\Server\htdocs\Joomla_site\bluejays\includes\js\ThemeOffice\template.png <-- ie /public_html/bluejays/includes/js/ThemeOffice template.png
2013.03.10 23:23 B C:\Server\htdocs\Joomla_site\bluejays\includes\js\ThemeOffice\theme.css <-- ie /public_html/bluejays/includes/js/ThemeOffice theme.css
2013.03.10 23:23 B C:\Server\htdocs\Joomla_site\bluejays\includes\js\ThemeOffice\theme.js <-- ie /public_html/bluejays/includes/js/ThemeOffice theme.js
2013.03.10 23:23 B C:\Server\htdocs\Joomla_site\bluejays\includes\js\ThemeOffice\tooltip.png <-- ie /public_html/bluejays/includes/js/ThemeOffice tooltip.png
2013.03.10 23:23 B C:\Server\htdocs\Joomla_site\bluejays\includes\js\ThemeOffice\trash.png <-- ie /public_html/bluejays/includes/js/ThemeOffice trash.png
2013.03.10 23:23 B C:\Server\htdocs\Joomla_site\bluejays\includes\js\ThemeOffice\tux.png <-- ie /public_html/bluejays/includes/js/ThemeOffice tux.png
2013.03.10 23:23 B C:\Server\htdocs\Joomla_site\bluejays\includes\js\ThemeOffice\user.png <-- ie /public_html/bluejays/includes/js/ThemeOffice user.png
2013.03.10 23:23 B C:\Server\htdocs\Joomla_site\bluejays\includes\js\ThemeOffice\users.png <-- ie /public_html/bluejays/includes/js/ThemeOffice users.png
2013.03.10 23:23 B C:\Server\htdocs\Joomla_site\bluejays\includes\js\ThemeOffice\users_add.png <-- ie /public_html/bluejays/includes/js/ThemeOffice users_add.png
2013.03.10 23:23 B C:\Server\htdocs\Joomla_site\bluejays\includes\js\ThemeOffice\warning.png <-- ie /public_html/bluejays/includes/js/ThemeOffice warning.png
