2011.09.02 13:10 B D:\Server\Apache2.2\htdocs\jqueryui\development-bundle\ui\minified\jquery.ui.widget.min.js --> ftp.iemilie.com /public_html/projs/jqueryui/development-bundle/ui/minified jquery.ui.widget.min.js
2011.09.02 13:10 B D:\Server\Apache2.2\htdocs\jqueryui\development-bundle\ui\minified\jquery.ui.tabs.min.js --> ftp.iemilie.com /public_html/projs/jqueryui/development-bundle/ui/minified jquery.ui.tabs.min.js
2011.09.02 13:10 B D:\Server\Apache2.2\htdocs\jqueryui\development-bundle\ui\minified\jquery.ui.sortable.min.js --> ftp.iemilie.com /public_html/projs/jqueryui/development-bundle/ui/minified jquery.ui.sortable.min.js
2011.09.02 13:10 B D:\Server\Apache2.2\htdocs\jqueryui\development-bundle\ui\minified\jquery.ui.slider.min.js --> ftp.iemilie.com /public_html/projs/jqueryui/development-bundle/ui/minified jquery.ui.slider.min.js
2011.09.02 13:10 B D:\Server\Apache2.2\htdocs\jqueryui\development-bundle\ui\minified\jquery.ui.selectable.min.js --> ftp.iemilie.com /public_html/projs/jqueryui/development-bundle/ui/minified jquery.ui.selectable.min.js
2011.09.02 13:10 B D:\Server\Apache2.2\htdocs\jqueryui\development-bundle\ui\minified\jquery.ui.resizable.min.js --> ftp.iemilie.com /public_html/projs/jqueryui/development-bundle/ui/minified jquery.ui.resizable.min.js
2011.09.02 13:10 B D:\Server\Apache2.2\htdocs\jqueryui\development-bundle\ui\minified\jquery.ui.progressbar.min.js --> ftp.iemilie.com /public_html/projs/jqueryui/development-bundle/ui/minified jquery.ui.progressbar.min.js
2011.09.02 13:10 B D:\Server\Apache2.2\htdocs\jqueryui\development-bundle\ui\minified\jquery.ui.position.min.js --> ftp.iemilie.com /public_html/projs/jqueryui/development-bundle/ui/minified jquery.ui.position.min.js
2011.09.02 13:10 B D:\Server\Apache2.2\htdocs\jqueryui\development-bundle\ui\minified\jquery.ui.mouse.min.js --> ftp.iemilie.com /public_html/projs/jqueryui/development-bundle/ui/minified jquery.ui.mouse.min.js
2011.09.02 13:10 B D:\Server\Apache2.2\htdocs\jqueryui\development-bundle\ui\minified\jquery.ui.droppable.min.js --> ftp.iemilie.com /public_html/projs/jqueryui/development-bundle/ui/minified jquery.ui.droppable.min.js
2011.09.02 13:10 B D:\Server\Apache2.2\htdocs\jqueryui\development-bundle\ui\minified\jquery.ui.draggable.min.js --> ftp.iemilie.com /public_html/projs/jqueryui/development-bundle/ui/minified jquery.ui.draggable.min.js
2011.09.02 13:10 B D:\Server\Apache2.2\htdocs\jqueryui\development-bundle\ui\minified\jquery.ui.dialog.min.js --> ftp.iemilie.com /public_html/projs/jqueryui/development-bundle/ui/minified jquery.ui.dialog.min.js
2011.09.02 13:10 B D:\Server\Apache2.2\htdocs\jqueryui\development-bundle\ui\minified\jquery.ui.datepicker.min.js --> ftp.iemilie.com /public_html/projs/jqueryui/development-bundle/ui/minified jquery.ui.datepicker.min.js
2011.09.02 13:10 B D:\Server\Apache2.2\htdocs\jqueryui\development-bundle\ui\minified\jquery.ui.core.min.js --> ftp.iemilie.com /public_html/projs/jqueryui/development-bundle/ui/minified jquery.ui.core.min.js
2011.09.02 13:10 B D:\Server\Apache2.2\htdocs\jqueryui\development-bundle\ui\minified\jquery.ui.button.min.js --> ftp.iemilie.com /public_html/projs/jqueryui/development-bundle/ui/minified jquery.ui.button.min.js
2011.09.02 13:10 B D:\Server\Apache2.2\htdocs\jqueryui\development-bundle\ui\minified\jquery.ui.autocomplete.min.js --> ftp.iemilie.com /public_html/projs/jqueryui/development-bundle/ui/minified jquery.ui.autocomplete.min.js
2011.09.02 13:10 B D:\Server\Apache2.2\htdocs\jqueryui\development-bundle\ui\minified\jquery.ui.accordion.min.js --> ftp.iemilie.com /public_html/projs/jqueryui/development-bundle/ui/minified jquery.ui.accordion.min.js
2011.09.02 13:10 B D:\Server\Apache2.2\htdocs\jqueryui\development-bundle\ui\minified\jquery.effects.transfer.min.js --> ftp.iemilie.com /public_html/projs/jqueryui/development-bundle/ui/minified jquery.effects.transfer.min.js
2011.09.02 13:10 B D:\Server\Apache2.2\htdocs\jqueryui\development-bundle\ui\minified\jquery.effects.slide.min.js --> ftp.iemilie.com /public_html/projs/jqueryui/development-bundle/ui/minified jquery.effects.slide.min.js
2011.09.02 13:10 B D:\Server\Apache2.2\htdocs\jqueryui\development-bundle\ui\minified\jquery.effects.shake.min.js --> ftp.iemilie.com /public_html/projs/jqueryui/development-bundle/ui/minified jquery.effects.shake.min.js
2011.09.02 13:10 B D:\Server\Apache2.2\htdocs\jqueryui\development-bundle\ui\minified\jquery.effects.scale.min.js --> ftp.iemilie.com /public_html/projs/jqueryui/development-bundle/ui/minified jquery.effects.scale.min.js
2011.09.02 13:10 B D:\Server\Apache2.2\htdocs\jqueryui\development-bundle\ui\minified\jquery.effects.pulsate.min.js --> ftp.iemilie.com /public_html/projs/jqueryui/development-bundle/ui/minified jquery.effects.pulsate.min.js
2011.09.02 13:10 B D:\Server\Apache2.2\htdocs\jqueryui\development-bundle\ui\minified\jquery.effects.highlight.min.js --> ftp.iemilie.com /public_html/projs/jqueryui/development-bundle/ui/minified jquery.effects.highlight.min.js
2011.09.02 13:10 B D:\Server\Apache2.2\htdocs\jqueryui\development-bundle\ui\minified\jquery.effects.fold.min.js --> ftp.iemilie.com /public_html/projs/jqueryui/development-bundle/ui/minified jquery.effects.fold.min.js
2011.09.02 13:10 B D:\Server\Apache2.2\htdocs\jqueryui\development-bundle\ui\minified\jquery.effects.fade.min.js --> ftp.iemilie.com /public_html/projs/jqueryui/development-bundle/ui/minified jquery.effects.fade.min.js
2011.09.02 13:11 B D:\Server\Apache2.2\htdocs\jqueryui\development-bundle\ui\minified\jquery.effects.explode.min.js --> ftp.iemilie.com /public_html/projs/jqueryui/development-bundle/ui/minified jquery.effects.explode.min.js
2011.09.02 13:11 B D:\Server\Apache2.2\htdocs\jqueryui\development-bundle\ui\minified\jquery.effects.drop.min.js --> ftp.iemilie.com /public_html/projs/jqueryui/development-bundle/ui/minified jquery.effects.drop.min.js
2011.09.02 13:11 B D:\Server\Apache2.2\htdocs\jqueryui\development-bundle\ui\minified\jquery.effects.core.min.js --> ftp.iemilie.com /public_html/projs/jqueryui/development-bundle/ui/minified jquery.effects.core.min.js
2011.09.02 13:11 B D:\Server\Apache2.2\htdocs\jqueryui\development-bundle\ui\minified\jquery.effects.clip.min.js --> ftp.iemilie.com /public_html/projs/jqueryui/development-bundle/ui/minified jquery.effects.clip.min.js
2011.09.02 13:11 B D:\Server\Apache2.2\htdocs\jqueryui\development-bundle\ui\minified\jquery.effects.bounce.min.js --> ftp.iemilie.com /public_html/projs/jqueryui/development-bundle/ui/minified jquery.effects.bounce.min.js
2011.09.02 13:11 B D:\Server\Apache2.2\htdocs\jqueryui\development-bundle\ui\minified\jquery.effects.blind.min.js --> ftp.iemilie.com /public_html/projs/jqueryui/development-bundle/ui/minified jquery.effects.blind.min.js
2012.03.13 10:57 B Z:\Server\Apache2.2\htdocs\site\includes\jQuery\ui\minified\jquery.effects.blind.min.js --> neaa.us /public_html/bostonmedflight.org/site/includes/jQuery/ui/minified jquery.effects.blind.min.js
2012.03.13 10:57 B Z:\Server\Apache2.2\htdocs\site\includes\jQuery\ui\minified\jquery.effects.bounce.min.js --> neaa.us /public_html/bostonmedflight.org/site/includes/jQuery/ui/minified jquery.effects.bounce.min.js
2012.03.13 10:57 B Z:\Server\Apache2.2\htdocs\site\includes\jQuery\ui\minified\jquery.effects.clip.min.js --> neaa.us /public_html/bostonmedflight.org/site/includes/jQuery/ui/minified jquery.effects.clip.min.js
2012.03.13 10:57 B Z:\Server\Apache2.2\htdocs\site\includes\jQuery\ui\minified\jquery.effects.core.min.js --> neaa.us /public_html/bostonmedflight.org/site/includes/jQuery/ui/minified jquery.effects.core.min.js
2012.03.13 10:57 B Z:\Server\Apache2.2\htdocs\site\includes\jQuery\ui\minified\jquery.effects.drop.min.js --> neaa.us /public_html/bostonmedflight.org/site/includes/jQuery/ui/minified jquery.effects.drop.min.js
2012.03.13 10:57 B Z:\Server\Apache2.2\htdocs\site\includes\jQuery\ui\minified\jquery.effects.explode.min.js --> neaa.us /public_html/bostonmedflight.org/site/includes/jQuery/ui/minified jquery.effects.explode.min.js
2012.03.13 10:57 B Z:\Server\Apache2.2\htdocs\site\includes\jQuery\ui\minified\jquery.effects.fade.min.js --> neaa.us /public_html/bostonmedflight.org/site/includes/jQuery/ui/minified jquery.effects.fade.min.js
2012.03.13 10:57 B Z:\Server\Apache2.2\htdocs\site\includes\jQuery\ui\minified\jquery.effects.fold.min.js --> neaa.us /public_html/bostonmedflight.org/site/includes/jQuery/ui/minified jquery.effects.fold.min.js
2012.03.13 10:57 B Z:\Server\Apache2.2\htdocs\site\includes\jQuery\ui\minified\jquery.effects.highlight.min.js --> neaa.us /public_html/bostonmedflight.org/site/includes/jQuery/ui/minified jquery.effects.highlight.min.js
2012.03.13 10:57 B Z:\Server\Apache2.2\htdocs\site\includes\jQuery\ui\minified\jquery.effects.pulsate.min.js --> neaa.us /public_html/bostonmedflight.org/site/includes/jQuery/ui/minified jquery.effects.pulsate.min.js
2012.03.13 10:57 B Z:\Server\Apache2.2\htdocs\site\includes\jQuery\ui\minified\jquery.effects.scale.min.js --> neaa.us /public_html/bostonmedflight.org/site/includes/jQuery/ui/minified jquery.effects.scale.min.js
2012.03.13 10:57 B Z:\Server\Apache2.2\htdocs\site\includes\jQuery\ui\minified\jquery.effects.shake.min.js --> neaa.us /public_html/bostonmedflight.org/site/includes/jQuery/ui/minified jquery.effects.shake.min.js
2012.03.13 10:57 B Z:\Server\Apache2.2\htdocs\site\includes\jQuery\ui\minified\jquery.effects.slide.min.js --> neaa.us /public_html/bostonmedflight.org/site/includes/jQuery/ui/minified jquery.effects.slide.min.js
2012.03.13 10:57 B Z:\Server\Apache2.2\htdocs\site\includes\jQuery\ui\minified\jquery.effects.transfer.min.js --> neaa.us /public_html/bostonmedflight.org/site/includes/jQuery/ui/minified jquery.effects.transfer.min.js
2012.03.13 10:57 B Z:\Server\Apache2.2\htdocs\site\includes\jQuery\ui\minified\jquery.ui.accordion.min.js --> neaa.us /public_html/bostonmedflight.org/site/includes/jQuery/ui/minified jquery.ui.accordion.min.js
2012.03.13 10:57 B Z:\Server\Apache2.2\htdocs\site\includes\jQuery\ui\minified\jquery.ui.autocomplete.min.js --> neaa.us /public_html/bostonmedflight.org/site/includes/jQuery/ui/minified jquery.ui.autocomplete.min.js
2012.03.13 10:57 B Z:\Server\Apache2.2\htdocs\site\includes\jQuery\ui\minified\jquery.ui.button.min.js --> neaa.us /public_html/bostonmedflight.org/site/includes/jQuery/ui/minified jquery.ui.button.min.js
2012.03.13 10:57 B Z:\Server\Apache2.2\htdocs\site\includes\jQuery\ui\minified\jquery.ui.core.min.js --> neaa.us /public_html/bostonmedflight.org/site/includes/jQuery/ui/minified jquery.ui.core.min.js
2012.03.13 10:57 B Z:\Server\Apache2.2\htdocs\site\includes\jQuery\ui\minified\jquery.ui.datepicker.min.js --> neaa.us /public_html/bostonmedflight.org/site/includes/jQuery/ui/minified jquery.ui.datepicker.min.js
2012.03.13 10:57 B Z:\Server\Apache2.2\htdocs\site\includes\jQuery\ui\minified\jquery.ui.dialog.min.js --> neaa.us /public_html/bostonmedflight.org/site/includes/jQuery/ui/minified jquery.ui.dialog.min.js
2012.03.13 10:57 B Z:\Server\Apache2.2\htdocs\site\includes\jQuery\ui\minified\jquery.ui.draggable.min.js --> neaa.us /public_html/bostonmedflight.org/site/includes/jQuery/ui/minified jquery.ui.draggable.min.js
2012.03.13 10:57 B Z:\Server\Apache2.2\htdocs\site\includes\jQuery\ui\minified\jquery.ui.droppable.min.js --> neaa.us /public_html/bostonmedflight.org/site/includes/jQuery/ui/minified jquery.ui.droppable.min.js
2012.03.13 10:57 B Z:\Server\Apache2.2\htdocs\site\includes\jQuery\ui\minified\jquery.ui.mouse.min.js --> neaa.us /public_html/bostonmedflight.org/site/includes/jQuery/ui/minified jquery.ui.mouse.min.js
2012.03.13 10:58 B Z:\Server\Apache2.2\htdocs\site\includes\jQuery\ui\minified\jquery.ui.position.min.js --> neaa.us /public_html/bostonmedflight.org/site/includes/jQuery/ui/minified jquery.ui.position.min.js
2012.03.13 10:58 B Z:\Server\Apache2.2\htdocs\site\includes\jQuery\ui\minified\jquery.ui.progressbar.min.js --> neaa.us /public_html/bostonmedflight.org/site/includes/jQuery/ui/minified jquery.ui.progressbar.min.js
2012.03.13 10:58 B Z:\Server\Apache2.2\htdocs\site\includes\jQuery\ui\minified\jquery.ui.resizable.min.js --> neaa.us /public_html/bostonmedflight.org/site/includes/jQuery/ui/minified jquery.ui.resizable.min.js
2012.03.13 10:58 B Z:\Server\Apache2.2\htdocs\site\includes\jQuery\ui\minified\jquery.ui.selectable.min.js --> neaa.us /public_html/bostonmedflight.org/site/includes/jQuery/ui/minified jquery.ui.selectable.min.js
2012.03.13 10:58 B Z:\Server\Apache2.2\htdocs\site\includes\jQuery\ui\minified\jquery.ui.slider.min.js --> neaa.us /public_html/bostonmedflight.org/site/includes/jQuery/ui/minified jquery.ui.slider.min.js
2012.03.13 10:58 B Z:\Server\Apache2.2\htdocs\site\includes\jQuery\ui\minified\jquery.ui.sortable.min.js --> neaa.us /public_html/bostonmedflight.org/site/includes/jQuery/ui/minified jquery.ui.sortable.min.js
2012.03.13 10:58 B Z:\Server\Apache2.2\htdocs\site\includes\jQuery\ui\minified\jquery.ui.tabs.min.js --> neaa.us /public_html/bostonmedflight.org/site/includes/jQuery/ui/minified jquery.ui.tabs.min.js
2012.03.13 10:58 B Z:\Server\Apache2.2\htdocs\site\includes\jQuery\ui\minified\jquery.ui.widget.min.js --> neaa.us /public_html/bostonmedflight.org/site/includes/jQuery/ui/minified jquery.ui.widget.min.js
2012.03.13 10:58 B Z:\Server\Apache2.2\htdocs\site\includes\jQuery\ui\minified\WS_FTP.LOG --> neaa.us /public_html/bostonmedflight.org/site/includes/jQuery/ui/minified WS_FTP.LOG
2012.08.22 10:16 B Z:\Server\Apache2.2\htdocs\site\includes\jQuery\ui\minified\jquery.effects.blind.min.js --> ftp.iemilie.com /public_html/bluejays/includes/jQuery/ui/minified jquery.effects.blind.min.js
2012.08.22 10:16 B Z:\Server\Apache2.2\htdocs\site\includes\jQuery\ui\minified\jquery.effects.bounce.min.js --> ftp.iemilie.com /public_html/bluejays/includes/jQuery/ui/minified jquery.effects.bounce.min.js
2012.08.22 10:16 B Z:\Server\Apache2.2\htdocs\site\includes\jQuery\ui\minified\jquery.effects.clip.min.js --> ftp.iemilie.com /public_html/bluejays/includes/jQuery/ui/minified jquery.effects.clip.min.js
2012.08.22 10:16 B Z:\Server\Apache2.2\htdocs\site\includes\jQuery\ui\minified\jquery.effects.core.min.js --> ftp.iemilie.com /public_html/bluejays/includes/jQuery/ui/minified jquery.effects.core.min.js
2012.08.22 10:16 B Z:\Server\Apache2.2\htdocs\site\includes\jQuery\ui\minified\jquery.effects.drop.min.js --> ftp.iemilie.com /public_html/bluejays/includes/jQuery/ui/minified jquery.effects.drop.min.js
2012.08.22 10:16 B Z:\Server\Apache2.2\htdocs\site\includes\jQuery\ui\minified\jquery.effects.explode.min.js --> ftp.iemilie.com /public_html/bluejays/includes/jQuery/ui/minified jquery.effects.explode.min.js
2012.08.22 10:16 B Z:\Server\Apache2.2\htdocs\site\includes\jQuery\ui\minified\jquery.effects.fade.min.js --> ftp.iemilie.com /public_html/bluejays/includes/jQuery/ui/minified jquery.effects.fade.min.js
2012.08.22 10:16 B Z:\Server\Apache2.2\htdocs\site\includes\jQuery\ui\minified\jquery.effects.fold.min.js --> ftp.iemilie.com /public_html/bluejays/includes/jQuery/ui/minified jquery.effects.fold.min.js
2012.08.22 10:16 B Z:\Server\Apache2.2\htdocs\site\includes\jQuery\ui\minified\jquery.effects.highlight.min.js --> ftp.iemilie.com /public_html/bluejays/includes/jQuery/ui/minified jquery.effects.highlight.min.js
2012.08.22 10:16 B Z:\Server\Apache2.2\htdocs\site\includes\jQuery\ui\minified\jquery.effects.pulsate.min.js --> ftp.iemilie.com /public_html/bluejays/includes/jQuery/ui/minified jquery.effects.pulsate.min.js
2012.08.22 10:16 B Z:\Server\Apache2.2\htdocs\site\includes\jQuery\ui\minified\jquery.effects.scale.min.js --> ftp.iemilie.com /public_html/bluejays/includes/jQuery/ui/minified jquery.effects.scale.min.js
2012.08.22 10:16 B Z:\Server\Apache2.2\htdocs\site\includes\jQuery\ui\minified\jquery.effects.shake.min.js --> ftp.iemilie.com /public_html/bluejays/includes/jQuery/ui/minified jquery.effects.shake.min.js
2012.08.22 10:16 B Z:\Server\Apache2.2\htdocs\site\includes\jQuery\ui\minified\jquery.effects.slide.min.js --> ftp.iemilie.com /public_html/bluejays/includes/jQuery/ui/minified jquery.effects.slide.min.js
2012.08.22 10:16 B Z:\Server\Apache2.2\htdocs\site\includes\jQuery\ui\minified\jquery.effects.transfer.min.js --> ftp.iemilie.com /public_html/bluejays/includes/jQuery/ui/minified jquery.effects.transfer.min.js
2012.08.22 10:16 B Z:\Server\Apache2.2\htdocs\site\includes\jQuery\ui\minified\jquery.ui.accordion.min.js --> ftp.iemilie.com /public_html/bluejays/includes/jQuery/ui/minified jquery.ui.accordion.min.js
2012.08.22 10:16 B Z:\Server\Apache2.2\htdocs\site\includes\jQuery\ui\minified\jquery.ui.autocomplete.min.js --> ftp.iemilie.com /public_html/bluejays/includes/jQuery/ui/minified jquery.ui.autocomplete.min.js
2012.08.22 10:16 B Z:\Server\Apache2.2\htdocs\site\includes\jQuery\ui\minified\jquery.ui.button.min.js --> ftp.iemilie.com /public_html/bluejays/includes/jQuery/ui/minified jquery.ui.button.min.js
2012.08.22 10:16 B Z:\Server\Apache2.2\htdocs\site\includes\jQuery\ui\minified\jquery.ui.core.min.js --> ftp.iemilie.com /public_html/bluejays/includes/jQuery/ui/minified jquery.ui.core.min.js
2012.08.22 10:16 B Z:\Server\Apache2.2\htdocs\site\includes\jQuery\ui\minified\jquery.ui.datepicker.min.js --> ftp.iemilie.com /public_html/bluejays/includes/jQuery/ui/minified jquery.ui.datepicker.min.js
2012.08.22 10:16 B Z:\Server\Apache2.2\htdocs\site\includes\jQuery\ui\minified\jquery.ui.dialog.min.js --> ftp.iemilie.com /public_html/bluejays/includes/jQuery/ui/minified jquery.ui.dialog.min.js
2012.08.22 10:16 B Z:\Server\Apache2.2\htdocs\site\includes\jQuery\ui\minified\jquery.ui.draggable.min.js --> ftp.iemilie.com /public_html/bluejays/includes/jQuery/ui/minified jquery.ui.draggable.min.js
2012.08.22 10:16 B Z:\Server\Apache2.2\htdocs\site\includes\jQuery\ui\minified\jquery.ui.droppable.min.js --> ftp.iemilie.com /public_html/bluejays/includes/jQuery/ui/minified jquery.ui.droppable.min.js
2012.08.22 10:16 B Z:\Server\Apache2.2\htdocs\site\includes\jQuery\ui\minified\jquery.ui.mouse.min.js --> ftp.iemilie.com /public_html/bluejays/includes/jQuery/ui/minified jquery.ui.mouse.min.js
2012.08.22 10:16 B Z:\Server\Apache2.2\htdocs\site\includes\jQuery\ui\minified\jquery.ui.position.min.js --> ftp.iemilie.com /public_html/bluejays/includes/jQuery/ui/minified jquery.ui.position.min.js
2012.08.22 10:16 B Z:\Server\Apache2.2\htdocs\site\includes\jQuery\ui\minified\jquery.ui.progressbar.min.js --> ftp.iemilie.com /public_html/bluejays/includes/jQuery/ui/minified jquery.ui.progressbar.min.js
2012.08.22 10:16 B Z:\Server\Apache2.2\htdocs\site\includes\jQuery\ui\minified\jquery.ui.resizable.min.js --> ftp.iemilie.com /public_html/bluejays/includes/jQuery/ui/minified jquery.ui.resizable.min.js
2012.08.22 10:16 B Z:\Server\Apache2.2\htdocs\site\includes\jQuery\ui\minified\jquery.ui.selectable.min.js --> ftp.iemilie.com /public_html/bluejays/includes/jQuery/ui/minified jquery.ui.selectable.min.js
2012.08.22 10:16 B Z:\Server\Apache2.2\htdocs\site\includes\jQuery\ui\minified\jquery.ui.slider.min.js --> ftp.iemilie.com /public_html/bluejays/includes/jQuery/ui/minified jquery.ui.slider.min.js
2012.08.22 10:16 B Z:\Server\Apache2.2\htdocs\site\includes\jQuery\ui\minified\jquery.ui.sortable.min.js --> ftp.iemilie.com /public_html/bluejays/includes/jQuery/ui/minified jquery.ui.sortable.min.js
2012.08.22 10:16 B Z:\Server\Apache2.2\htdocs\site\includes\jQuery\ui\minified\jquery.ui.tabs.min.js --> ftp.iemilie.com /public_html/bluejays/includes/jQuery/ui/minified jquery.ui.tabs.min.js
2012.08.22 10:16 B Z:\Server\Apache2.2\htdocs\site\includes\jQuery\ui\minified\jquery.ui.widget.min.js --> ftp.iemilie.com /public_html/bluejays/includes/jQuery/ui/minified jquery.ui.widget.min.js
2013.03.10 23:19 B C:\Server\htdocs\Joomla_site\bluejays\includes\jQuery\ui\minified\WS_FTP.LOG <-- ie /public_html/bluejays/includes/jQuery/ui/minified WS_FTP.LOG
