2013.03.10 23:25 B C:\Server\htdocs\Joomla_site\bluejays\libraries\domit\domitBanner.gif <-- ie /public_html/bluejays/libraries/domit domitBanner.gif
2013.03.10 23:25 B C:\Server\htdocs\Joomla_site\bluejays\libraries\domit\index.html <-- ie /public_html/bluejays/libraries/domit index.html
2013.03.10 23:25 B C:\Server\htdocs\Joomla_site\bluejays\libraries\domit\license.txt <-- ie /public_html/bluejays/libraries/domit license.txt
2013.03.10 23:25 B C:\Server\htdocs\Joomla_site\bluejays\libraries\domit\xml_domit_cache.php <-- ie /public_html/bluejays/libraries/domit xml_domit_cache.php
2013.03.10 23:25 B C:\Server\htdocs\Joomla_site\bluejays\libraries\domit\xml_domit_doctor.php <-- ie /public_html/bluejays/libraries/domit xml_domit_doctor.php
2013.03.10 23:25 B C:\Server\htdocs\Joomla_site\bluejays\libraries\domit\xml_domit_getelementsbypath.php <-- ie /public_html/bluejays/libraries/domit xml_domit_getelementsbypath.php
2013.03.10 23:25 B C:\Server\htdocs\Joomla_site\bluejays\libraries\domit\xml_domit_include.php <-- ie /public_html/bluejays/libraries/domit xml_domit_include.php
2013.03.10 23:25 B C:\Server\htdocs\Joomla_site\bluejays\libraries\domit\xml_domit_lite_include.php <-- ie /public_html/bluejays/libraries/domit xml_domit_lite_include.php
2013.03.10 23:25 B C:\Server\htdocs\Joomla_site\bluejays\libraries\domit\xml_domit_lite_parser.php <-- ie /public_html/bluejays/libraries/domit xml_domit_lite_parser.php
2013.03.10 23:25 B C:\Server\htdocs\Joomla_site\bluejays\libraries\domit\xml_domit_nodemaps.php <-- ie /public_html/bluejays/libraries/domit xml_domit_nodemaps.php
2013.03.10 23:25 B C:\Server\htdocs\Joomla_site\bluejays\libraries\domit\xml_domit_nodetools.php <-- ie /public_html/bluejays/libraries/domit xml_domit_nodetools.php
2013.03.10 23:25 B C:\Server\htdocs\Joomla_site\bluejays\libraries\domit\xml_domit_parseattributes.php <-- ie /public_html/bluejays/libraries/domit xml_domit_parseattributes.php
2013.03.10 23:25 B C:\Server\htdocs\Joomla_site\bluejays\libraries\domit\xml_domit_parser.php <-- ie /public_html/bluejays/libraries/domit xml_domit_parser.php
2013.03.10 23:25 B C:\Server\htdocs\Joomla_site\bluejays\libraries\domit\xml_domit_rss.php <-- ie /public_html/bluejays/libraries/domit xml_domit_rss.php
2013.03.10 23:25 B C:\Server\htdocs\Joomla_site\bluejays\libraries\domit\xml_domit_rss_lite.php <-- ie /public_html/bluejays/libraries/domit xml_domit_rss_lite.php
2013.03.10 23:25 B C:\Server\htdocs\Joomla_site\bluejays\libraries\domit\xml_domit_rss_shared.php <-- ie /public_html/bluejays/libraries/domit xml_domit_rss_shared.php
2013.03.10 23:25 B C:\Server\htdocs\Joomla_site\bluejays\libraries\domit\xml_domit_shared.php <-- ie /public_html/bluejays/libraries/domit xml_domit_shared.php
2013.03.10 23:25 B C:\Server\htdocs\Joomla_site\bluejays\libraries\domit\xml_domit_utilities.php <-- ie /public_html/bluejays/libraries/domit xml_domit_utilities.php
2013.03.10 23:25 B C:\Server\htdocs\Joomla_site\bluejays\libraries\domit\xml_domit_xpath.php <-- ie /public_html/bluejays/libraries/domit xml_domit_xpath.php
2013.03.10 23:25 B C:\Server\htdocs\Joomla_site\bluejays\libraries\domit\xml_saxy_lite_parser.php <-- ie /public_html/bluejays/libraries/domit xml_saxy_lite_parser.php
2013.03.10 23:25 B C:\Server\htdocs\Joomla_site\bluejays\libraries\domit\xml_saxy_parser.php <-- ie /public_html/bluejays/libraries/domit xml_saxy_parser.php
2013.03.10 23:25 B C:\Server\htdocs\Joomla_site\bluejays\libraries\domit\xml_saxy_shared.php <-- ie /public_html/bluejays/libraries/domit xml_saxy_shared.php
