2013.03.10 23:28 B C:\Server\htdocs\Joomla_site\bluejays\libraries\joomla\html\parameter\element\calendar.php <-- ie /public_html/bluejays/libraries/joomla/html/parameter/element calendar.php
2013.03.10 23:28 B C:\Server\htdocs\Joomla_site\bluejays\libraries\joomla\html\parameter\element\category.php <-- ie /public_html/bluejays/libraries/joomla/html/parameter/element category.php
2013.03.10 23:28 B C:\Server\htdocs\Joomla_site\bluejays\libraries\joomla\html\parameter\element\editors.php <-- ie /public_html/bluejays/libraries/joomla/html/parameter/element editors.php
2013.03.10 23:28 B C:\Server\htdocs\Joomla_site\bluejays\libraries\joomla\html\parameter\element\filelist.php <-- ie /public_html/bluejays/libraries/joomla/html/parameter/element filelist.php
2013.03.10 23:28 B C:\Server\htdocs\Joomla_site\bluejays\libraries\joomla\html\parameter\element\folderlist.php <-- ie /public_html/bluejays/libraries/joomla/html/parameter/element folderlist.php
2013.03.10 23:28 B C:\Server\htdocs\Joomla_site\bluejays\libraries\joomla\html\parameter\element\helpsites.php <-- ie /public_html/bluejays/libraries/joomla/html/parameter/element helpsites.php
2013.03.10 23:28 B C:\Server\htdocs\Joomla_site\bluejays\libraries\joomla\html\parameter\element\hidden.php <-- ie /public_html/bluejays/libraries/joomla/html/parameter/element hidden.php
2013.03.10 23:28 B C:\Server\htdocs\Joomla_site\bluejays\libraries\joomla\html\parameter\element\imagelist.php <-- ie /public_html/bluejays/libraries/joomla/html/parameter/element imagelist.php
2013.03.10 23:28 B C:\Server\htdocs\Joomla_site\bluejays\libraries\joomla\html\parameter\element\index.html <-- ie /public_html/bluejays/libraries/joomla/html/parameter/element index.html
2013.03.10 23:28 B C:\Server\htdocs\Joomla_site\bluejays\libraries\joomla\html\parameter\element\languages.php <-- ie /public_html/bluejays/libraries/joomla/html/parameter/element languages.php
2013.03.10 23:29 B C:\Server\htdocs\Joomla_site\bluejays\libraries\joomla\html\parameter\element\list.php <-- ie /public_html/bluejays/libraries/joomla/html/parameter/element list.php
2013.03.10 23:29 B C:\Server\htdocs\Joomla_site\bluejays\libraries\joomla\html\parameter\element\menu.php <-- ie /public_html/bluejays/libraries/joomla/html/parameter/element menu.php
2013.03.10 23:29 B C:\Server\htdocs\Joomla_site\bluejays\libraries\joomla\html\parameter\element\menuitem.php <-- ie /public_html/bluejays/libraries/joomla/html/parameter/element menuitem.php
2013.03.10 23:29 B C:\Server\htdocs\Joomla_site\bluejays\libraries\joomla\html\parameter\element\password.php <-- ie /public_html/bluejays/libraries/joomla/html/parameter/element password.php
2013.03.10 23:29 B C:\Server\htdocs\Joomla_site\bluejays\libraries\joomla\html\parameter\element\radio.php <-- ie /public_html/bluejays/libraries/joomla/html/parameter/element radio.php
2013.03.10 23:29 B C:\Server\htdocs\Joomla_site\bluejays\libraries\joomla\html\parameter\element\section.php <-- ie /public_html/bluejays/libraries/joomla/html/parameter/element section.php
2013.03.10 23:29 B C:\Server\htdocs\Joomla_site\bluejays\libraries\joomla\html\parameter\element\spacer.php <-- ie /public_html/bluejays/libraries/joomla/html/parameter/element spacer.php
2013.03.10 23:29 B C:\Server\htdocs\Joomla_site\bluejays\libraries\joomla\html\parameter\element\sql.php <-- ie /public_html/bluejays/libraries/joomla/html/parameter/element sql.php
2013.03.10 23:29 B C:\Server\htdocs\Joomla_site\bluejays\libraries\joomla\html\parameter\element\text.php <-- ie /public_html/bluejays/libraries/joomla/html/parameter/element text.php
2013.03.10 23:29 B C:\Server\htdocs\Joomla_site\bluejays\libraries\joomla\html\parameter\element\textarea.php <-- ie /public_html/bluejays/libraries/joomla/html/parameter/element textarea.php
2013.03.10 23:29 B C:\Server\htdocs\Joomla_site\bluejays\libraries\joomla\html\parameter\element\timezones.php <-- ie /public_html/bluejays/libraries/joomla/html/parameter/element timezones.php
