2013.03.10 22:47 B C:\Server\htdocs\Joomla_site\bluejays\administrator\templates\khepri\images\menu\icon-16-archive.png <-- ie /public_html/bluejays/administrator/templates/khepri/images/menu icon-16-archive.png
2013.03.10 22:47 B C:\Server\htdocs\Joomla_site\bluejays\administrator\templates\khepri\images\menu\icon-16-article.png <-- ie /public_html/bluejays/administrator/templates/khepri/images/menu icon-16-article.png
2013.03.10 22:47 B C:\Server\htdocs\Joomla_site\bluejays\administrator\templates\khepri\images\menu\icon-16-category.png <-- ie /public_html/bluejays/administrator/templates/khepri/images/menu icon-16-category.png
2013.03.10 22:47 B C:\Server\htdocs\Joomla_site\bluejays\administrator\templates\khepri\images\menu\icon-16-checkin.png <-- ie /public_html/bluejays/administrator/templates/khepri/images/menu icon-16-checkin.png
2013.03.10 22:47 B C:\Server\htdocs\Joomla_site\bluejays\administrator\templates\khepri\images\menu\icon-16-component.png <-- ie /public_html/bluejays/administrator/templates/khepri/images/menu icon-16-component.png
2013.03.10 22:47 B C:\Server\htdocs\Joomla_site\bluejays\administrator\templates\khepri\images\menu\icon-16-config.png <-- ie /public_html/bluejays/administrator/templates/khepri/images/menu icon-16-config.png
2013.03.10 22:47 B C:\Server\htdocs\Joomla_site\bluejays\administrator\templates\khepri\images\menu\icon-16-content.png <-- ie /public_html/bluejays/administrator/templates/khepri/images/menu icon-16-content.png
2013.03.10 22:47 B C:\Server\htdocs\Joomla_site\bluejays\administrator\templates\khepri\images\menu\icon-16-cpanel.png <-- ie /public_html/bluejays/administrator/templates/khepri/images/menu icon-16-cpanel.png
2013.03.10 22:47 B C:\Server\htdocs\Joomla_site\bluejays\administrator\templates\khepri\images\menu\icon-16-default.png <-- ie /public_html/bluejays/administrator/templates/khepri/images/menu icon-16-default.png
2013.03.10 22:47 B C:\Server\htdocs\Joomla_site\bluejays\administrator\templates\khepri\images\menu\icon-16-frontpage.png <-- ie /public_html/bluejays/administrator/templates/khepri/images/menu icon-16-frontpage.png
2013.03.10 22:47 B C:\Server\htdocs\Joomla_site\bluejays\administrator\templates\khepri\images\menu\icon-16-help.png <-- ie /public_html/bluejays/administrator/templates/khepri/images/menu icon-16-help.png
2013.03.10 22:48 B C:\Server\htdocs\Joomla_site\bluejays\administrator\templates\khepri\images\menu\icon-16-info.png <-- ie /public_html/bluejays/administrator/templates/khepri/images/menu icon-16-info.png
2013.03.10 22:48 B C:\Server\htdocs\Joomla_site\bluejays\administrator\templates\khepri\images\menu\icon-16-install.png <-- ie /public_html/bluejays/administrator/templates/khepri/images/menu icon-16-install.png
2013.03.10 22:48 B C:\Server\htdocs\Joomla_site\bluejays\administrator\templates\khepri\images\menu\icon-16-language.png <-- ie /public_html/bluejays/administrator/templates/khepri/images/menu icon-16-language.png
2013.03.10 22:48 B C:\Server\htdocs\Joomla_site\bluejays\administrator\templates\khepri\images\menu\icon-16-logout.png <-- ie /public_html/bluejays/administrator/templates/khepri/images/menu icon-16-logout.png
2013.03.10 22:48 B C:\Server\htdocs\Joomla_site\bluejays\administrator\templates\khepri\images\menu\icon-16-massmail.png <-- ie /public_html/bluejays/administrator/templates/khepri/images/menu icon-16-massmail.png
2013.03.10 22:48 B C:\Server\htdocs\Joomla_site\bluejays\administrator\templates\khepri\images\menu\icon-16-media.png <-- ie /public_html/bluejays/administrator/templates/khepri/images/menu icon-16-media.png
2013.03.10 22:48 B C:\Server\htdocs\Joomla_site\bluejays\administrator\templates\khepri\images\menu\icon-16-menu.png <-- ie /public_html/bluejays/administrator/templates/khepri/images/menu icon-16-menu.png
2013.03.10 22:48 B C:\Server\htdocs\Joomla_site\bluejays\administrator\templates\khepri\images\menu\icon-16-menumgr.png <-- ie /public_html/bluejays/administrator/templates/khepri/images/menu icon-16-menumgr.png
2013.03.10 22:48 B C:\Server\htdocs\Joomla_site\bluejays\administrator\templates\khepri\images\menu\icon-16-messages.png <-- ie /public_html/bluejays/administrator/templates/khepri/images/menu icon-16-messages.png
2013.03.10 22:48 B C:\Server\htdocs\Joomla_site\bluejays\administrator\templates\khepri\images\menu\icon-16-module.png <-- ie /public_html/bluejays/administrator/templates/khepri/images/menu icon-16-module.png
2013.03.10 22:48 B C:\Server\htdocs\Joomla_site\bluejays\administrator\templates\khepri\images\menu\icon-16-plugin.png <-- ie /public_html/bluejays/administrator/templates/khepri/images/menu icon-16-plugin.png
2013.03.10 22:48 B C:\Server\htdocs\Joomla_site\bluejays\administrator\templates\khepri\images\menu\icon-16-print.png <-- ie /public_html/bluejays/administrator/templates/khepri/images/menu icon-16-print.png
2013.03.10 22:48 B C:\Server\htdocs\Joomla_site\bluejays\administrator\templates\khepri\images\menu\icon-16-section.png <-- ie /public_html/bluejays/administrator/templates/khepri/images/menu icon-16-section.png
2013.03.10 22:48 B C:\Server\htdocs\Joomla_site\bluejays\administrator\templates\khepri\images\menu\icon-16-static.png <-- ie /public_html/bluejays/administrator/templates/khepri/images/menu icon-16-static.png
2013.03.10 22:48 B C:\Server\htdocs\Joomla_site\bluejays\administrator\templates\khepri\images\menu\icon-16-stats.png <-- ie /public_html/bluejays/administrator/templates/khepri/images/menu icon-16-stats.png
2013.03.10 22:48 B C:\Server\htdocs\Joomla_site\bluejays\administrator\templates\khepri\images\menu\icon-16-themes.png <-- ie /public_html/bluejays/administrator/templates/khepri/images/menu icon-16-themes.png
2013.03.10 22:48 B C:\Server\htdocs\Joomla_site\bluejays\administrator\templates\khepri\images\menu\icon-16-trash.png <-- ie /public_html/bluejays/administrator/templates/khepri/images/menu icon-16-trash.png
2013.03.10 22:48 B C:\Server\htdocs\Joomla_site\bluejays\administrator\templates\khepri\images\menu\icon-16-user.png <-- ie /public_html/bluejays/administrator/templates/khepri/images/menu icon-16-user.png
2013.03.10 22:48 B C:\Server\htdocs\Joomla_site\bluejays\administrator\templates\khepri\images\menu\index.html <-- ie /public_html/bluejays/administrator/templates/khepri/images/menu index.html
