2011.09.02 13:12 B D:\Server\Apache2.2\htdocs\jqueryui\development-bundle\themes\base\images\ui-icons_cd0a0a_256x240.png --> ftp.iemilie.com /public_html/projs/jqueryui/development-bundle/themes/base/images ui-icons_cd0a0a_256x240.png
2011.09.02 13:13 B D:\Server\Apache2.2\htdocs\jqueryui\development-bundle\themes\base\images\ui-icons_888888_256x240.png --> ftp.iemilie.com /public_html/projs/jqueryui/development-bundle/themes/base/images ui-icons_888888_256x240.png
2011.09.02 13:13 B D:\Server\Apache2.2\htdocs\jqueryui\development-bundle\themes\base\images\ui-icons_454545_256x240.png --> ftp.iemilie.com /public_html/projs/jqueryui/development-bundle/themes/base/images ui-icons_454545_256x240.png
2011.09.02 13:13 B D:\Server\Apache2.2\htdocs\jqueryui\development-bundle\themes\base\images\ui-icons_2e83ff_256x240.png --> ftp.iemilie.com /public_html/projs/jqueryui/development-bundle/themes/base/images ui-icons_2e83ff_256x240.png
2011.09.02 13:13 B D:\Server\Apache2.2\htdocs\jqueryui\development-bundle\themes\base\images\ui-icons_222222_256x240.png --> ftp.iemilie.com /public_html/projs/jqueryui/development-bundle/themes/base/images ui-icons_222222_256x240.png
2011.09.02 13:13 B D:\Server\Apache2.2\htdocs\jqueryui\development-bundle\themes\base\images\ui-bg_highlight-soft_75_cccccc_1x100.png --> ftp.iemilie.com /public_html/projs/jqueryui/development-bundle/themes/base/images ui-bg_highlight-soft_75_cccccc_1x100.png
2011.09.02 13:13 B D:\Server\Apache2.2\htdocs\jqueryui\development-bundle\themes\base\images\ui-bg_glass_95_fef1ec_1x400.png --> ftp.iemilie.com /public_html/projs/jqueryui/development-bundle/themes/base/images ui-bg_glass_95_fef1ec_1x400.png
2011.09.02 13:13 B D:\Server\Apache2.2\htdocs\jqueryui\development-bundle\themes\base\images\ui-bg_glass_75_e6e6e6_1x400.png --> ftp.iemilie.com /public_html/projs/jqueryui/development-bundle/themes/base/images ui-bg_glass_75_e6e6e6_1x400.png
2011.09.02 13:13 B D:\Server\Apache2.2\htdocs\jqueryui\development-bundle\themes\base\images\ui-bg_glass_75_dadada_1x400.png --> ftp.iemilie.com /public_html/projs/jqueryui/development-bundle/themes/base/images ui-bg_glass_75_dadada_1x400.png
2011.09.02 13:13 B D:\Server\Apache2.2\htdocs\jqueryui\development-bundle\themes\base\images\ui-bg_glass_65_ffffff_1x400.png --> ftp.iemilie.com /public_html/projs/jqueryui/development-bundle/themes/base/images ui-bg_glass_65_ffffff_1x400.png
2011.09.02 13:13 B D:\Server\Apache2.2\htdocs\jqueryui\development-bundle\themes\base\images\ui-bg_glass_55_fbf9ee_1x400.png --> ftp.iemilie.com /public_html/projs/jqueryui/development-bundle/themes/base/images ui-bg_glass_55_fbf9ee_1x400.png
2011.09.02 13:13 B D:\Server\Apache2.2\htdocs\jqueryui\development-bundle\themes\base\images\ui-bg_flat_75_ffffff_40x100.png --> ftp.iemilie.com /public_html/projs/jqueryui/development-bundle/themes/base/images ui-bg_flat_75_ffffff_40x100.png
2011.09.02 13:13 B D:\Server\Apache2.2\htdocs\jqueryui\development-bundle\themes\base\images\ui-bg_flat_0_aaaaaa_40x100.png --> ftp.iemilie.com /public_html/projs/jqueryui/development-bundle/themes/base/images ui-bg_flat_0_aaaaaa_40x100.png
2012.03.13 10:56 B Z:\Server\Apache2.2\htdocs\site\includes\jQuery\themes\base\images\ui-bg_flat_0_aaaaaa_40x100.png --> neaa.us /public_html/bostonmedflight.org/site/includes/jQuery/themes/base/images ui-bg_flat_0_aaaaaa_40x100.png
2012.03.13 10:56 B Z:\Server\Apache2.2\htdocs\site\includes\jQuery\themes\base\images\ui-bg_flat_75_ffffff_40x100.png --> neaa.us /public_html/bostonmedflight.org/site/includes/jQuery/themes/base/images ui-bg_flat_75_ffffff_40x100.png
2012.03.13 10:56 B Z:\Server\Apache2.2\htdocs\site\includes\jQuery\themes\base\images\ui-bg_glass_55_fbf9ee_1x400.png --> neaa.us /public_html/bostonmedflight.org/site/includes/jQuery/themes/base/images ui-bg_glass_55_fbf9ee_1x400.png
2012.03.13 10:56 B Z:\Server\Apache2.2\htdocs\site\includes\jQuery\themes\base\images\ui-bg_glass_65_ffffff_1x400.png --> neaa.us /public_html/bostonmedflight.org/site/includes/jQuery/themes/base/images ui-bg_glass_65_ffffff_1x400.png
2012.03.13 10:56 B Z:\Server\Apache2.2\htdocs\site\includes\jQuery\themes\base\images\ui-bg_glass_75_dadada_1x400.png --> neaa.us /public_html/bostonmedflight.org/site/includes/jQuery/themes/base/images ui-bg_glass_75_dadada_1x400.png
2012.03.13 10:56 B Z:\Server\Apache2.2\htdocs\site\includes\jQuery\themes\base\images\ui-bg_glass_75_e6e6e6_1x400.png --> neaa.us /public_html/bostonmedflight.org/site/includes/jQuery/themes/base/images ui-bg_glass_75_e6e6e6_1x400.png
2012.03.13 10:56 B Z:\Server\Apache2.2\htdocs\site\includes\jQuery\themes\base\images\ui-bg_glass_95_fef1ec_1x400.png --> neaa.us /public_html/bostonmedflight.org/site/includes/jQuery/themes/base/images ui-bg_glass_95_fef1ec_1x400.png
2012.03.13 10:56 B Z:\Server\Apache2.2\htdocs\site\includes\jQuery\themes\base\images\ui-bg_highlight-soft_75_cccccc_1x100.png --> neaa.us /public_html/bostonmedflight.org/site/includes/jQuery/themes/base/images ui-bg_highlight-soft_75_cccccc_1x100.png
2012.03.13 10:56 B Z:\Server\Apache2.2\htdocs\site\includes\jQuery\themes\base\images\ui-icons_222222_256x240.png --> neaa.us /public_html/bostonmedflight.org/site/includes/jQuery/themes/base/images ui-icons_222222_256x240.png
2012.03.13 10:56 B Z:\Server\Apache2.2\htdocs\site\includes\jQuery\themes\base\images\ui-icons_2e83ff_256x240.png --> neaa.us /public_html/bostonmedflight.org/site/includes/jQuery/themes/base/images ui-icons_2e83ff_256x240.png
2012.03.13 10:56 B Z:\Server\Apache2.2\htdocs\site\includes\jQuery\themes\base\images\ui-icons_454545_256x240.png --> neaa.us /public_html/bostonmedflight.org/site/includes/jQuery/themes/base/images ui-icons_454545_256x240.png
2012.03.13 10:56 B Z:\Server\Apache2.2\htdocs\site\includes\jQuery\themes\base\images\ui-icons_888888_256x240.png --> neaa.us /public_html/bostonmedflight.org/site/includes/jQuery/themes/base/images ui-icons_888888_256x240.png
2012.03.13 10:56 B Z:\Server\Apache2.2\htdocs\site\includes\jQuery\themes\base\images\ui-icons_cd0a0a_256x240.png --> neaa.us /public_html/bostonmedflight.org/site/includes/jQuery/themes/base/images ui-icons_cd0a0a_256x240.png
2012.03.13 10:56 B Z:\Server\Apache2.2\htdocs\site\includes\jQuery\themes\base\images\WS_FTP.LOG --> neaa.us /public_html/bostonmedflight.org/site/includes/jQuery/themes/base/images WS_FTP.LOG
2012.08.22 10:14 B Z:\Server\Apache2.2\htdocs\site\includes\jQuery\themes\base\images\Thumbs.db --> ftp.iemilie.com /public_html/bluejays/includes/jQuery/themes/base/images Thumbs.db
2012.08.22 10:14 B Z:\Server\Apache2.2\htdocs\site\includes\jQuery\themes\base\images\ui-bg_flat_0_aaaaaa_40x100.png --> ftp.iemilie.com /public_html/bluejays/includes/jQuery/themes/base/images ui-bg_flat_0_aaaaaa_40x100.png
2012.08.22 10:14 B Z:\Server\Apache2.2\htdocs\site\includes\jQuery\themes\base\images\ui-bg_flat_75_ffffff_40x100.png --> ftp.iemilie.com /public_html/bluejays/includes/jQuery/themes/base/images ui-bg_flat_75_ffffff_40x100.png
2012.08.22 10:14 B Z:\Server\Apache2.2\htdocs\site\includes\jQuery\themes\base\images\ui-bg_glass_55_fbf9ee_1x400.png --> ftp.iemilie.com /public_html/bluejays/includes/jQuery/themes/base/images ui-bg_glass_55_fbf9ee_1x400.png
2012.08.22 10:14 B Z:\Server\Apache2.2\htdocs\site\includes\jQuery\themes\base\images\ui-bg_glass_65_ffffff_1x400.png --> ftp.iemilie.com /public_html/bluejays/includes/jQuery/themes/base/images ui-bg_glass_65_ffffff_1x400.png
2012.08.22 10:14 B Z:\Server\Apache2.2\htdocs\site\includes\jQuery\themes\base\images\ui-bg_glass_75_dadada_1x400.png --> ftp.iemilie.com /public_html/bluejays/includes/jQuery/themes/base/images ui-bg_glass_75_dadada_1x400.png
2012.08.22 10:14 B Z:\Server\Apache2.2\htdocs\site\includes\jQuery\themes\base\images\ui-bg_glass_75_e6e6e6_1x400.png --> ftp.iemilie.com /public_html/bluejays/includes/jQuery/themes/base/images ui-bg_glass_75_e6e6e6_1x400.png
2012.08.22 10:14 B Z:\Server\Apache2.2\htdocs\site\includes\jQuery\themes\base\images\ui-bg_glass_95_fef1ec_1x400.png --> ftp.iemilie.com /public_html/bluejays/includes/jQuery/themes/base/images ui-bg_glass_95_fef1ec_1x400.png
2012.08.22 10:14 B Z:\Server\Apache2.2\htdocs\site\includes\jQuery\themes\base\images\ui-bg_highlight-soft_75_cccccc_1x100.png --> ftp.iemilie.com /public_html/bluejays/includes/jQuery/themes/base/images ui-bg_highlight-soft_75_cccccc_1x100.png
2012.08.22 10:14 B Z:\Server\Apache2.2\htdocs\site\includes\jQuery\themes\base\images\ui-icons_222222_256x240.png --> ftp.iemilie.com /public_html/bluejays/includes/jQuery/themes/base/images ui-icons_222222_256x240.png
2012.08.22 10:14 B Z:\Server\Apache2.2\htdocs\site\includes\jQuery\themes\base\images\ui-icons_2e83ff_256x240.png --> ftp.iemilie.com /public_html/bluejays/includes/jQuery/themes/base/images ui-icons_2e83ff_256x240.png
2012.08.22 10:14 B Z:\Server\Apache2.2\htdocs\site\includes\jQuery\themes\base\images\ui-icons_454545_256x240.png --> ftp.iemilie.com /public_html/bluejays/includes/jQuery/themes/base/images ui-icons_454545_256x240.png
2012.08.22 10:14 B Z:\Server\Apache2.2\htdocs\site\includes\jQuery\themes\base\images\ui-icons_888888_256x240.png --> ftp.iemilie.com /public_html/bluejays/includes/jQuery/themes/base/images ui-icons_888888_256x240.png
2012.08.22 10:14 B Z:\Server\Apache2.2\htdocs\site\includes\jQuery\themes\base\images\ui-icons_cd0a0a_256x240.png --> ftp.iemilie.com /public_html/bluejays/includes/jQuery/themes/base/images ui-icons_cd0a0a_256x240.png
2013.03.10 23:17 B C:\Server\htdocs\Joomla_site\bluejays\includes\jQuery\themes\base\images\WS_FTP.LOG <-- ie /public_html/bluejays/includes/jQuery/themes/base/images WS_FTP.LOG
