2013.03.10 23:40 B C:\Server\htdocs\Joomla_site\bluejays\modules\mod_swmenufree\images\transmenu\.grey-40.png <-- ie /public_html/bluejays/modules/mod_swmenufree/images/transmenu .grey-40.png
2013.03.10 23:40 B C:\Server\htdocs\Joomla_site\bluejays\modules\mod_swmenufree\images\transmenu\.white-90.png <-- ie /public_html/bluejays/modules/mod_swmenufree/images/transmenu .white-90.png
2013.03.10 23:40 B C:\Server\htdocs\Joomla_site\bluejays\modules\mod_swmenufree\images\transmenu\black-off.gif <-- ie /public_html/bluejays/modules/mod_swmenufree/images/transmenu black-off.gif
2013.03.10 23:40 B C:\Server\htdocs\Joomla_site\bluejays\modules\mod_swmenufree\images\transmenu\black-on.gif <-- ie /public_html/bluejays/modules/mod_swmenufree/images/transmenu black-on.gif
2013.03.10 23:40 B C:\Server\htdocs\Joomla_site\bluejays\modules\mod_swmenufree\images\transmenu\blackleft-off.gif <-- ie /public_html/bluejays/modules/mod_swmenufree/images/transmenu blackleft-off.gif
2013.03.10 23:40 B C:\Server\htdocs\Joomla_site\bluejays\modules\mod_swmenufree\images\transmenu\blackleft-on.gif <-- ie /public_html/bluejays/modules/mod_swmenufree/images/transmenu blackleft-on.gif
2013.03.10 23:40 B C:\Server\htdocs\Joomla_site\bluejays\modules\mod_swmenufree\images\transmenu\blue-off.gif <-- ie /public_html/bluejays/modules/mod_swmenufree/images/transmenu blue-off.gif
2013.03.10 23:40 B C:\Server\htdocs\Joomla_site\bluejays\modules\mod_swmenufree\images\transmenu\blue-on.gif <-- ie /public_html/bluejays/modules/mod_swmenufree/images/transmenu blue-on.gif
2013.03.10 23:40 B C:\Server\htdocs\Joomla_site\bluejays\modules\mod_swmenufree\images\transmenu\blueleft-off.gif <-- ie /public_html/bluejays/modules/mod_swmenufree/images/transmenu blueleft-off.gif
2013.03.10 23:40 B C:\Server\htdocs\Joomla_site\bluejays\modules\mod_swmenufree\images\transmenu\blueleft-on.gif <-- ie /public_html/bluejays/modules/mod_swmenufree/images/transmenu blueleft-on.gif
2013.03.10 23:40 B C:\Server\htdocs\Joomla_site\bluejays\modules\mod_swmenufree\images\transmenu\green-off.gif <-- ie /public_html/bluejays/modules/mod_swmenufree/images/transmenu green-off.gif
2013.03.10 23:40 B C:\Server\htdocs\Joomla_site\bluejays\modules\mod_swmenufree\images\transmenu\green-on.gif <-- ie /public_html/bluejays/modules/mod_swmenufree/images/transmenu green-on.gif
2013.03.10 23:40 B C:\Server\htdocs\Joomla_site\bluejays\modules\mod_swmenufree\images\transmenu\greenleft-off.gif <-- ie /public_html/bluejays/modules/mod_swmenufree/images/transmenu greenleft-off.gif
2013.03.10 23:40 B C:\Server\htdocs\Joomla_site\bluejays\modules\mod_swmenufree\images\transmenu\greenleft-on.gif <-- ie /public_html/bluejays/modules/mod_swmenufree/images/transmenu greenleft-on.gif
2013.03.10 23:40 B C:\Server\htdocs\Joomla_site\bluejays\modules\mod_swmenufree\images\transmenu\grey-40.png <-- ie /public_html/bluejays/modules/mod_swmenufree/images/transmenu grey-40.png
2013.03.10 23:40 B C:\Server\htdocs\Joomla_site\bluejays\modules\mod_swmenufree\images\transmenu\grey-off.gif <-- ie /public_html/bluejays/modules/mod_swmenufree/images/transmenu grey-off.gif
2013.03.10 23:40 B C:\Server\htdocs\Joomla_site\bluejays\modules\mod_swmenufree\images\transmenu\grey-on.gif <-- ie /public_html/bluejays/modules/mod_swmenufree/images/transmenu grey-on.gif
2013.03.10 23:40 B C:\Server\htdocs\Joomla_site\bluejays\modules\mod_swmenufree\images\transmenu\greyleft-off.gif <-- ie /public_html/bluejays/modules/mod_swmenufree/images/transmenu greyleft-off.gif
2013.03.10 23:40 B C:\Server\htdocs\Joomla_site\bluejays\modules\mod_swmenufree\images\transmenu\greyleft-on.gif <-- ie /public_html/bluejays/modules/mod_swmenufree/images/transmenu greyleft-on.gif
2013.03.10 23:40 B C:\Server\htdocs\Joomla_site\bluejays\modules\mod_swmenufree\images\transmenu\red-off.gif <-- ie /public_html/bluejays/modules/mod_swmenufree/images/transmenu red-off.gif
2013.03.10 23:40 B C:\Server\htdocs\Joomla_site\bluejays\modules\mod_swmenufree\images\transmenu\red-on.gif <-- ie /public_html/bluejays/modules/mod_swmenufree/images/transmenu red-on.gif
2013.03.10 23:40 B C:\Server\htdocs\Joomla_site\bluejays\modules\mod_swmenufree\images\transmenu\redleft-off.gif <-- ie /public_html/bluejays/modules/mod_swmenufree/images/transmenu redleft-off.gif
2013.03.10 23:40 B C:\Server\htdocs\Joomla_site\bluejays\modules\mod_swmenufree\images\transmenu\redleft-on.gif <-- ie /public_html/bluejays/modules/mod_swmenufree/images/transmenu redleft-on.gif
2013.03.10 23:40 B C:\Server\htdocs\Joomla_site\bluejays\modules\mod_swmenufree\images\transmenu\submenu-off.gif <-- ie /public_html/bluejays/modules/mod_swmenufree/images/transmenu submenu-off.gif
2013.03.10 23:40 B C:\Server\htdocs\Joomla_site\bluejays\modules\mod_swmenufree\images\transmenu\submenu-on.gif <-- ie /public_html/bluejays/modules/mod_swmenufree/images/transmenu submenu-on.gif
2013.03.10 23:40 B C:\Server\htdocs\Joomla_site\bluejays\modules\mod_swmenufree\images\transmenu\submenuleft-off.gif <-- ie /public_html/bluejays/modules/mod_swmenufree/images/transmenu submenuleft-off.gif
2013.03.10 23:40 B C:\Server\htdocs\Joomla_site\bluejays\modules\mod_swmenufree\images\transmenu\submenuleft-on.gif <-- ie /public_html/bluejays/modules/mod_swmenufree/images/transmenu submenuleft-on.gif
2013.03.10 23:40 B C:\Server\htdocs\Joomla_site\bluejays\modules\mod_swmenufree\images\transmenu\white-90.png <-- ie /public_html/bluejays/modules/mod_swmenufree/images/transmenu white-90.png
2013.03.10 23:40 B C:\Server\htdocs\Joomla_site\bluejays\modules\mod_swmenufree\images\transmenu\white-off.gif <-- ie /public_html/bluejays/modules/mod_swmenufree/images/transmenu white-off.gif
2013.03.10 23:40 B C:\Server\htdocs\Joomla_site\bluejays\modules\mod_swmenufree\images\transmenu\white-on.gif <-- ie /public_html/bluejays/modules/mod_swmenufree/images/transmenu white-on.gif
2013.03.10 23:40 B C:\Server\htdocs\Joomla_site\bluejays\modules\mod_swmenufree\images\transmenu\whiteleft-off.gif <-- ie /public_html/bluejays/modules/mod_swmenufree/images/transmenu whiteleft-off.gif
2013.03.10 23:40 B C:\Server\htdocs\Joomla_site\bluejays\modules\mod_swmenufree\images\transmenu\whiteleft-on.gif <-- ie /public_html/bluejays/modules/mod_swmenufree/images/transmenu whiteleft-on.gif
2013.03.10 23:40 B C:\Server\htdocs\Joomla_site\bluejays\modules\mod_swmenufree\images\transmenu\x.gif <-- ie /public_html/bluejays/modules/mod_swmenufree/images/transmenu x.gif
2013.03.10 23:40 B C:\Server\htdocs\Joomla_site\bluejays\modules\mod_swmenufree\images\transmenu\yellow-off.gif <-- ie /public_html/bluejays/modules/mod_swmenufree/images/transmenu yellow-off.gif
2013.03.10 23:40 B C:\Server\htdocs\Joomla_site\bluejays\modules\mod_swmenufree\images\transmenu\yellow-on.gif <-- ie /public_html/bluejays/modules/mod_swmenufree/images/transmenu yellow-on.gif
2013.03.10 23:40 B C:\Server\htdocs\Joomla_site\bluejays\modules\mod_swmenufree\images\transmenu\yellowleft-off.gif <-- ie /public_html/bluejays/modules/mod_swmenufree/images/transmenu yellowleft-off.gif
2013.03.10 23:40 B C:\Server\htdocs\Joomla_site\bluejays\modules\mod_swmenufree\images\transmenu\yellowleft-on.gif <-- ie /public_html/bluejays/modules/mod_swmenufree/images/transmenu yellowleft-on.gif
