2013.03.10 23:14 B C:\Server\htdocs\Joomla_site\bluejays\images\M_images\arrow.png <-- ie /public_html/bluejays/images/M_images arrow.png
2013.03.10 23:14 B C:\Server\htdocs\Joomla_site\bluejays\images\M_images\blank.png <-- ie /public_html/bluejays/images/M_images blank.png
2013.03.10 23:14 B C:\Server\htdocs\Joomla_site\bluejays\images\M_images\con_address.png <-- ie /public_html/bluejays/images/M_images con_address.png
2013.03.10 23:14 B C:\Server\htdocs\Joomla_site\bluejays\images\M_images\con_fax.png <-- ie /public_html/bluejays/images/M_images con_fax.png
2013.03.10 23:14 B C:\Server\htdocs\Joomla_site\bluejays\images\M_images\con_info.png <-- ie /public_html/bluejays/images/M_images con_info.png
2013.03.10 23:14 B C:\Server\htdocs\Joomla_site\bluejays\images\M_images\con_mobile.png <-- ie /public_html/bluejays/images/M_images con_mobile.png
2013.03.10 23:14 B C:\Server\htdocs\Joomla_site\bluejays\images\M_images\con_tel.png <-- ie /public_html/bluejays/images/M_images con_tel.png
2013.03.10 23:14 B C:\Server\htdocs\Joomla_site\bluejays\images\M_images\edit.png <-- ie /public_html/bluejays/images/M_images edit.png
2013.03.10 23:14 B C:\Server\htdocs\Joomla_site\bluejays\images\M_images\edit_unpublished.png <-- ie /public_html/bluejays/images/M_images edit_unpublished.png
2013.03.10 23:14 B C:\Server\htdocs\Joomla_site\bluejays\images\M_images\emailButton.png <-- ie /public_html/bluejays/images/M_images emailButton.png
2013.03.10 23:14 B C:\Server\htdocs\Joomla_site\bluejays\images\M_images\icon_error.gif <-- ie /public_html/bluejays/images/M_images icon_error.gif
2013.03.10 23:14 B C:\Server\htdocs\Joomla_site\bluejays\images\M_images\indent.png <-- ie /public_html/bluejays/images/M_images indent.png
2013.03.10 23:14 B C:\Server\htdocs\Joomla_site\bluejays\images\M_images\indent1.png <-- ie /public_html/bluejays/images/M_images indent1.png
2013.03.10 23:14 B C:\Server\htdocs\Joomla_site\bluejays\images\M_images\indent2.png <-- ie /public_html/bluejays/images/M_images indent2.png
2013.03.10 23:14 B C:\Server\htdocs\Joomla_site\bluejays\images\M_images\indent3.png <-- ie /public_html/bluejays/images/M_images indent3.png
2013.03.10 23:14 B C:\Server\htdocs\Joomla_site\bluejays\images\M_images\indent4.png <-- ie /public_html/bluejays/images/M_images indent4.png
2013.03.10 23:14 B C:\Server\htdocs\Joomla_site\bluejays\images\M_images\indent5.png <-- ie /public_html/bluejays/images/M_images indent5.png
2013.03.10 23:14 B C:\Server\htdocs\Joomla_site\bluejays\images\M_images\index.html <-- ie /public_html/bluejays/images/M_images index.html
2013.03.10 23:14 B C:\Server\htdocs\Joomla_site\bluejays\images\M_images\livemarks-rtl.png <-- ie /public_html/bluejays/images/M_images livemarks-rtl.png
2013.03.10 23:14 B C:\Server\htdocs\Joomla_site\bluejays\images\M_images\livemarks.png <-- ie /public_html/bluejays/images/M_images livemarks.png
2013.03.10 23:14 B C:\Server\htdocs\Joomla_site\bluejays\images\M_images\new.png <-- ie /public_html/bluejays/images/M_images new.png
2013.03.10 23:14 B C:\Server\htdocs\Joomla_site\bluejays\images\M_images\no_indent.png <-- ie /public_html/bluejays/images/M_images no_indent.png
2013.03.10 23:15 B C:\Server\htdocs\Joomla_site\bluejays\images\M_images\pdf_button.png <-- ie /public_html/bluejays/images/M_images pdf_button.png
2013.03.10 23:15 B C:\Server\htdocs\Joomla_site\bluejays\images\M_images\printButton.png <-- ie /public_html/bluejays/images/M_images printButton.png
2013.03.10 23:15 B C:\Server\htdocs\Joomla_site\bluejays\images\M_images\rating_star.png <-- ie /public_html/bluejays/images/M_images rating_star.png
2013.03.10 23:15 B C:\Server\htdocs\Joomla_site\bluejays\images\M_images\rating_star_blank.png <-- ie /public_html/bluejays/images/M_images rating_star_blank.png
2013.03.10 23:15 B C:\Server\htdocs\Joomla_site\bluejays\images\M_images\sort0.png <-- ie /public_html/bluejays/images/M_images sort0.png
2013.03.10 23:15 B C:\Server\htdocs\Joomla_site\bluejays\images\M_images\sort1.png <-- ie /public_html/bluejays/images/M_images sort1.png
2013.03.10 23:15 B C:\Server\htdocs\Joomla_site\bluejays\images\M_images\sort_asc.png <-- ie /public_html/bluejays/images/M_images sort_asc.png
2013.03.10 23:15 B C:\Server\htdocs\Joomla_site\bluejays\images\M_images\sort_desc.png <-- ie /public_html/bluejays/images/M_images sort_desc.png
2013.03.10 23:15 B C:\Server\htdocs\Joomla_site\bluejays\images\M_images\sort_none.png <-- ie /public_html/bluejays/images/M_images sort_none.png
2013.03.10 23:15 B C:\Server\htdocs\Joomla_site\bluejays\images\M_images\weblink.png <-- ie /public_html/bluejays/images/M_images weblink.png
