2013.03.10 22:04 B C:\Server\htdocs\Joomla_site\bluejays\administrator\components\com_media\images\btnBack.gif <-- ie /public_html/bluejays/administrator/components/com_media/images btnBack.gif
2013.03.10 22:04 B C:\Server\htdocs\Joomla_site\bluejays\administrator\components\com_media\images\btnFolderNew.gif <-- ie /public_html/bluejays/administrator/components/com_media/images btnFolderNew.gif
2013.03.10 22:04 B C:\Server\htdocs\Joomla_site\bluejays\administrator\components\com_media\images\btnFolderUp.gif <-- ie /public_html/bluejays/administrator/components/com_media/images btnFolderUp.gif
2013.03.10 22:04 B C:\Server\htdocs\Joomla_site\bluejays\administrator\components\com_media\images\con_info.png <-- ie /public_html/bluejays/administrator/components/com_media/images con_info.png
2013.03.10 22:04 B C:\Server\htdocs\Joomla_site\bluejays\administrator\components\com_media\images\dots.gif <-- ie /public_html/bluejays/administrator/components/com_media/images dots.gif
2013.03.10 22:04 B C:\Server\htdocs\Joomla_site\bluejays\administrator\components\com_media\images\edit_pencil.gif <-- ie /public_html/bluejays/administrator/components/com_media/images edit_pencil.gif
2013.03.10 22:04 B C:\Server\htdocs\Joomla_site\bluejays\administrator\components\com_media\images\edit_trash.gif <-- ie /public_html/bluejays/administrator/components/com_media/images edit_trash.gif
2013.03.10 22:04 B C:\Server\htdocs\Joomla_site\bluejays\administrator\components\com_media\images\folder.gif <-- ie /public_html/bluejays/administrator/components/com_media/images folder.gif
2013.03.10 22:04 B C:\Server\htdocs\Joomla_site\bluejays\administrator\components\com_media\images\folder.png <-- ie /public_html/bluejays/administrator/components/com_media/images folder.png
2013.03.10 22:04 B C:\Server\htdocs\Joomla_site\bluejays\administrator\components\com_media\images\folder_sm.png <-- ie /public_html/bluejays/administrator/components/com_media/images folder_sm.png
2013.03.10 22:04 B C:\Server\htdocs\Joomla_site\bluejays\administrator\components\com_media\images\folderup.png <-- ie /public_html/bluejays/administrator/components/com_media/images folderup.png
2013.03.10 22:04 B C:\Server\htdocs\Joomla_site\bluejays\administrator\components\com_media\images\folderup_16.png <-- ie /public_html/bluejays/administrator/components/com_media/images folderup_16.png
2013.03.10 22:04 B C:\Server\htdocs\Joomla_site\bluejays\administrator\components\com_media\images\folderup_32.png <-- ie /public_html/bluejays/administrator/components/com_media/images folderup_32.png
2013.03.10 22:04 B C:\Server\htdocs\Joomla_site\bluejays\administrator\components\com_media\images\index.html <-- ie /public_html/bluejays/administrator/components/com_media/images index.html
2013.03.10 22:04 B C:\Server\htdocs\Joomla_site\bluejays\administrator\components\com_media\images\info.png <-- ie /public_html/bluejays/administrator/components/com_media/images info.png
2013.03.10 22:05 B C:\Server\htdocs\Joomla_site\bluejays\administrator\components\com_media\images\noimages.gif <-- ie /public_html/bluejays/administrator/components/com_media/images noimages.gif
2013.03.10 22:05 B C:\Server\htdocs\Joomla_site\bluejays\administrator\components\com_media\images\presentation_16.png <-- ie /public_html/bluejays/administrator/components/com_media/images presentation_16.png
2013.03.10 22:05 B C:\Server\htdocs\Joomla_site\bluejays\administrator\components\com_media\images\remove.png <-- ie /public_html/bluejays/administrator/components/com_media/images remove.png
2013.03.10 22:05 B C:\Server\htdocs\Joomla_site\bluejays\administrator\components\com_media\images\spreadsheet_16.png <-- ie /public_html/bluejays/administrator/components/com_media/images spreadsheet_16.png
2013.03.10 22:05 B C:\Server\htdocs\Joomla_site\bluejays\administrator\components\com_media\images\terminal_16.png <-- ie /public_html/bluejays/administrator/components/com_media/images terminal_16.png
2013.03.10 22:05 B C:\Server\htdocs\Joomla_site\bluejays\administrator\components\com_media\images\uploading.gif <-- ie /public_html/bluejays/administrator/components/com_media/images uploading.gif
