2011.09.02 13:13 B D:\Server\Apache2.2\htdocs\jqueryui\development-bundle\themes\base\jslider.css --> ftp.iemilie.com /public_html/projs/jqueryui/development-bundle/themes/base jslider.css
2011.09.02 13:13 B D:\Server\Apache2.2\htdocs\jqueryui\development-bundle\themes\base\jslider.blue.css --> ftp.iemilie.com /public_html/projs/jqueryui/development-bundle/themes/base jslider.blue.css
2011.09.02 13:13 B D:\Server\Apache2.2\htdocs\jqueryui\development-bundle\themes\base\jslider.grey.png --> ftp.iemilie.com /public_html/projs/jqueryui/development-bundle/themes/base jslider.grey.png
2011.09.02 13:13 B D:\Server\Apache2.2\htdocs\jqueryui\development-bundle\themes\base\jslider.png --> ftp.iemilie.com /public_html/projs/jqueryui/development-bundle/themes/base jslider.png
2011.09.02 13:13 B D:\Server\Apache2.2\htdocs\jqueryui\development-bundle\themes\base\jquery.ui.theme.css --> ftp.iemilie.com /public_html/projs/jqueryui/development-bundle/themes/base jquery.ui.theme.css
2011.09.02 13:13 B D:\Server\Apache2.2\htdocs\jqueryui\development-bundle\themes\base\jquery.ui.tabs.css --> ftp.iemilie.com /public_html/projs/jqueryui/development-bundle/themes/base jquery.ui.tabs.css
2011.09.02 13:13 B D:\Server\Apache2.2\htdocs\jqueryui\development-bundle\themes\base\jquery.ui.slider.css --> ftp.iemilie.com /public_html/projs/jqueryui/development-bundle/themes/base jquery.ui.slider.css
2011.09.02 13:13 B D:\Server\Apache2.2\htdocs\jqueryui\development-bundle\themes\base\jquery.ui.selectable.css --> ftp.iemilie.com /public_html/projs/jqueryui/development-bundle/themes/base jquery.ui.selectable.css
2011.09.02 13:13 B D:\Server\Apache2.2\htdocs\jqueryui\development-bundle\themes\base\jquery.ui.resizable.css --> ftp.iemilie.com /public_html/projs/jqueryui/development-bundle/themes/base jquery.ui.resizable.css
2011.09.02 13:13 B D:\Server\Apache2.2\htdocs\jqueryui\development-bundle\themes\base\jquery.ui.progressbar.css --> ftp.iemilie.com /public_html/projs/jqueryui/development-bundle/themes/base jquery.ui.progressbar.css
2011.09.02 13:13 B D:\Server\Apache2.2\htdocs\jqueryui\development-bundle\themes\base\jquery.ui.dialog.css --> ftp.iemilie.com /public_html/projs/jqueryui/development-bundle/themes/base jquery.ui.dialog.css
2011.09.02 13:13 B D:\Server\Apache2.2\htdocs\jqueryui\development-bundle\themes\base\jquery.ui.datepicker.css --> ftp.iemilie.com /public_html/projs/jqueryui/development-bundle/themes/base jquery.ui.datepicker.css
2011.09.02 13:13 B D:\Server\Apache2.2\htdocs\jqueryui\development-bundle\themes\base\jquery.ui.core.css --> ftp.iemilie.com /public_html/projs/jqueryui/development-bundle/themes/base jquery.ui.core.css
2011.09.02 13:13 B D:\Server\Apache2.2\htdocs\jqueryui\development-bundle\themes\base\jquery.ui.button.css --> ftp.iemilie.com /public_html/projs/jqueryui/development-bundle/themes/base jquery.ui.button.css
2011.09.02 13:13 B D:\Server\Apache2.2\htdocs\jqueryui\development-bundle\themes\base\jquery.ui.base.css --> ftp.iemilie.com /public_html/projs/jqueryui/development-bundle/themes/base jquery.ui.base.css
2011.09.02 13:13 B D:\Server\Apache2.2\htdocs\jqueryui\development-bundle\themes\base\jquery.ui.autocomplete.css --> ftp.iemilie.com /public_html/projs/jqueryui/development-bundle/themes/base jquery.ui.autocomplete.css
2011.09.02 13:13 B D:\Server\Apache2.2\htdocs\jqueryui\development-bundle\themes\base\jquery.ui.all.css --> ftp.iemilie.com /public_html/projs/jqueryui/development-bundle/themes/base jquery.ui.all.css
2011.09.02 13:13 B D:\Server\Apache2.2\htdocs\jqueryui\development-bundle\themes\base\jquery.ui.accordion.css --> ftp.iemilie.com /public_html/projs/jqueryui/development-bundle/themes/base jquery.ui.accordion.css
2012.03.13 10:56 B Z:\Server\Apache2.2\htdocs\site\includes\jQuery\themes\base\jquery.ui.accordion.css --> neaa.us /public_html/bostonmedflight.org/site/includes/jQuery/themes/base jquery.ui.accordion.css
2012.03.13 10:56 B Z:\Server\Apache2.2\htdocs\site\includes\jQuery\themes\base\jquery.ui.all.css --> neaa.us /public_html/bostonmedflight.org/site/includes/jQuery/themes/base jquery.ui.all.css
2012.03.13 10:56 B Z:\Server\Apache2.2\htdocs\site\includes\jQuery\themes\base\jquery.ui.autocomplete.css --> neaa.us /public_html/bostonmedflight.org/site/includes/jQuery/themes/base jquery.ui.autocomplete.css
2012.03.13 10:56 B Z:\Server\Apache2.2\htdocs\site\includes\jQuery\themes\base\jquery.ui.base.css --> neaa.us /public_html/bostonmedflight.org/site/includes/jQuery/themes/base jquery.ui.base.css
2012.03.13 10:56 B Z:\Server\Apache2.2\htdocs\site\includes\jQuery\themes\base\jquery.ui.button.css --> neaa.us /public_html/bostonmedflight.org/site/includes/jQuery/themes/base jquery.ui.button.css
2012.03.13 10:56 B Z:\Server\Apache2.2\htdocs\site\includes\jQuery\themes\base\jquery.ui.core.css --> neaa.us /public_html/bostonmedflight.org/site/includes/jQuery/themes/base jquery.ui.core.css
2012.03.13 10:56 B Z:\Server\Apache2.2\htdocs\site\includes\jQuery\themes\base\jquery.ui.datepicker.css --> neaa.us /public_html/bostonmedflight.org/site/includes/jQuery/themes/base jquery.ui.datepicker.css
2012.03.13 10:56 B Z:\Server\Apache2.2\htdocs\site\includes\jQuery\themes\base\jquery.ui.dialog.css --> neaa.us /public_html/bostonmedflight.org/site/includes/jQuery/themes/base jquery.ui.dialog.css
2012.03.13 10:56 B Z:\Server\Apache2.2\htdocs\site\includes\jQuery\themes\base\jquery.ui.progressbar.css --> neaa.us /public_html/bostonmedflight.org/site/includes/jQuery/themes/base jquery.ui.progressbar.css
2012.03.13 10:56 B Z:\Server\Apache2.2\htdocs\site\includes\jQuery\themes\base\jquery.ui.resizable.css --> neaa.us /public_html/bostonmedflight.org/site/includes/jQuery/themes/base jquery.ui.resizable.css
2012.03.13 10:56 B Z:\Server\Apache2.2\htdocs\site\includes\jQuery\themes\base\jquery.ui.selectable.css --> neaa.us /public_html/bostonmedflight.org/site/includes/jQuery/themes/base jquery.ui.selectable.css
2012.03.13 10:56 B Z:\Server\Apache2.2\htdocs\site\includes\jQuery\themes\base\jquery.ui.slider.css --> neaa.us /public_html/bostonmedflight.org/site/includes/jQuery/themes/base jquery.ui.slider.css
2012.03.13 10:56 B Z:\Server\Apache2.2\htdocs\site\includes\jQuery\themes\base\jquery.ui.tabs.css --> neaa.us /public_html/bostonmedflight.org/site/includes/jQuery/themes/base jquery.ui.tabs.css
2012.03.13 10:56 B Z:\Server\Apache2.2\htdocs\site\includes\jQuery\themes\base\jquery.ui.theme.css --> neaa.us /public_html/bostonmedflight.org/site/includes/jQuery/themes/base jquery.ui.theme.css
2012.03.13 10:56 B Z:\Server\Apache2.2\htdocs\site\includes\jQuery\themes\base\jslider.blue.css --> neaa.us /public_html/bostonmedflight.org/site/includes/jQuery/themes/base jslider.blue.css
2012.03.13 10:56 B Z:\Server\Apache2.2\htdocs\site\includes\jQuery\themes\base\jslider.css --> neaa.us /public_html/bostonmedflight.org/site/includes/jQuery/themes/base jslider.css
2012.03.13 10:56 B Z:\Server\Apache2.2\htdocs\site\includes\jQuery\themes\base\jslider.grey.png --> neaa.us /public_html/bostonmedflight.org/site/includes/jQuery/themes/base jslider.grey.png
2012.03.13 10:56 B Z:\Server\Apache2.2\htdocs\site\includes\jQuery\themes\base\jslider.png --> neaa.us /public_html/bostonmedflight.org/site/includes/jQuery/themes/base jslider.png
2012.03.13 10:56 B Z:\Server\Apache2.2\htdocs\site\includes\jQuery\themes\base\WS_FTP.LOG --> neaa.us /public_html/bostonmedflight.org/site/includes/jQuery/themes/base WS_FTP.LOG
2012.08.22 10:14 B Z:\Server\Apache2.2\htdocs\site\includes\jQuery\themes\base\jquery.ui.accordion.css --> ftp.iemilie.com /public_html/bluejays/includes/jQuery/themes/base jquery.ui.accordion.css
2012.08.22 10:14 B Z:\Server\Apache2.2\htdocs\site\includes\jQuery\themes\base\jquery.ui.all.css --> ftp.iemilie.com /public_html/bluejays/includes/jQuery/themes/base jquery.ui.all.css
2012.08.22 10:14 B Z:\Server\Apache2.2\htdocs\site\includes\jQuery\themes\base\jquery.ui.autocomplete.css --> ftp.iemilie.com /public_html/bluejays/includes/jQuery/themes/base jquery.ui.autocomplete.css
2012.08.22 10:14 B Z:\Server\Apache2.2\htdocs\site\includes\jQuery\themes\base\jquery.ui.base.css --> ftp.iemilie.com /public_html/bluejays/includes/jQuery/themes/base jquery.ui.base.css
2012.08.22 10:14 B Z:\Server\Apache2.2\htdocs\site\includes\jQuery\themes\base\jquery.ui.button.css --> ftp.iemilie.com /public_html/bluejays/includes/jQuery/themes/base jquery.ui.button.css
2012.08.22 10:14 B Z:\Server\Apache2.2\htdocs\site\includes\jQuery\themes\base\jquery.ui.core.css --> ftp.iemilie.com /public_html/bluejays/includes/jQuery/themes/base jquery.ui.core.css
2012.08.22 10:14 B Z:\Server\Apache2.2\htdocs\site\includes\jQuery\themes\base\jquery.ui.datepicker.css --> ftp.iemilie.com /public_html/bluejays/includes/jQuery/themes/base jquery.ui.datepicker.css
2012.08.22 10:14 B Z:\Server\Apache2.2\htdocs\site\includes\jQuery\themes\base\jquery.ui.dialog.css --> ftp.iemilie.com /public_html/bluejays/includes/jQuery/themes/base jquery.ui.dialog.css
2012.08.22 10:14 B Z:\Server\Apache2.2\htdocs\site\includes\jQuery\themes\base\jquery.ui.progressbar.css --> ftp.iemilie.com /public_html/bluejays/includes/jQuery/themes/base jquery.ui.progressbar.css
2012.08.22 10:14 B Z:\Server\Apache2.2\htdocs\site\includes\jQuery\themes\base\jquery.ui.resizable.css --> ftp.iemilie.com /public_html/bluejays/includes/jQuery/themes/base jquery.ui.resizable.css
2012.08.22 10:14 B Z:\Server\Apache2.2\htdocs\site\includes\jQuery\themes\base\jquery.ui.selectable.css --> ftp.iemilie.com /public_html/bluejays/includes/jQuery/themes/base jquery.ui.selectable.css
2012.08.22 10:14 B Z:\Server\Apache2.2\htdocs\site\includes\jQuery\themes\base\jquery.ui.slider.css --> ftp.iemilie.com /public_html/bluejays/includes/jQuery/themes/base jquery.ui.slider.css
2012.08.22 10:14 B Z:\Server\Apache2.2\htdocs\site\includes\jQuery\themes\base\jquery.ui.tabs.css --> ftp.iemilie.com /public_html/bluejays/includes/jQuery/themes/base jquery.ui.tabs.css
2012.08.22 10:14 B Z:\Server\Apache2.2\htdocs\site\includes\jQuery\themes\base\jquery.ui.theme.css --> ftp.iemilie.com /public_html/bluejays/includes/jQuery/themes/base jquery.ui.theme.css
2012.08.22 10:14 B Z:\Server\Apache2.2\htdocs\site\includes\jQuery\themes\base\jquery.ui.theme.css~ --> ftp.iemilie.com /public_html/bluejays/includes/jQuery/themes/base jquery.ui.theme.css~
2012.08.22 10:14 B Z:\Server\Apache2.2\htdocs\site\includes\jQuery\themes\base\jslider.blue.css --> ftp.iemilie.com /public_html/bluejays/includes/jQuery/themes/base jslider.blue.css
2012.08.22 10:14 B Z:\Server\Apache2.2\htdocs\site\includes\jQuery\themes\base\jslider.css --> ftp.iemilie.com /public_html/bluejays/includes/jQuery/themes/base jslider.css
2012.08.22 10:14 B Z:\Server\Apache2.2\htdocs\site\includes\jQuery\themes\base\jslider.grey.png --> ftp.iemilie.com /public_html/bluejays/includes/jQuery/themes/base jslider.grey.png
2012.08.22 10:15 B Z:\Server\Apache2.2\htdocs\site\includes\jQuery\themes\base\jslider.png --> ftp.iemilie.com /public_html/bluejays/includes/jQuery/themes/base jslider.png
2013.03.10 23:17 B C:\Server\htdocs\Joomla_site\bluejays\includes\jQuery\themes\base\WS_FTP.LOG <-- ie /public_html/bluejays/includes/jQuery/themes/base WS_FTP.LOG
