2013.03.10 23:24 B C:\Server\htdocs\Joomla_site\bluejays\language\en-GB\en-GB.com_banners.ini <-- ie /public_html/bluejays/language/en-GB en-GB.com_banners.ini
2013.03.10 23:24 B C:\Server\htdocs\Joomla_site\bluejays\language\en-GB\en-GB.com_contact.ini <-- ie /public_html/bluejays/language/en-GB en-GB.com_contact.ini
2013.03.10 23:24 B C:\Server\htdocs\Joomla_site\bluejays\language\en-GB\en-GB.com_content.ini <-- ie /public_html/bluejays/language/en-GB en-GB.com_content.ini
2013.03.10 23:24 B C:\Server\htdocs\Joomla_site\bluejays\language\en-GB\en-GB.com_frontpage.ini <-- ie /public_html/bluejays/language/en-GB en-GB.com_frontpage.ini
2013.03.10 23:24 B C:\Server\htdocs\Joomla_site\bluejays\language\en-GB\en-GB.com_mailto.ini <-- ie /public_html/bluejays/language/en-GB en-GB.com_mailto.ini
2013.03.10 23:24 B C:\Server\htdocs\Joomla_site\bluejays\language\en-GB\en-GB.com_media.ini <-- ie /public_html/bluejays/language/en-GB en-GB.com_media.ini
2013.03.10 23:24 B C:\Server\htdocs\Joomla_site\bluejays\language\en-GB\en-GB.com_messages.ini <-- ie /public_html/bluejays/language/en-GB en-GB.com_messages.ini
2013.03.10 23:24 B C:\Server\htdocs\Joomla_site\bluejays\language\en-GB\en-GB.com_newsfeeds.ini <-- ie /public_html/bluejays/language/en-GB en-GB.com_newsfeeds.ini
2013.03.10 23:24 B C:\Server\htdocs\Joomla_site\bluejays\language\en-GB\en-GB.com_poll.ini <-- ie /public_html/bluejays/language/en-GB en-GB.com_poll.ini
2013.03.10 23:24 B C:\Server\htdocs\Joomla_site\bluejays\language\en-GB\en-GB.com_search.ini <-- ie /public_html/bluejays/language/en-GB en-GB.com_search.ini
2013.03.10 23:24 B C:\Server\htdocs\Joomla_site\bluejays\language\en-GB\en-GB.com_user.ini <-- ie /public_html/bluejays/language/en-GB en-GB.com_user.ini
2013.03.10 23:24 B C:\Server\htdocs\Joomla_site\bluejays\language\en-GB\en-GB.com_weblinks.ini <-- ie /public_html/bluejays/language/en-GB en-GB.com_weblinks.ini
2013.03.10 23:24 B C:\Server\htdocs\Joomla_site\bluejays\language\en-GB\en-GB.com_wrapper.ini <-- ie /public_html/bluejays/language/en-GB en-GB.com_wrapper.ini
2013.03.10 23:24 B C:\Server\htdocs\Joomla_site\bluejays\language\en-GB\en-GB.ignore.php <-- ie /public_html/bluejays/language/en-GB en-GB.ignore.php
2013.03.10 23:24 B C:\Server\htdocs\Joomla_site\bluejays\language\en-GB\en-GB.ini <-- ie /public_html/bluejays/language/en-GB en-GB.ini
2013.03.10 23:24 B C:\Server\htdocs\Joomla_site\bluejays\language\en-GB\en-GB.mod_archive.ini <-- ie /public_html/bluejays/language/en-GB en-GB.mod_archive.ini
2013.03.10 23:24 B C:\Server\htdocs\Joomla_site\bluejays\language\en-GB\en-GB.mod_banners.ini <-- ie /public_html/bluejays/language/en-GB en-GB.mod_banners.ini
2013.03.10 23:24 B C:\Server\htdocs\Joomla_site\bluejays\language\en-GB\en-GB.mod_breadcrumbs.ini <-- ie /public_html/bluejays/language/en-GB en-GB.mod_breadcrumbs.ini
2013.03.10 23:24 B C:\Server\htdocs\Joomla_site\bluejays\language\en-GB\en-GB.mod_custom.ini <-- ie /public_html/bluejays/language/en-GB en-GB.mod_custom.ini
2013.03.10 23:24 B C:\Server\htdocs\Joomla_site\bluejays\language\en-GB\en-GB.mod_feed.ini <-- ie /public_html/bluejays/language/en-GB en-GB.mod_feed.ini
2013.03.10 23:24 B C:\Server\htdocs\Joomla_site\bluejays\language\en-GB\en-GB.mod_footer.ini <-- ie /public_html/bluejays/language/en-GB en-GB.mod_footer.ini
2013.03.10 23:24 B C:\Server\htdocs\Joomla_site\bluejays\language\en-GB\en-GB.mod_latestnews.ini <-- ie /public_html/bluejays/language/en-GB en-GB.mod_latestnews.ini
2013.03.10 23:24 B C:\Server\htdocs\Joomla_site\bluejays\language\en-GB\en-GB.mod_login.ini <-- ie /public_html/bluejays/language/en-GB en-GB.mod_login.ini
2013.03.10 23:24 B C:\Server\htdocs\Joomla_site\bluejays\language\en-GB\en-GB.mod_mainmenu.ini <-- ie /public_html/bluejays/language/en-GB en-GB.mod_mainmenu.ini
2013.03.10 23:24 B C:\Server\htdocs\Joomla_site\bluejays\language\en-GB\en-GB.mod_mostread.ini <-- ie /public_html/bluejays/language/en-GB en-GB.mod_mostread.ini
2013.03.10 23:24 B C:\Server\htdocs\Joomla_site\bluejays\language\en-GB\en-GB.mod_newsflash.ini <-- ie /public_html/bluejays/language/en-GB en-GB.mod_newsflash.ini
2013.03.10 23:24 B C:\Server\htdocs\Joomla_site\bluejays\language\en-GB\en-GB.mod_online.ini <-- ie /public_html/bluejays/language/en-GB en-GB.mod_online.ini
2013.03.10 23:24 B C:\Server\htdocs\Joomla_site\bluejays\language\en-GB\en-GB.mod_poll.ini <-- ie /public_html/bluejays/language/en-GB en-GB.mod_poll.ini
2013.03.10 23:24 B C:\Server\htdocs\Joomla_site\bluejays\language\en-GB\en-GB.mod_random_image.ini <-- ie /public_html/bluejays/language/en-GB en-GB.mod_random_image.ini
2013.03.10 23:24 B C:\Server\htdocs\Joomla_site\bluejays\language\en-GB\en-GB.mod_related_items.ini <-- ie /public_html/bluejays/language/en-GB en-GB.mod_related_items.ini
2013.03.10 23:24 B C:\Server\htdocs\Joomla_site\bluejays\language\en-GB\en-GB.mod_search.ini <-- ie /public_html/bluejays/language/en-GB en-GB.mod_search.ini
2013.03.10 23:24 B C:\Server\htdocs\Joomla_site\bluejays\language\en-GB\en-GB.mod_sections.ini <-- ie /public_html/bluejays/language/en-GB en-GB.mod_sections.ini
2013.03.10 23:24 B C:\Server\htdocs\Joomla_site\bluejays\language\en-GB\en-GB.mod_stats.ini <-- ie /public_html/bluejays/language/en-GB en-GB.mod_stats.ini
2013.03.10 23:24 B C:\Server\htdocs\Joomla_site\bluejays\language\en-GB\en-GB.mod_syndicate.ini <-- ie /public_html/bluejays/language/en-GB en-GB.mod_syndicate.ini
2013.03.10 23:24 B C:\Server\htdocs\Joomla_site\bluejays\language\en-GB\en-GB.mod_whosonline.ini <-- ie /public_html/bluejays/language/en-GB en-GB.mod_whosonline.ini
2013.03.10 23:24 B C:\Server\htdocs\Joomla_site\bluejays\language\en-GB\en-GB.mod_wrapper.ini <-- ie /public_html/bluejays/language/en-GB en-GB.mod_wrapper.ini
2013.03.10 23:24 B C:\Server\htdocs\Joomla_site\bluejays\language\en-GB\en-GB.plg_content_vote.ini <-- ie /public_html/bluejays/language/en-GB en-GB.plg_content_vote.ini
2013.03.10 23:24 B C:\Server\htdocs\Joomla_site\bluejays\language\en-GB\en-GB.plg_search_categories.ini <-- ie /public_html/bluejays/language/en-GB en-GB.plg_search_categories.ini
2013.03.10 23:24 B C:\Server\htdocs\Joomla_site\bluejays\language\en-GB\en-GB.plg_search_contacts.ini <-- ie /public_html/bluejays/language/en-GB en-GB.plg_search_contacts.ini
2013.03.10 23:24 B C:\Server\htdocs\Joomla_site\bluejays\language\en-GB\en-GB.plg_search_content.ini <-- ie /public_html/bluejays/language/en-GB en-GB.plg_search_content.ini
2013.03.10 23:24 B C:\Server\htdocs\Joomla_site\bluejays\language\en-GB\en-GB.plg_search_newsfeeds.ini <-- ie /public_html/bluejays/language/en-GB en-GB.plg_search_newsfeeds.ini
2013.03.10 23:24 B C:\Server\htdocs\Joomla_site\bluejays\language\en-GB\en-GB.plg_search_sections.ini <-- ie /public_html/bluejays/language/en-GB en-GB.plg_search_sections.ini
2013.03.10 23:24 B C:\Server\htdocs\Joomla_site\bluejays\language\en-GB\en-GB.plg_search_weblinks.ini <-- ie /public_html/bluejays/language/en-GB en-GB.plg_search_weblinks.ini
2013.03.10 23:24 B C:\Server\htdocs\Joomla_site\bluejays\language\en-GB\en-GB.plg_system_debug.ini <-- ie /public_html/bluejays/language/en-GB en-GB.plg_system_debug.ini
2013.03.10 23:24 B C:\Server\htdocs\Joomla_site\bluejays\language\en-GB\en-GB.tpl_beez.ini <-- ie /public_html/bluejays/language/en-GB en-GB.tpl_beez.ini
2013.03.10 23:24 B C:\Server\htdocs\Joomla_site\bluejays\language\en-GB\en-GB.tpl_rhuk_milkyway.ini <-- ie /public_html/bluejays/language/en-GB en-GB.tpl_rhuk_milkyway.ini
2013.03.10 23:24 B C:\Server\htdocs\Joomla_site\bluejays\language\en-GB\en-GB.xml <-- ie /public_html/bluejays/language/en-GB en-GB.xml
2013.03.10 23:24 B C:\Server\htdocs\Joomla_site\bluejays\language\en-GB\index.html <-- ie /public_html/bluejays/language/en-GB index.html
