2013.03.10 23:31 B C:\Server\htdocs\Joomla_site\bluejays\libraries\openid\Auth\OpenID\Association.php <-- ie /public_html/bluejays/libraries/openid/Auth/OpenID Association.php
2013.03.10 23:31 B C:\Server\htdocs\Joomla_site\bluejays\libraries\openid\Auth\OpenID\BigMath.php <-- ie /public_html/bluejays/libraries/openid/Auth/OpenID BigMath.php
2013.03.10 23:31 B C:\Server\htdocs\Joomla_site\bluejays\libraries\openid\Auth\OpenID\Consumer.php <-- ie /public_html/bluejays/libraries/openid/Auth/OpenID Consumer.php
2013.03.10 23:31 B C:\Server\htdocs\Joomla_site\bluejays\libraries\openid\Auth\OpenID\CryptUtil.php <-- ie /public_html/bluejays/libraries/openid/Auth/OpenID CryptUtil.php
2013.03.10 23:31 B C:\Server\htdocs\Joomla_site\bluejays\libraries\openid\Auth\OpenID\DatabaseConnection.php <-- ie /public_html/bluejays/libraries/openid/Auth/OpenID DatabaseConnection.php
2013.03.10 23:31 B C:\Server\htdocs\Joomla_site\bluejays\libraries\openid\Auth\OpenID\DiffieHellman.php <-- ie /public_html/bluejays/libraries/openid/Auth/OpenID DiffieHellman.php
2013.03.10 23:31 B C:\Server\htdocs\Joomla_site\bluejays\libraries\openid\Auth\OpenID\Discover.php <-- ie /public_html/bluejays/libraries/openid/Auth/OpenID Discover.php
2013.03.10 23:31 B C:\Server\htdocs\Joomla_site\bluejays\libraries\openid\Auth\OpenID\DumbStore.php <-- ie /public_html/bluejays/libraries/openid/Auth/OpenID DumbStore.php
2013.03.10 23:31 B C:\Server\htdocs\Joomla_site\bluejays\libraries\openid\Auth\OpenID\FileStore.php <-- ie /public_html/bluejays/libraries/openid/Auth/OpenID FileStore.php
2013.03.10 23:31 B C:\Server\htdocs\Joomla_site\bluejays\libraries\openid\Auth\OpenID\HMACSHA1.php <-- ie /public_html/bluejays/libraries/openid/Auth/OpenID HMACSHA1.php
2013.03.10 23:31 B C:\Server\htdocs\Joomla_site\bluejays\libraries\openid\Auth\OpenID\index.html <-- ie /public_html/bluejays/libraries/openid/Auth/OpenID index.html
2013.03.10 23:31 B C:\Server\htdocs\Joomla_site\bluejays\libraries\openid\Auth\OpenID\Interface.php <-- ie /public_html/bluejays/libraries/openid/Auth/OpenID Interface.php
2013.03.10 23:31 B C:\Server\htdocs\Joomla_site\bluejays\libraries\openid\Auth\OpenID\KVForm.php <-- ie /public_html/bluejays/libraries/openid/Auth/OpenID KVForm.php
2013.03.10 23:31 B C:\Server\htdocs\Joomla_site\bluejays\libraries\openid\Auth\OpenID\MySQLStore.php <-- ie /public_html/bluejays/libraries/openid/Auth/OpenID MySQLStore.php
2013.03.10 23:31 B C:\Server\htdocs\Joomla_site\bluejays\libraries\openid\Auth\OpenID\Parse.php <-- ie /public_html/bluejays/libraries/openid/Auth/OpenID Parse.php
2013.03.10 23:31 B C:\Server\htdocs\Joomla_site\bluejays\libraries\openid\Auth\OpenID\Server.php <-- ie /public_html/bluejays/libraries/openid/Auth/OpenID Server.php
2013.03.10 23:31 B C:\Server\htdocs\Joomla_site\bluejays\libraries\openid\Auth\OpenID\ServerRequest.php <-- ie /public_html/bluejays/libraries/openid/Auth/OpenID ServerRequest.php
2013.03.10 23:31 B C:\Server\htdocs\Joomla_site\bluejays\libraries\openid\Auth\OpenID\SQLiteStore.php <-- ie /public_html/bluejays/libraries/openid/Auth/OpenID SQLiteStore.php
2013.03.10 23:31 B C:\Server\htdocs\Joomla_site\bluejays\libraries\openid\Auth\OpenID\SQLStore.php <-- ie /public_html/bluejays/libraries/openid/Auth/OpenID SQLStore.php
2013.03.10 23:31 B C:\Server\htdocs\Joomla_site\bluejays\libraries\openid\Auth\OpenID\TrustRoot.php <-- ie /public_html/bluejays/libraries/openid/Auth/OpenID TrustRoot.php
2013.03.10 23:31 B C:\Server\htdocs\Joomla_site\bluejays\libraries\openid\Auth\OpenID\URINorm.php <-- ie /public_html/bluejays/libraries/openid/Auth/OpenID URINorm.php
