2011.09.02 13:13 B D:\Server\Apache2.2\htdocs\jqueryui\development-bundle\themes\ui-lightness\images\ui-icons_ffffff_256x240.png --> ftp.iemilie.com /public_html/projs/jqueryui/development-bundle/themes/ui-lightness/images ui-icons_ffffff_256x240.png
2011.09.02 13:13 B D:\Server\Apache2.2\htdocs\jqueryui\development-bundle\themes\ui-lightness\images\ui-icons_ffd27a_256x240.png --> ftp.iemilie.com /public_html/projs/jqueryui/development-bundle/themes/ui-lightness/images ui-icons_ffd27a_256x240.png
2011.09.02 13:13 B D:\Server\Apache2.2\htdocs\jqueryui\development-bundle\themes\ui-lightness\images\ui-icons_ef8c08_256x240.png --> ftp.iemilie.com /public_html/projs/jqueryui/development-bundle/themes/ui-lightness/images ui-icons_ef8c08_256x240.png
2011.09.02 13:13 B D:\Server\Apache2.2\htdocs\jqueryui\development-bundle\themes\ui-lightness\images\ui-icons_228ef1_256x240.png --> ftp.iemilie.com /public_html/projs/jqueryui/development-bundle/themes/ui-lightness/images ui-icons_228ef1_256x240.png
2011.09.02 13:13 B D:\Server\Apache2.2\htdocs\jqueryui\development-bundle\themes\ui-lightness\images\ui-icons_222222_256x240.png --> ftp.iemilie.com /public_html/projs/jqueryui/development-bundle/themes/ui-lightness/images ui-icons_222222_256x240.png
2011.09.02 13:13 B D:\Server\Apache2.2\htdocs\jqueryui\development-bundle\themes\ui-lightness\images\ui-bg_highlight-soft_75_ffe45c_1x100.png --> ftp.iemilie.com /public_html/projs/jqueryui/development-bundle/themes/ui-lightness/images ui-bg_highlight-soft_75_ffe45c_1x100.png
2011.09.02 13:13 B D:\Server\Apache2.2\htdocs\jqueryui\development-bundle\themes\ui-lightness\images\ui-bg_highlight-soft_100_eeeeee_1x100.png --> ftp.iemilie.com /public_html/projs/jqueryui/development-bundle/themes/ui-lightness/images ui-bg_highlight-soft_100_eeeeee_1x100.png
2011.09.02 13:13 B D:\Server\Apache2.2\htdocs\jqueryui\development-bundle\themes\ui-lightness\images\ui-bg_gloss-wave_35_f6a828_500x100.png --> ftp.iemilie.com /public_html/projs/jqueryui/development-bundle/themes/ui-lightness/images ui-bg_gloss-wave_35_f6a828_500x100.png
2011.09.02 13:13 B D:\Server\Apache2.2\htdocs\jqueryui\development-bundle\themes\ui-lightness\images\ui-bg_glass_65_ffffff_1x400.png --> ftp.iemilie.com /public_html/projs/jqueryui/development-bundle/themes/ui-lightness/images ui-bg_glass_65_ffffff_1x400.png
2011.09.02 13:13 B D:\Server\Apache2.2\htdocs\jqueryui\development-bundle\themes\ui-lightness\images\ui-bg_glass_100_fdf5ce_1x400.png --> ftp.iemilie.com /public_html/projs/jqueryui/development-bundle/themes/ui-lightness/images ui-bg_glass_100_fdf5ce_1x400.png
2011.09.02 13:13 B D:\Server\Apache2.2\htdocs\jqueryui\development-bundle\themes\ui-lightness\images\ui-bg_glass_100_f6f6f6_1x400.png --> ftp.iemilie.com /public_html/projs/jqueryui/development-bundle/themes/ui-lightness/images ui-bg_glass_100_f6f6f6_1x400.png
2011.09.02 13:13 B D:\Server\Apache2.2\htdocs\jqueryui\development-bundle\themes\ui-lightness\images\ui-bg_flat_10_000000_40x100.png --> ftp.iemilie.com /public_html/projs/jqueryui/development-bundle/themes/ui-lightness/images ui-bg_flat_10_000000_40x100.png
2011.09.02 13:13 B D:\Server\Apache2.2\htdocs\jqueryui\development-bundle\themes\ui-lightness\images\ui-bg_diagonals-thick_20_666666_40x40.png --> ftp.iemilie.com /public_html/projs/jqueryui/development-bundle/themes/ui-lightness/images ui-bg_diagonals-thick_20_666666_40x40.png
2011.09.02 13:13 B D:\Server\Apache2.2\htdocs\jqueryui\development-bundle\themes\ui-lightness\images\ui-bg_diagonals-thick_18_b81900_40x40.png --> ftp.iemilie.com /public_html/projs/jqueryui/development-bundle/themes/ui-lightness/images ui-bg_diagonals-thick_18_b81900_40x40.png
2012.03.13 10:56 B Z:\Server\Apache2.2\htdocs\site\includes\jQuery\themes\ui-lightness\images\ui-bg_diagonals-thick_18_b81900_40x40.png --> neaa.us /public_html/bostonmedflight.org/site/includes/jQuery/themes/ui-lightness/images ui-bg_diagonals-thick_18_b81900_40x40.png
2012.03.13 10:56 B Z:\Server\Apache2.2\htdocs\site\includes\jQuery\themes\ui-lightness\images\ui-bg_diagonals-thick_20_666666_40x40.png --> neaa.us /public_html/bostonmedflight.org/site/includes/jQuery/themes/ui-lightness/images ui-bg_diagonals-thick_20_666666_40x40.png
2012.03.13 10:56 B Z:\Server\Apache2.2\htdocs\site\includes\jQuery\themes\ui-lightness\images\ui-bg_flat_10_000000_40x100.png --> neaa.us /public_html/bostonmedflight.org/site/includes/jQuery/themes/ui-lightness/images ui-bg_flat_10_000000_40x100.png
2012.03.13 10:56 B Z:\Server\Apache2.2\htdocs\site\includes\jQuery\themes\ui-lightness\images\ui-bg_glass_100_f6f6f6_1x400.png --> neaa.us /public_html/bostonmedflight.org/site/includes/jQuery/themes/ui-lightness/images ui-bg_glass_100_f6f6f6_1x400.png
2012.03.13 10:56 B Z:\Server\Apache2.2\htdocs\site\includes\jQuery\themes\ui-lightness\images\ui-bg_glass_100_fdf5ce_1x400.png --> neaa.us /public_html/bostonmedflight.org/site/includes/jQuery/themes/ui-lightness/images ui-bg_glass_100_fdf5ce_1x400.png
2012.03.13 10:56 B Z:\Server\Apache2.2\htdocs\site\includes\jQuery\themes\ui-lightness\images\ui-bg_glass_65_ffffff_1x400.png --> neaa.us /public_html/bostonmedflight.org/site/includes/jQuery/themes/ui-lightness/images ui-bg_glass_65_ffffff_1x400.png
2012.03.13 10:56 B Z:\Server\Apache2.2\htdocs\site\includes\jQuery\themes\ui-lightness\images\ui-bg_gloss-wave_35_f6a828_500x100.png --> neaa.us /public_html/bostonmedflight.org/site/includes/jQuery/themes/ui-lightness/images ui-bg_gloss-wave_35_f6a828_500x100.png
2012.03.13 10:56 B Z:\Server\Apache2.2\htdocs\site\includes\jQuery\themes\ui-lightness\images\ui-bg_highlight-soft_100_eeeeee_1x100.png --> neaa.us /public_html/bostonmedflight.org/site/includes/jQuery/themes/ui-lightness/images ui-bg_highlight-soft_100_eeeeee_1x100.png
2012.03.13 10:56 B Z:\Server\Apache2.2\htdocs\site\includes\jQuery\themes\ui-lightness\images\ui-bg_highlight-soft_75_ffe45c_1x100.png --> neaa.us /public_html/bostonmedflight.org/site/includes/jQuery/themes/ui-lightness/images ui-bg_highlight-soft_75_ffe45c_1x100.png
2012.03.13 10:56 B Z:\Server\Apache2.2\htdocs\site\includes\jQuery\themes\ui-lightness\images\ui-icons_222222_256x240.png --> neaa.us /public_html/bostonmedflight.org/site/includes/jQuery/themes/ui-lightness/images ui-icons_222222_256x240.png
2012.03.13 10:56 B Z:\Server\Apache2.2\htdocs\site\includes\jQuery\themes\ui-lightness\images\ui-icons_228ef1_256x240.png --> neaa.us /public_html/bostonmedflight.org/site/includes/jQuery/themes/ui-lightness/images ui-icons_228ef1_256x240.png
2012.03.13 10:56 B Z:\Server\Apache2.2\htdocs\site\includes\jQuery\themes\ui-lightness\images\ui-icons_ef8c08_256x240.png --> neaa.us /public_html/bostonmedflight.org/site/includes/jQuery/themes/ui-lightness/images ui-icons_ef8c08_256x240.png
2012.03.13 10:56 B Z:\Server\Apache2.2\htdocs\site\includes\jQuery\themes\ui-lightness\images\ui-icons_ffd27a_256x240.png --> neaa.us /public_html/bostonmedflight.org/site/includes/jQuery/themes/ui-lightness/images ui-icons_ffd27a_256x240.png
2012.03.13 10:56 B Z:\Server\Apache2.2\htdocs\site\includes\jQuery\themes\ui-lightness\images\ui-icons_ffffff_256x240.png --> neaa.us /public_html/bostonmedflight.org/site/includes/jQuery/themes/ui-lightness/images ui-icons_ffffff_256x240.png
2012.03.13 10:56 B Z:\Server\Apache2.2\htdocs\site\includes\jQuery\themes\ui-lightness\images\WS_FTP.LOG --> neaa.us /public_html/bostonmedflight.org/site/includes/jQuery/themes/ui-lightness/images WS_FTP.LOG
2012.08.22 10:15 B Z:\Server\Apache2.2\htdocs\site\includes\jQuery\themes\ui-lightness\images\Thumbs.db --> ftp.iemilie.com /public_html/bluejays/includes/jQuery/themes/ui-lightness/images Thumbs.db
2012.08.22 10:15 B Z:\Server\Apache2.2\htdocs\site\includes\jQuery\themes\ui-lightness\images\ui-bg_diagonals-thick_18_b81900_40x40.png --> ftp.iemilie.com /public_html/bluejays/includes/jQuery/themes/ui-lightness/images ui-bg_diagonals-thick_18_b81900_40x40.png
2012.08.22 10:15 B Z:\Server\Apache2.2\htdocs\site\includes\jQuery\themes\ui-lightness\images\ui-bg_diagonals-thick_20_666666_40x40.png --> ftp.iemilie.com /public_html/bluejays/includes/jQuery/themes/ui-lightness/images ui-bg_diagonals-thick_20_666666_40x40.png
2012.08.22 10:15 B Z:\Server\Apache2.2\htdocs\site\includes\jQuery\themes\ui-lightness\images\ui-bg_flat_10_000000_40x100.png --> ftp.iemilie.com /public_html/bluejays/includes/jQuery/themes/ui-lightness/images ui-bg_flat_10_000000_40x100.png
2012.08.22 10:15 B Z:\Server\Apache2.2\htdocs\site\includes\jQuery\themes\ui-lightness\images\ui-bg_glass_100_f6f6f6_1x400.png --> ftp.iemilie.com /public_html/bluejays/includes/jQuery/themes/ui-lightness/images ui-bg_glass_100_f6f6f6_1x400.png
2012.08.22 10:15 B Z:\Server\Apache2.2\htdocs\site\includes\jQuery\themes\ui-lightness\images\ui-bg_glass_100_fdf5ce_1x400.png --> ftp.iemilie.com /public_html/bluejays/includes/jQuery/themes/ui-lightness/images ui-bg_glass_100_fdf5ce_1x400.png
2012.08.22 10:15 B Z:\Server\Apache2.2\htdocs\site\includes\jQuery\themes\ui-lightness\images\ui-bg_glass_65_ffffff_1x400.png --> ftp.iemilie.com /public_html/bluejays/includes/jQuery/themes/ui-lightness/images ui-bg_glass_65_ffffff_1x400.png
2012.08.22 10:15 B Z:\Server\Apache2.2\htdocs\site\includes\jQuery\themes\ui-lightness\images\ui-bg_gloss-wave_35_f6a828_500x100.png --> ftp.iemilie.com /public_html/bluejays/includes/jQuery/themes/ui-lightness/images ui-bg_gloss-wave_35_f6a828_500x100.png
2012.08.22 10:15 B Z:\Server\Apache2.2\htdocs\site\includes\jQuery\themes\ui-lightness\images\ui-bg_highlight-soft_100_eeeeee_1x100.png --> ftp.iemilie.com /public_html/bluejays/includes/jQuery/themes/ui-lightness/images ui-bg_highlight-soft_100_eeeeee_1x100.png
2012.08.22 10:15 B Z:\Server\Apache2.2\htdocs\site\includes\jQuery\themes\ui-lightness\images\ui-bg_highlight-soft_75_ffe45c_1x100.png --> ftp.iemilie.com /public_html/bluejays/includes/jQuery/themes/ui-lightness/images ui-bg_highlight-soft_75_ffe45c_1x100.png
2012.08.22 10:15 B Z:\Server\Apache2.2\htdocs\site\includes\jQuery\themes\ui-lightness\images\ui-icons_222222_256x240.png --> ftp.iemilie.com /public_html/bluejays/includes/jQuery/themes/ui-lightness/images ui-icons_222222_256x240.png
2012.08.22 10:15 B Z:\Server\Apache2.2\htdocs\site\includes\jQuery\themes\ui-lightness\images\ui-icons_228ef1_256x240.png --> ftp.iemilie.com /public_html/bluejays/includes/jQuery/themes/ui-lightness/images ui-icons_228ef1_256x240.png
2012.08.22 10:15 B Z:\Server\Apache2.2\htdocs\site\includes\jQuery\themes\ui-lightness\images\ui-icons_ef8c08_256x240.png --> ftp.iemilie.com /public_html/bluejays/includes/jQuery/themes/ui-lightness/images ui-icons_ef8c08_256x240.png
2012.08.22 10:15 B Z:\Server\Apache2.2\htdocs\site\includes\jQuery\themes\ui-lightness\images\ui-icons_ffd27a_256x240.png --> ftp.iemilie.com /public_html/bluejays/includes/jQuery/themes/ui-lightness/images ui-icons_ffd27a_256x240.png
2012.08.22 10:15 B Z:\Server\Apache2.2\htdocs\site\includes\jQuery\themes\ui-lightness\images\ui-icons_ffffff_256x240.png --> ftp.iemilie.com /public_html/bluejays/includes/jQuery/themes/ui-lightness/images ui-icons_ffffff_256x240.png
2013.03.10 23:18 B C:\Server\htdocs\Joomla_site\bluejays\includes\jQuery\themes\ui-lightness\images\WS_FTP.LOG <-- ie /public_html/bluejays/includes/jQuery/themes/ui-lightness/images WS_FTP.LOG
