2013.03.10 22:11 B C:\Server\htdocs\Joomla_site\bluejays\administrator\components\com_swmenufree\ImageManager\img\2x2.gif <-- ie /public_html/bluejays/administrator/components/com_swmenufree/ImageManager/img 2x2.gif
2013.03.10 22:11 B C:\Server\htdocs\Joomla_site\bluejays\administrator\components\com_swmenufree\ImageManager\img\2x2_w.gif <-- ie /public_html/bluejays/administrator/components/com_swmenufree/ImageManager/img 2x2_w.gif
2013.03.10 22:11 B C:\Server\htdocs\Joomla_site\bluejays\administrator\components\com_swmenufree\ImageManager\img\btn_cancel.gif <-- ie /public_html/bluejays/administrator/components/com_swmenufree/ImageManager/img btn_cancel.gif
2013.03.10 22:11 B C:\Server\htdocs\Joomla_site\bluejays\administrator\components\com_swmenufree\ImageManager\img\btn_ok.gif <-- ie /public_html/bluejays/administrator/components/com_swmenufree/ImageManager/img btn_ok.gif
2013.03.10 22:11 B C:\Server\htdocs\Joomla_site\bluejays\administrator\components\com_swmenufree\ImageManager\img\btnFolderNew.gif <-- ie /public_html/bluejays/administrator/components/com_swmenufree/ImageManager/img btnFolderNew.gif
2013.03.10 22:11 B C:\Server\htdocs\Joomla_site\bluejays\administrator\components\com_swmenufree\ImageManager\img\btnFolderUp.gif <-- ie /public_html/bluejays/administrator/components/com_swmenufree/ImageManager/img btnFolderUp.gif
2013.03.10 22:11 B C:\Server\htdocs\Joomla_site\bluejays\administrator\components\com_swmenufree\ImageManager\img\crop.gif <-- ie /public_html/bluejays/administrator/components/com_swmenufree/ImageManager/img crop.gif
2013.03.10 22:11 B C:\Server\htdocs\Joomla_site\bluejays\administrator\components\com_swmenufree\ImageManager\img\default.gif <-- ie /public_html/bluejays/administrator/components/com_swmenufree/ImageManager/img default.gif
2013.03.10 22:11 B C:\Server\htdocs\Joomla_site\bluejays\administrator\components\com_swmenufree\ImageManager\img\div.gif <-- ie /public_html/bluejays/administrator/components/com_swmenufree/ImageManager/img div.gif
2013.03.10 22:11 B C:\Server\htdocs\Joomla_site\bluejays\administrator\components\com_swmenufree\ImageManager\img\dots.gif <-- ie /public_html/bluejays/administrator/components/com_swmenufree/ImageManager/img dots.gif
2013.03.10 22:11 B C:\Server\htdocs\Joomla_site\bluejays\administrator\components\com_swmenufree\ImageManager\img\edit_active.gif <-- ie /public_html/bluejays/administrator/components/com_swmenufree/ImageManager/img edit_active.gif
2013.03.10 22:11 B C:\Server\htdocs\Joomla_site\bluejays\administrator\components\com_swmenufree\ImageManager\img\edit_pencil.gif <-- ie /public_html/bluejays/administrator/components/com_swmenufree/ImageManager/img edit_pencil.gif
2013.03.10 22:11 B C:\Server\htdocs\Joomla_site\bluejays\administrator\components\com_swmenufree\ImageManager\img\edit_trash.gif <-- ie /public_html/bluejays/administrator/components/com_swmenufree/ImageManager/img edit_trash.gif
2013.03.10 22:11 B C:\Server\htdocs\Joomla_site\bluejays\administrator\components\com_swmenufree\ImageManager\img\folder.gif <-- ie /public_html/bluejays/administrator/components/com_swmenufree/ImageManager/img folder.gif
2013.03.10 22:11 B C:\Server\htdocs\Joomla_site\bluejays\administrator\components\com_swmenufree\ImageManager\img\hand.gif <-- ie /public_html/bluejays/administrator/components/com_swmenufree/ImageManager/img hand.gif
2013.03.10 22:11 B C:\Server\htdocs\Joomla_site\bluejays\administrator\components\com_swmenufree\ImageManager\img\islocked2.gif <-- ie /public_html/bluejays/administrator/components/com_swmenufree/ImageManager/img islocked2.gif
2013.03.10 22:11 B C:\Server\htdocs\Joomla_site\bluejays\administrator\components\com_swmenufree\ImageManager\img\locked.gif <-- ie /public_html/bluejays/administrator/components/com_swmenufree/ImageManager/img locked.gif
2013.03.10 22:11 B C:\Server\htdocs\Joomla_site\bluejays\administrator\components\com_swmenufree\ImageManager\img\measure.gif <-- ie /public_html/bluejays/administrator/components/com_swmenufree/ImageManager/img measure.gif
2013.03.10 22:11 B C:\Server\htdocs\Joomla_site\bluejays\administrator\components\com_swmenufree\ImageManager\img\noimages.gif <-- ie /public_html/bluejays/administrator/components/com_swmenufree/ImageManager/img noimages.gif
2013.03.10 22:11 B C:\Server\htdocs\Joomla_site\bluejays\administrator\components\com_swmenufree\ImageManager\img\rotate.gif <-- ie /public_html/bluejays/administrator/components/com_swmenufree/ImageManager/img rotate.gif
2013.03.10 22:11 B C:\Server\htdocs\Joomla_site\bluejays\administrator\components\com_swmenufree\ImageManager\img\save.gif <-- ie /public_html/bluejays/administrator/components/com_swmenufree/ImageManager/img save.gif
2013.03.10 22:11 B C:\Server\htdocs\Joomla_site\bluejays\administrator\components\com_swmenufree\ImageManager\img\scale.gif <-- ie /public_html/bluejays/administrator/components/com_swmenufree/ImageManager/img scale.gif
2013.03.10 22:11 B C:\Server\htdocs\Joomla_site\bluejays\administrator\components\com_swmenufree\ImageManager\img\spacer.gif <-- ie /public_html/bluejays/administrator/components/com_swmenufree/ImageManager/img spacer.gif
2013.03.10 22:11 B C:\Server\htdocs\Joomla_site\bluejays\administrator\components\com_swmenufree\ImageManager\img\t_black.gif <-- ie /public_html/bluejays/administrator/components/com_swmenufree/ImageManager/img t_black.gif
2013.03.10 22:11 B C:\Server\htdocs\Joomla_site\bluejays\administrator\components\com_swmenufree\ImageManager\img\t_white.gif <-- ie /public_html/bluejays/administrator/components/com_swmenufree/ImageManager/img t_white.gif
2013.03.10 22:11 B C:\Server\htdocs\Joomla_site\bluejays\administrator\components\com_swmenufree\ImageManager\img\unlocked.gif <-- ie /public_html/bluejays/administrator/components/com_swmenufree/ImageManager/img unlocked.gif
2013.03.10 22:11 B C:\Server\htdocs\Joomla_site\bluejays\administrator\components\com_swmenufree\ImageManager\img\unlocked2.gif <-- ie /public_html/bluejays/administrator/components/com_swmenufree/ImageManager/img unlocked2.gif
