2013.03.10 22:48 B C:\Server\htdocs\Joomla_site\bluejays\administrator\templates\khepri\images\arrow.png <-- ie /public_html/bluejays/administrator/templates/khepri/images arrow.png
2013.03.10 22:48 B C:\Server\htdocs\Joomla_site\bluejays\administrator\templates\khepri\images\bg-menu.gif <-- ie /public_html/bluejays/administrator/templates/khepri/images bg-menu.gif
2013.03.10 22:48 B C:\Server\htdocs\Joomla_site\bluejays\administrator\templates\khepri\images\calendar.png <-- ie /public_html/bluejays/administrator/templates/khepri/images calendar.png
2013.03.10 22:48 B C:\Server\htdocs\Joomla_site\bluejays\administrator\templates\khepri\images\index.html <-- ie /public_html/bluejays/administrator/templates/khepri/images index.html
2013.03.10 22:48 B C:\Server\htdocs\Joomla_site\bluejays\administrator\templates\khepri\images\j_arrow.png <-- ie /public_html/bluejays/administrator/templates/khepri/images j_arrow.png
2013.03.10 22:48 B C:\Server\htdocs\Joomla_site\bluejays\administrator\templates\khepri\images\j_arrow_down.png <-- ie /public_html/bluejays/administrator/templates/khepri/images j_arrow_down.png
2013.03.10 22:48 B C:\Server\htdocs\Joomla_site\bluejays\administrator\templates\khepri\images\j_arrow_left.png <-- ie /public_html/bluejays/administrator/templates/khepri/images j_arrow_left.png
2013.03.10 22:48 B C:\Server\htdocs\Joomla_site\bluejays\administrator\templates\khepri\images\j_border.png <-- ie /public_html/bluejays/administrator/templates/khepri/images j_border.png
2013.03.10 22:48 B C:\Server\htdocs\Joomla_site\bluejays\administrator\templates\khepri\images\j_bottom.png <-- ie /public_html/bluejays/administrator/templates/khepri/images j_bottom.png
2013.03.10 22:48 B C:\Server\htdocs\Joomla_site\bluejays\administrator\templates\khepri\images\j_button1_admin.png <-- ie /public_html/bluejays/administrator/templates/khepri/images j_button1_admin.png
2013.03.10 22:48 B C:\Server\htdocs\Joomla_site\bluejays\administrator\templates\khepri\images\j_button1_collate.png <-- ie /public_html/bluejays/administrator/templates/khepri/images j_button1_collate.png
2013.03.10 22:48 B C:\Server\htdocs\Joomla_site\bluejays\administrator\templates\khepri\images\j_button1_left.png <-- ie /public_html/bluejays/administrator/templates/khepri/images j_button1_left.png
2013.03.10 22:48 B C:\Server\htdocs\Joomla_site\bluejays\administrator\templates\khepri\images\j_button1_next.png <-- ie /public_html/bluejays/administrator/templates/khepri/images j_button1_next.png
2013.03.10 22:48 B C:\Server\htdocs\Joomla_site\bluejays\administrator\templates\khepri\images\j_button1_prev.png <-- ie /public_html/bluejays/administrator/templates/khepri/images j_button1_prev.png
2013.03.10 22:48 B C:\Server\htdocs\Joomla_site\bluejays\administrator\templates\khepri\images\j_button1_refresh.png <-- ie /public_html/bluejays/administrator/templates/khepri/images j_button1_refresh.png
2013.03.10 22:48 B C:\Server\htdocs\Joomla_site\bluejays\administrator\templates\khepri\images\j_button1_right.png <-- ie /public_html/bluejays/administrator/templates/khepri/images j_button1_right.png
2013.03.10 22:48 B C:\Server\htdocs\Joomla_site\bluejays\administrator\templates\khepri\images\j_button1_site.png <-- ie /public_html/bluejays/administrator/templates/khepri/images j_button1_site.png
2013.03.10 22:48 B C:\Server\htdocs\Joomla_site\bluejays\administrator\templates\khepri\images\j_button2_blank.png <-- ie /public_html/bluejays/administrator/templates/khepri/images j_button2_blank.png
2013.03.10 22:48 B C:\Server\htdocs\Joomla_site\bluejays\administrator\templates\khepri\images\j_button2_first.png <-- ie /public_html/bluejays/administrator/templates/khepri/images j_button2_first.png
2013.03.10 22:48 B C:\Server\htdocs\Joomla_site\bluejays\administrator\templates\khepri\images\j_button2_first_off.png <-- ie /public_html/bluejays/administrator/templates/khepri/images j_button2_first_off.png
2013.03.10 22:49 B C:\Server\htdocs\Joomla_site\bluejays\administrator\templates\khepri\images\j_button2_image.png <-- ie /public_html/bluejays/administrator/templates/khepri/images j_button2_image.png
2013.03.10 22:49 B C:\Server\htdocs\Joomla_site\bluejays\administrator\templates\khepri\images\j_button2_image_rtl.png <-- ie /public_html/bluejays/administrator/templates/khepri/images j_button2_image_rtl.png
2013.03.10 22:49 B C:\Server\htdocs\Joomla_site\bluejays\administrator\templates\khepri\images\j_button2_last.png <-- ie /public_html/bluejays/administrator/templates/khepri/images j_button2_last.png
2013.03.10 22:49 B C:\Server\htdocs\Joomla_site\bluejays\administrator\templates\khepri\images\j_button2_last_off.png <-- ie /public_html/bluejays/administrator/templates/khepri/images j_button2_last_off.png
2013.03.10 22:49 B C:\Server\htdocs\Joomla_site\bluejays\administrator\templates\khepri\images\j_button2_left.png <-- ie /public_html/bluejays/administrator/templates/khepri/images j_button2_left.png
2013.03.10 22:49 B C:\Server\htdocs\Joomla_site\bluejays\administrator\templates\khepri\images\j_button2_left_cap.png <-- ie /public_html/bluejays/administrator/templates/khepri/images j_button2_left_cap.png
2013.03.10 22:49 B C:\Server\htdocs\Joomla_site\bluejays\administrator\templates\khepri\images\j_button2_next.png <-- ie /public_html/bluejays/administrator/templates/khepri/images j_button2_next.png
2013.03.10 22:49 B C:\Server\htdocs\Joomla_site\bluejays\administrator\templates\khepri\images\j_button2_next_off.png <-- ie /public_html/bluejays/administrator/templates/khepri/images j_button2_next_off.png
2013.03.10 22:49 B C:\Server\htdocs\Joomla_site\bluejays\administrator\templates\khepri\images\j_button2_pagebreak.png <-- ie /public_html/bluejays/administrator/templates/khepri/images j_button2_pagebreak.png
2013.03.10 22:49 B C:\Server\htdocs\Joomla_site\bluejays\administrator\templates\khepri\images\j_button2_pagebreak_rtl.png <-- ie /public_html/bluejays/administrator/templates/khepri/images j_button2_pagebreak_rtl.png
2013.03.10 22:49 B C:\Server\htdocs\Joomla_site\bluejays\administrator\templates\khepri\images\j_button2_prev.png <-- ie /public_html/bluejays/administrator/templates/khepri/images j_button2_prev.png
2013.03.10 22:49 B C:\Server\htdocs\Joomla_site\bluejays\administrator\templates\khepri\images\j_button2_prev_off.png <-- ie /public_html/bluejays/administrator/templates/khepri/images j_button2_prev_off.png
2013.03.10 22:49 B C:\Server\htdocs\Joomla_site\bluejays\administrator\templates\khepri\images\j_button2_readmore.png <-- ie /public_html/bluejays/administrator/templates/khepri/images j_button2_readmore.png
2013.03.10 22:49 B C:\Server\htdocs\Joomla_site\bluejays\administrator\templates\khepri\images\j_button2_readmore_rtl.png <-- ie /public_html/bluejays/administrator/templates/khepri/images j_button2_readmore_rtl.png
2013.03.10 22:49 B C:\Server\htdocs\Joomla_site\bluejays\administrator\templates\khepri\images\j_button2_right.png <-- ie /public_html/bluejays/administrator/templates/khepri/images j_button2_right.png
2013.03.10 22:49 B C:\Server\htdocs\Joomla_site\bluejays\administrator\templates\khepri\images\j_button2_right_cap.png <-- ie /public_html/bluejays/administrator/templates/khepri/images j_button2_right_cap.png
2013.03.10 22:49 B C:\Server\htdocs\Joomla_site\bluejays\administrator\templates\khepri\images\j_corner_bl.png <-- ie /public_html/bluejays/administrator/templates/khepri/images j_corner_bl.png
2013.03.10 22:49 B C:\Server\htdocs\Joomla_site\bluejays\administrator\templates\khepri\images\j_corner_br.png <-- ie /public_html/bluejays/administrator/templates/khepri/images j_corner_br.png
2013.03.10 22:49 B C:\Server\htdocs\Joomla_site\bluejays\administrator\templates\khepri\images\j_crn_bl_dark.png <-- ie /public_html/bluejays/administrator/templates/khepri/images j_crn_bl_dark.png
2013.03.10 22:49 B C:\Server\htdocs\Joomla_site\bluejays\administrator\templates\khepri\images\j_crn_bl_light.png <-- ie /public_html/bluejays/administrator/templates/khepri/images j_crn_bl_light.png
2013.03.10 22:49 B C:\Server\htdocs\Joomla_site\bluejays\administrator\templates\khepri\images\j_crn_bl_med.png <-- ie /public_html/bluejays/administrator/templates/khepri/images j_crn_bl_med.png
2013.03.10 22:49 B C:\Server\htdocs\Joomla_site\bluejays\administrator\templates\khepri\images\j_crn_br_dark.png <-- ie /public_html/bluejays/administrator/templates/khepri/images j_crn_br_dark.png
2013.03.10 22:49 B C:\Server\htdocs\Joomla_site\bluejays\administrator\templates\khepri\images\j_crn_br_light.png <-- ie /public_html/bluejays/administrator/templates/khepri/images j_crn_br_light.png
2013.03.10 22:49 B C:\Server\htdocs\Joomla_site\bluejays\administrator\templates\khepri\images\j_crn_br_med.png <-- ie /public_html/bluejays/administrator/templates/khepri/images j_crn_br_med.png
2013.03.10 22:49 B C:\Server\htdocs\Joomla_site\bluejays\administrator\templates\khepri\images\j_crn_tl_dark.png <-- ie /public_html/bluejays/administrator/templates/khepri/images j_crn_tl_dark.png
2013.03.10 22:49 B C:\Server\htdocs\Joomla_site\bluejays\administrator\templates\khepri\images\j_crn_tl_light.png <-- ie /public_html/bluejays/administrator/templates/khepri/images j_crn_tl_light.png
2013.03.10 22:49 B C:\Server\htdocs\Joomla_site\bluejays\administrator\templates\khepri\images\j_crn_tl_med.png <-- ie /public_html/bluejays/administrator/templates/khepri/images j_crn_tl_med.png
2013.03.10 22:49 B C:\Server\htdocs\Joomla_site\bluejays\administrator\templates\khepri\images\j_crn_tr_dark.png <-- ie /public_html/bluejays/administrator/templates/khepri/images j_crn_tr_dark.png
2013.03.10 22:49 B C:\Server\htdocs\Joomla_site\bluejays\administrator\templates\khepri\images\j_crn_tr_light.png <-- ie /public_html/bluejays/administrator/templates/khepri/images j_crn_tr_light.png
2013.03.10 22:49 B C:\Server\htdocs\Joomla_site\bluejays\administrator\templates\khepri\images\j_crn_tr_med.png <-- ie /public_html/bluejays/administrator/templates/khepri/images j_crn_tr_med.png
2013.03.10 22:49 B C:\Server\htdocs\Joomla_site\bluejays\administrator\templates\khepri\images\j_divider.png <-- ie /public_html/bluejays/administrator/templates/khepri/images j_divider.png
2013.03.10 22:49 B C:\Server\htdocs\Joomla_site\bluejays\administrator\templates\khepri\images\j_joomla_box.jpg <-- ie /public_html/bluejays/administrator/templates/khepri/images j_joomla_box.jpg
2013.03.10 22:49 B C:\Server\htdocs\Joomla_site\bluejays\administrator\templates\khepri\images\j_login_lock.jpg <-- ie /public_html/bluejays/administrator/templates/khepri/images j_login_lock.jpg
2013.03.10 22:49 B C:\Server\htdocs\Joomla_site\bluejays\administrator\templates\khepri\images\mini_icon.png <-- ie /public_html/bluejays/administrator/templates/khepri/images mini_icon.png
2013.03.10 22:49 B C:\Server\htdocs\Joomla_site\bluejays\administrator\templates\khepri\images\notice-alert.png <-- ie /public_html/bluejays/administrator/templates/khepri/images notice-alert.png
2013.03.10 22:49 B C:\Server\htdocs\Joomla_site\bluejays\administrator\templates\khepri\images\notice-download.png <-- ie /public_html/bluejays/administrator/templates/khepri/images notice-download.png
2013.03.10 22:49 B C:\Server\htdocs\Joomla_site\bluejays\administrator\templates\khepri\images\notice-info.png <-- ie /public_html/bluejays/administrator/templates/khepri/images notice-info.png
2013.03.10 22:49 B C:\Server\htdocs\Joomla_site\bluejays\administrator\templates\khepri\images\notice-note.png <-- ie /public_html/bluejays/administrator/templates/khepri/images notice-note.png
2013.03.10 22:49 B C:\Server\htdocs\Joomla_site\bluejays\administrator\templates\khepri\images\selector-arrow.png <-- ie /public_html/bluejays/administrator/templates/khepri/images selector-arrow.png
