2013.03.10 23:16 B C:\Server\htdocs\Joomla_site\bluejays\images\apply_f2.png <-- ie /public_html/bluejays/images apply_f2.png
2013.03.10 23:16 B C:\Server\htdocs\Joomla_site\bluejays\images\archive_f2.png <-- ie /public_html/bluejays/images archive_f2.png
2013.03.10 23:16 B C:\Server\htdocs\Joomla_site\bluejays\images\back_f2.png <-- ie /public_html/bluejays/images back_f2.png
2013.03.10 23:16 B C:\Server\htdocs\Joomla_site\bluejays\images\bjblue_line_bg.png <-- ie /public_html/bluejays/images bjblue_line_bg.png
2013.03.10 23:16 B C:\Server\htdocs\Joomla_site\bluejays\images\blank.png <-- ie /public_html/bluejays/images blank.png
2013.03.10 23:16 B C:\Server\htdocs\Joomla_site\bluejays\images\cancel.png <-- ie /public_html/bluejays/images cancel.png
2013.03.10 23:16 B C:\Server\htdocs\Joomla_site\bluejays\images\cancel_f2.png <-- ie /public_html/bluejays/images cancel_f2.png
2013.03.10 23:16 B C:\Server\htdocs\Joomla_site\bluejays\images\css_f2.png <-- ie /public_html/bluejays/images css_f2.png
2013.03.10 23:16 B C:\Server\htdocs\Joomla_site\bluejays\images\edit_f2.png <-- ie /public_html/bluejays/images edit_f2.png
2013.03.10 23:16 B C:\Server\htdocs\Joomla_site\bluejays\images\footer1.jpg <-- ie /public_html/bluejays/images footer1.jpg
2013.03.10 23:16 B C:\Server\htdocs\Joomla_site\bluejays\images\html_f2.png <-- ie /public_html/bluejays/images html_f2.png
2013.03.10 23:16 B C:\Server\htdocs\Joomla_site\bluejays\images\index.html <-- ie /public_html/bluejays/images index.html
2013.03.10 23:16 B C:\Server\htdocs\Joomla_site\bluejays\images\joomla_logo_black.jpg <-- ie /public_html/bluejays/images joomla_logo_black.jpg
2013.03.10 23:16 B C:\Server\htdocs\Joomla_site\bluejays\images\logo.png <-- ie /public_html/bluejays/images logo.png
2013.03.10 23:16 B C:\Server\htdocs\Joomla_site\bluejays\images\menu_divider.png <-- ie /public_html/bluejays/images menu_divider.png
2013.03.10 23:16 B C:\Server\htdocs\Joomla_site\bluejays\images\new_f2.png <-- ie /public_html/bluejays/images new_f2.png
2013.03.10 23:16 B C:\Server\htdocs\Joomla_site\bluejays\images\next.png <-- ie /public_html/bluejays/images next.png
2013.03.10 23:16 B C:\Server\htdocs\Joomla_site\bluejays\images\powered_by.png <-- ie /public_html/bluejays/images powered_by.png
2013.03.10 23:16 B C:\Server\htdocs\Joomla_site\bluejays\images\prev.png <-- ie /public_html/bluejays/images prev.png
2013.03.10 23:16 B C:\Server\htdocs\Joomla_site\bluejays\images\preview_f2.png <-- ie /public_html/bluejays/images preview_f2.png
2013.03.10 23:16 B C:\Server\htdocs\Joomla_site\bluejays\images\publish_f2.png <-- ie /public_html/bluejays/images publish_f2.png
2013.03.10 23:16 B C:\Server\htdocs\Joomla_site\bluejays\images\save.png <-- ie /public_html/bluejays/images save.png
2013.03.10 23:16 B C:\Server\htdocs\Joomla_site\bluejays\images\save_f2.png <-- ie /public_html/bluejays/images save_f2.png
2013.03.10 23:16 B C:\Server\htdocs\Joomla_site\bluejays\images\sort_asc.png <-- ie /public_html/bluejays/images sort_asc.png
2013.03.10 23:16 B C:\Server\htdocs\Joomla_site\bluejays\images\sort_desc.png <-- ie /public_html/bluejays/images sort_desc.png
2013.03.10 23:16 B C:\Server\htdocs\Joomla_site\bluejays\images\twitter.png <-- ie /public_html/bluejays/images twitter.png
2013.03.10 23:16 B C:\Server\htdocs\Joomla_site\bluejays\images\unarchive_f2.png <-- ie /public_html/bluejays/images unarchive_f2.png
2013.03.10 23:16 B C:\Server\htdocs\Joomla_site\bluejays\images\unpublish_f2.png <-- ie /public_html/bluejays/images unpublish_f2.png
2013.03.10 23:16 B C:\Server\htdocs\Joomla_site\bluejays\images\upload_f2.png <-- ie /public_html/bluejays/images upload_f2.png
