2013.03.10 22:04 B C:\Server\htdocs\Joomla_site\bluejays\administrator\components\com_media\images\mime-icon-32\avi.png <-- ie /public_html/bluejays/administrator/components/com_media/images/mime-icon-32 avi.png
2013.03.10 22:04 B C:\Server\htdocs\Joomla_site\bluejays\administrator\components\com_media\images\mime-icon-32\doc.png <-- ie /public_html/bluejays/administrator/components/com_media/images/mime-icon-32 doc.png
2013.03.10 22:04 B C:\Server\htdocs\Joomla_site\bluejays\administrator\components\com_media\images\mime-icon-32\index.html <-- ie /public_html/bluejays/administrator/components/com_media/images/mime-icon-32 index.html
2013.03.10 22:04 B C:\Server\htdocs\Joomla_site\bluejays\administrator\components\com_media\images\mime-icon-32\mov.png <-- ie /public_html/bluejays/administrator/components/com_media/images/mime-icon-32 mov.png
2013.03.10 22:04 B C:\Server\htdocs\Joomla_site\bluejays\administrator\components\com_media\images\mime-icon-32\mp3.png <-- ie /public_html/bluejays/administrator/components/com_media/images/mime-icon-32 mp3.png
2013.03.10 22:04 B C:\Server\htdocs\Joomla_site\bluejays\administrator\components\com_media\images\mime-icon-32\mp4.png <-- ie /public_html/bluejays/administrator/components/com_media/images/mime-icon-32 mp4.png
2013.03.10 22:04 B C:\Server\htdocs\Joomla_site\bluejays\administrator\components\com_media\images\mime-icon-32\odc.png <-- ie /public_html/bluejays/administrator/components/com_media/images/mime-icon-32 odc.png
2013.03.10 22:04 B C:\Server\htdocs\Joomla_site\bluejays\administrator\components\com_media\images\mime-icon-32\odd.png <-- ie /public_html/bluejays/administrator/components/com_media/images/mime-icon-32 odd.png
2013.03.10 22:04 B C:\Server\htdocs\Joomla_site\bluejays\administrator\components\com_media\images\mime-icon-32\odt.png <-- ie /public_html/bluejays/administrator/components/com_media/images/mime-icon-32 odt.png
2013.03.10 22:04 B C:\Server\htdocs\Joomla_site\bluejays\administrator\components\com_media\images\mime-icon-32\ogg.png <-- ie /public_html/bluejays/administrator/components/com_media/images/mime-icon-32 ogg.png
2013.03.10 22:04 B C:\Server\htdocs\Joomla_site\bluejays\administrator\components\com_media\images\mime-icon-32\pdf.png <-- ie /public_html/bluejays/administrator/components/com_media/images/mime-icon-32 pdf.png
2013.03.10 22:04 B C:\Server\htdocs\Joomla_site\bluejays\administrator\components\com_media\images\mime-icon-32\ppt.png <-- ie /public_html/bluejays/administrator/components/com_media/images/mime-icon-32 ppt.png
2013.03.10 22:04 B C:\Server\htdocs\Joomla_site\bluejays\administrator\components\com_media\images\mime-icon-32\rar.png <-- ie /public_html/bluejays/administrator/components/com_media/images/mime-icon-32 rar.png
2013.03.10 22:04 B C:\Server\htdocs\Joomla_site\bluejays\administrator\components\com_media\images\mime-icon-32\rtf.png <-- ie /public_html/bluejays/administrator/components/com_media/images/mime-icon-32 rtf.png
2013.03.10 22:04 B C:\Server\htdocs\Joomla_site\bluejays\administrator\components\com_media\images\mime-icon-32\svg.png <-- ie /public_html/bluejays/administrator/components/com_media/images/mime-icon-32 svg.png
2013.03.10 22:04 B C:\Server\htdocs\Joomla_site\bluejays\administrator\components\com_media\images\mime-icon-32\sxd.png <-- ie /public_html/bluejays/administrator/components/com_media/images/mime-icon-32 sxd.png
2013.03.10 22:04 B C:\Server\htdocs\Joomla_site\bluejays\administrator\components\com_media\images\mime-icon-32\tar.png <-- ie /public_html/bluejays/administrator/components/com_media/images/mime-icon-32 tar.png
2013.03.10 22:04 B C:\Server\htdocs\Joomla_site\bluejays\administrator\components\com_media\images\mime-icon-32\tgz.png <-- ie /public_html/bluejays/administrator/components/com_media/images/mime-icon-32 tgz.png
2013.03.10 22:04 B C:\Server\htdocs\Joomla_site\bluejays\administrator\components\com_media\images\mime-icon-32\wma.png <-- ie /public_html/bluejays/administrator/components/com_media/images/mime-icon-32 wma.png
2013.03.10 22:04 B C:\Server\htdocs\Joomla_site\bluejays\administrator\components\com_media\images\mime-icon-32\wmv.png <-- ie /public_html/bluejays/administrator/components/com_media/images/mime-icon-32 wmv.png
2013.03.10 22:04 B C:\Server\htdocs\Joomla_site\bluejays\administrator\components\com_media\images\mime-icon-32\xls.png <-- ie /public_html/bluejays/administrator/components/com_media/images/mime-icon-32 xls.png
2013.03.10 22:04 B C:\Server\htdocs\Joomla_site\bluejays\administrator\components\com_media\images\mime-icon-32\zip.png <-- ie /public_html/bluejays/administrator/components/com_media/images/mime-icon-32 zip.png
