2013.03.10 23:54 B C:\Server\htdocs\Joomla_site\bluejays\plugins\editors\tinymce\jscripts\tiny_mce\themes\advanced\images\anchor.gif <-- ie /public_html/bluejays/plugins/editors/tinymce/jscripts/tiny_mce/themes/advanced/images anchor.gif
2013.03.10 23:54 B C:\Server\htdocs\Joomla_site\bluejays\plugins\editors\tinymce\jscripts\tiny_mce\themes\advanced\images\anchor_symbol.gif <-- ie /public_html/bluejays/plugins/editors/tinymce/jscripts/tiny_mce/themes/advanced/images anchor_symbol.gif
2013.03.10 23:54 B C:\Server\htdocs\Joomla_site\bluejays\plugins\editors\tinymce\jscripts\tiny_mce\themes\advanced\images\backcolor.gif <-- ie /public_html/bluejays/plugins/editors/tinymce/jscripts/tiny_mce/themes/advanced/images backcolor.gif
2013.03.10 23:54 B C:\Server\htdocs\Joomla_site\bluejays\plugins\editors\tinymce\jscripts\tiny_mce\themes\advanced\images\bold.gif <-- ie /public_html/bluejays/plugins/editors/tinymce/jscripts/tiny_mce/themes/advanced/images bold.gif
2013.03.10 23:54 B C:\Server\htdocs\Joomla_site\bluejays\plugins\editors\tinymce\jscripts\tiny_mce\themes\advanced\images\bold_de_se.gif <-- ie /public_html/bluejays/plugins/editors/tinymce/jscripts/tiny_mce/themes/advanced/images bold_de_se.gif
2013.03.10 23:54 B C:\Server\htdocs\Joomla_site\bluejays\plugins\editors\tinymce\jscripts\tiny_mce\themes\advanced\images\bold_es.gif <-- ie /public_html/bluejays/plugins/editors/tinymce/jscripts/tiny_mce/themes/advanced/images bold_es.gif
2013.03.10 23:54 B C:\Server\htdocs\Joomla_site\bluejays\plugins\editors\tinymce\jscripts\tiny_mce\themes\advanced\images\bold_fr.gif <-- ie /public_html/bluejays/plugins/editors/tinymce/jscripts/tiny_mce/themes/advanced/images bold_fr.gif
2013.03.10 23:54 B C:\Server\htdocs\Joomla_site\bluejays\plugins\editors\tinymce\jscripts\tiny_mce\themes\advanced\images\bold_ru.gif <-- ie /public_html/bluejays/plugins/editors/tinymce/jscripts/tiny_mce/themes/advanced/images bold_ru.gif
2013.03.10 23:54 B C:\Server\htdocs\Joomla_site\bluejays\plugins\editors\tinymce\jscripts\tiny_mce\themes\advanced\images\bold_tw.gif <-- ie /public_html/bluejays/plugins/editors/tinymce/jscripts/tiny_mce/themes/advanced/images bold_tw.gif
2013.03.10 23:54 B C:\Server\htdocs\Joomla_site\bluejays\plugins\editors\tinymce\jscripts\tiny_mce\themes\advanced\images\browse.gif <-- ie /public_html/bluejays/plugins/editors/tinymce/jscripts/tiny_mce/themes/advanced/images browse.gif
2013.03.10 23:54 B C:\Server\htdocs\Joomla_site\bluejays\plugins\editors\tinymce\jscripts\tiny_mce\themes\advanced\images\bullist.gif <-- ie /public_html/bluejays/plugins/editors/tinymce/jscripts/tiny_mce/themes/advanced/images bullist.gif
2013.03.10 23:54 B C:\Server\htdocs\Joomla_site\bluejays\plugins\editors\tinymce\jscripts\tiny_mce\themes\advanced\images\button_menu.gif <-- ie /public_html/bluejays/plugins/editors/tinymce/jscripts/tiny_mce/themes/advanced/images button_menu.gif
2013.03.10 23:54 B C:\Server\htdocs\Joomla_site\bluejays\plugins\editors\tinymce\jscripts\tiny_mce\themes\advanced\images\buttons.gif <-- ie /public_html/bluejays/plugins/editors/tinymce/jscripts/tiny_mce/themes/advanced/images buttons.gif
2013.03.10 23:54 B C:\Server\htdocs\Joomla_site\bluejays\plugins\editors\tinymce\jscripts\tiny_mce\themes\advanced\images\cancel_button_bg.gif <-- ie /public_html/bluejays/plugins/editors/tinymce/jscripts/tiny_mce/themes/advanced/images cancel_button_bg.gif
2013.03.10 23:54 B C:\Server\htdocs\Joomla_site\bluejays\plugins\editors\tinymce\jscripts\tiny_mce\themes\advanced\images\charmap.gif <-- ie /public_html/bluejays/plugins/editors/tinymce/jscripts/tiny_mce/themes/advanced/images charmap.gif
2013.03.10 23:54 B C:\Server\htdocs\Joomla_site\bluejays\plugins\editors\tinymce\jscripts\tiny_mce\themes\advanced\images\cleanup.gif <-- ie /public_html/bluejays/plugins/editors/tinymce/jscripts/tiny_mce/themes/advanced/images cleanup.gif
2013.03.10 23:54 B C:\Server\htdocs\Joomla_site\bluejays\plugins\editors\tinymce\jscripts\tiny_mce\themes\advanced\images\close.gif <-- ie /public_html/bluejays/plugins/editors/tinymce/jscripts/tiny_mce/themes/advanced/images close.gif
2013.03.10 23:54 B C:\Server\htdocs\Joomla_site\bluejays\plugins\editors\tinymce\jscripts\tiny_mce\themes\advanced\images\code.gif <-- ie /public_html/bluejays/plugins/editors/tinymce/jscripts/tiny_mce/themes/advanced/images code.gif
2013.03.10 23:54 B C:\Server\htdocs\Joomla_site\bluejays\plugins\editors\tinymce\jscripts\tiny_mce\themes\advanced\images\color.gif <-- ie /public_html/bluejays/plugins/editors/tinymce/jscripts/tiny_mce/themes/advanced/images color.gif
2013.03.10 23:54 B C:\Server\htdocs\Joomla_site\bluejays\plugins\editors\tinymce\jscripts\tiny_mce\themes\advanced\images\colors.jpg <-- ie /public_html/bluejays/plugins/editors/tinymce/jscripts/tiny_mce/themes/advanced/images colors.jpg
2013.03.10 23:54 B C:\Server\htdocs\Joomla_site\bluejays\plugins\editors\tinymce\jscripts\tiny_mce\themes\advanced\images\copy.gif <-- ie /public_html/bluejays/plugins/editors/tinymce/jscripts/tiny_mce/themes/advanced/images copy.gif
2013.03.10 23:54 B C:\Server\htdocs\Joomla_site\bluejays\plugins\editors\tinymce\jscripts\tiny_mce\themes\advanced\images\custom_1.gif <-- ie /public_html/bluejays/plugins/editors/tinymce/jscripts/tiny_mce/themes/advanced/images custom_1.gif
2013.03.10 23:54 B C:\Server\htdocs\Joomla_site\bluejays\plugins\editors\tinymce\jscripts\tiny_mce\themes\advanced\images\cut.gif <-- ie /public_html/bluejays/plugins/editors/tinymce/jscripts/tiny_mce/themes/advanced/images cut.gif
2013.03.10 23:54 B C:\Server\htdocs\Joomla_site\bluejays\plugins\editors\tinymce\jscripts\tiny_mce\themes\advanced\images\forecolor.gif <-- ie /public_html/bluejays/plugins/editors/tinymce/jscripts/tiny_mce/themes/advanced/images forecolor.gif
2013.03.10 23:54 B C:\Server\htdocs\Joomla_site\bluejays\plugins\editors\tinymce\jscripts\tiny_mce\themes\advanced\images\help.gif <-- ie /public_html/bluejays/plugins/editors/tinymce/jscripts/tiny_mce/themes/advanced/images help.gif
2013.03.10 23:54 B C:\Server\htdocs\Joomla_site\bluejays\plugins\editors\tinymce\jscripts\tiny_mce\themes\advanced\images\hr.gif <-- ie /public_html/bluejays/plugins/editors/tinymce/jscripts/tiny_mce/themes/advanced/images hr.gif
2013.03.10 23:54 B C:\Server\htdocs\Joomla_site\bluejays\plugins\editors\tinymce\jscripts\tiny_mce\themes\advanced\images\image.gif <-- ie /public_html/bluejays/plugins/editors/tinymce/jscripts/tiny_mce/themes/advanced/images image.gif
2013.03.10 23:54 B C:\Server\htdocs\Joomla_site\bluejays\plugins\editors\tinymce\jscripts\tiny_mce\themes\advanced\images\indent.gif <-- ie /public_html/bluejays/plugins/editors/tinymce/jscripts/tiny_mce/themes/advanced/images indent.gif
2013.03.10 23:54 B C:\Server\htdocs\Joomla_site\bluejays\plugins\editors\tinymce\jscripts\tiny_mce\themes\advanced\images\index.html <-- ie /public_html/bluejays/plugins/editors/tinymce/jscripts/tiny_mce/themes/advanced/images index.html
2013.03.10 23:55 B C:\Server\htdocs\Joomla_site\bluejays\plugins\editors\tinymce\jscripts\tiny_mce\themes\advanced\images\insert_button_bg.gif <-- ie /public_html/bluejays/plugins/editors/tinymce/jscripts/tiny_mce/themes/advanced/images insert_button_bg.gif
2013.03.10 23:55 B C:\Server\htdocs\Joomla_site\bluejays\plugins\editors\tinymce\jscripts\tiny_mce\themes\advanced\images\italic.gif <-- ie /public_html/bluejays/plugins/editors/tinymce/jscripts/tiny_mce/themes/advanced/images italic.gif
2013.03.10 23:55 B C:\Server\htdocs\Joomla_site\bluejays\plugins\editors\tinymce\jscripts\tiny_mce\themes\advanced\images\italic_de_se.gif <-- ie /public_html/bluejays/plugins/editors/tinymce/jscripts/tiny_mce/themes/advanced/images italic_de_se.gif
2013.03.10 23:55 B C:\Server\htdocs\Joomla_site\bluejays\plugins\editors\tinymce\jscripts\tiny_mce\themes\advanced\images\italic_es.gif <-- ie /public_html/bluejays/plugins/editors/tinymce/jscripts/tiny_mce/themes/advanced/images italic_es.gif
2013.03.10 23:55 B C:\Server\htdocs\Joomla_site\bluejays\plugins\editors\tinymce\jscripts\tiny_mce\themes\advanced\images\italic_ru.gif <-- ie /public_html/bluejays/plugins/editors/tinymce/jscripts/tiny_mce/themes/advanced/images italic_ru.gif
2013.03.10 23:55 B C:\Server\htdocs\Joomla_site\bluejays\plugins\editors\tinymce\jscripts\tiny_mce\themes\advanced\images\italic_tw.gif <-- ie /public_html/bluejays/plugins/editors/tinymce/jscripts/tiny_mce/themes/advanced/images italic_tw.gif
2013.03.10 23:55 B C:\Server\htdocs\Joomla_site\bluejays\plugins\editors\tinymce\jscripts\tiny_mce\themes\advanced\images\justifycenter.gif <-- ie /public_html/bluejays/plugins/editors/tinymce/jscripts/tiny_mce/themes/advanced/images justifycenter.gif
2013.03.10 23:55 B C:\Server\htdocs\Joomla_site\bluejays\plugins\editors\tinymce\jscripts\tiny_mce\themes\advanced\images\justifyfull.gif <-- ie /public_html/bluejays/plugins/editors/tinymce/jscripts/tiny_mce/themes/advanced/images justifyfull.gif
2013.03.10 23:55 B C:\Server\htdocs\Joomla_site\bluejays\plugins\editors\tinymce\jscripts\tiny_mce\themes\advanced\images\justifyleft.gif <-- ie /public_html/bluejays/plugins/editors/tinymce/jscripts/tiny_mce/themes/advanced/images justifyleft.gif
2013.03.10 23:55 B C:\Server\htdocs\Joomla_site\bluejays\plugins\editors\tinymce\jscripts\tiny_mce\themes\advanced\images\justifyright.gif <-- ie /public_html/bluejays/plugins/editors/tinymce/jscripts/tiny_mce/themes/advanced/images justifyright.gif
2013.03.10 23:55 B C:\Server\htdocs\Joomla_site\bluejays\plugins\editors\tinymce\jscripts\tiny_mce\themes\advanced\images\link.gif <-- ie /public_html/bluejays/plugins/editors/tinymce/jscripts/tiny_mce/themes/advanced/images link.gif
2013.03.10 23:55 B C:\Server\htdocs\Joomla_site\bluejays\plugins\editors\tinymce\jscripts\tiny_mce\themes\advanced\images\menu_check.gif <-- ie /public_html/bluejays/plugins/editors/tinymce/jscripts/tiny_mce/themes/advanced/images menu_check.gif
2013.03.10 23:55 B C:\Server\htdocs\Joomla_site\bluejays\plugins\editors\tinymce\jscripts\tiny_mce\themes\advanced\images\newdocument.gif <-- ie /public_html/bluejays/plugins/editors/tinymce/jscripts/tiny_mce/themes/advanced/images newdocument.gif
2013.03.10 23:55 B C:\Server\htdocs\Joomla_site\bluejays\plugins\editors\tinymce\jscripts\tiny_mce\themes\advanced\images\numlist.gif <-- ie /public_html/bluejays/plugins/editors/tinymce/jscripts/tiny_mce/themes/advanced/images numlist.gif
2013.03.10 23:55 B C:\Server\htdocs\Joomla_site\bluejays\plugins\editors\tinymce\jscripts\tiny_mce\themes\advanced\images\opacity.png <-- ie /public_html/bluejays/plugins/editors/tinymce/jscripts/tiny_mce/themes/advanced/images opacity.png
2013.03.10 23:55 B C:\Server\htdocs\Joomla_site\bluejays\plugins\editors\tinymce\jscripts\tiny_mce\themes\advanced\images\outdent.gif <-- ie /public_html/bluejays/plugins/editors/tinymce/jscripts/tiny_mce/themes/advanced/images outdent.gif
2013.03.10 23:55 B C:\Server\htdocs\Joomla_site\bluejays\plugins\editors\tinymce\jscripts\tiny_mce\themes\advanced\images\paste.gif <-- ie /public_html/bluejays/plugins/editors/tinymce/jscripts/tiny_mce/themes/advanced/images paste.gif
2013.03.10 23:55 B C:\Server\htdocs\Joomla_site\bluejays\plugins\editors\tinymce\jscripts\tiny_mce\themes\advanced\images\redo.gif <-- ie /public_html/bluejays/plugins/editors/tinymce/jscripts/tiny_mce/themes/advanced/images redo.gif
2013.03.10 23:55 B C:\Server\htdocs\Joomla_site\bluejays\plugins\editors\tinymce\jscripts\tiny_mce\themes\advanced\images\removeformat.gif <-- ie /public_html/bluejays/plugins/editors/tinymce/jscripts/tiny_mce/themes/advanced/images removeformat.gif
2013.03.10 23:55 B C:\Server\htdocs\Joomla_site\bluejays\plugins\editors\tinymce\jscripts\tiny_mce\themes\advanced\images\separator.gif <-- ie /public_html/bluejays/plugins/editors/tinymce/jscripts/tiny_mce/themes/advanced/images separator.gif
2013.03.10 23:55 B C:\Server\htdocs\Joomla_site\bluejays\plugins\editors\tinymce\jscripts\tiny_mce\themes\advanced\images\spacer.gif <-- ie /public_html/bluejays/plugins/editors/tinymce/jscripts/tiny_mce/themes/advanced/images spacer.gif
2013.03.10 23:55 B C:\Server\htdocs\Joomla_site\bluejays\plugins\editors\tinymce\jscripts\tiny_mce\themes\advanced\images\statusbar_resize.gif <-- ie /public_html/bluejays/plugins/editors/tinymce/jscripts/tiny_mce/themes/advanced/images statusbar_resize.gif
2013.03.10 23:55 B C:\Server\htdocs\Joomla_site\bluejays\plugins\editors\tinymce\jscripts\tiny_mce\themes\advanced\images\strikethrough.gif <-- ie /public_html/bluejays/plugins/editors/tinymce/jscripts/tiny_mce/themes/advanced/images strikethrough.gif
2013.03.10 23:55 B C:\Server\htdocs\Joomla_site\bluejays\plugins\editors\tinymce\jscripts\tiny_mce\themes\advanced\images\sub.gif <-- ie /public_html/bluejays/plugins/editors/tinymce/jscripts/tiny_mce/themes/advanced/images sub.gif
2013.03.10 23:55 B C:\Server\htdocs\Joomla_site\bluejays\plugins\editors\tinymce\jscripts\tiny_mce\themes\advanced\images\sup.gif <-- ie /public_html/bluejays/plugins/editors/tinymce/jscripts/tiny_mce/themes/advanced/images sup.gif
2013.03.10 23:55 B C:\Server\htdocs\Joomla_site\bluejays\plugins\editors\tinymce\jscripts\tiny_mce\themes\advanced\images\underline.gif <-- ie /public_html/bluejays/plugins/editors/tinymce/jscripts/tiny_mce/themes/advanced/images underline.gif
2013.03.10 23:55 B C:\Server\htdocs\Joomla_site\bluejays\plugins\editors\tinymce\jscripts\tiny_mce\themes\advanced\images\underline_es.gif <-- ie /public_html/bluejays/plugins/editors/tinymce/jscripts/tiny_mce/themes/advanced/images underline_es.gif
2013.03.10 23:55 B C:\Server\htdocs\Joomla_site\bluejays\plugins\editors\tinymce\jscripts\tiny_mce\themes\advanced\images\underline_fr.gif <-- ie /public_html/bluejays/plugins/editors/tinymce/jscripts/tiny_mce/themes/advanced/images underline_fr.gif
2013.03.10 23:55 B C:\Server\htdocs\Joomla_site\bluejays\plugins\editors\tinymce\jscripts\tiny_mce\themes\advanced\images\underline_ru.gif <-- ie /public_html/bluejays/plugins/editors/tinymce/jscripts/tiny_mce/themes/advanced/images underline_ru.gif
2013.03.10 23:55 B C:\Server\htdocs\Joomla_site\bluejays\plugins\editors\tinymce\jscripts\tiny_mce\themes\advanced\images\underline_tw.gif <-- ie /public_html/bluejays/plugins/editors/tinymce/jscripts/tiny_mce/themes/advanced/images underline_tw.gif
2013.03.10 23:55 B C:\Server\htdocs\Joomla_site\bluejays\plugins\editors\tinymce\jscripts\tiny_mce\themes\advanced\images\undo.gif <-- ie /public_html/bluejays/plugins/editors/tinymce/jscripts/tiny_mce/themes/advanced/images undo.gif
2013.03.10 23:55 B C:\Server\htdocs\Joomla_site\bluejays\plugins\editors\tinymce\jscripts\tiny_mce\themes\advanced\images\unlink.gif <-- ie /public_html/bluejays/plugins/editors/tinymce/jscripts/tiny_mce/themes/advanced/images unlink.gif
2013.03.10 23:55 B C:\Server\htdocs\Joomla_site\bluejays\plugins\editors\tinymce\jscripts\tiny_mce\themes\advanced\images\visualaid.gif <-- ie /public_html/bluejays/plugins/editors/tinymce/jscripts/tiny_mce/themes/advanced/images visualaid.gif
