2013.03.10 22:48 B C:\Server\htdocs\Joomla_site\bluejays\administrator\templates\khepri\images\toolbar\icon-32-adduser.png <-- ie /public_html/bluejays/administrator/templates/khepri/images/toolbar icon-32-adduser.png
2013.03.10 22:48 B C:\Server\htdocs\Joomla_site\bluejays\administrator\templates\khepri\images\toolbar\icon-32-apply.png <-- ie /public_html/bluejays/administrator/templates/khepri/images/toolbar icon-32-apply.png
2013.03.10 22:48 B C:\Server\htdocs\Joomla_site\bluejays\administrator\templates\khepri\images\toolbar\icon-32-archive.png <-- ie /public_html/bluejays/administrator/templates/khepri/images/toolbar icon-32-archive.png
2013.03.10 22:48 B C:\Server\htdocs\Joomla_site\bluejays\administrator\templates\khepri\images\toolbar\icon-32-back.png <-- ie /public_html/bluejays/administrator/templates/khepri/images/toolbar icon-32-back.png
2013.03.10 22:48 B C:\Server\htdocs\Joomla_site\bluejays\administrator\templates\khepri\images\toolbar\icon-32-cancel.png <-- ie /public_html/bluejays/administrator/templates/khepri/images/toolbar icon-32-cancel.png
2013.03.10 22:48 B C:\Server\htdocs\Joomla_site\bluejays\administrator\templates\khepri\images\toolbar\icon-32-config.png <-- ie /public_html/bluejays/administrator/templates/khepri/images/toolbar icon-32-config.png
2013.03.10 22:48 B C:\Server\htdocs\Joomla_site\bluejays\administrator\templates\khepri\images\toolbar\icon-32-copy.png <-- ie /public_html/bluejays/administrator/templates/khepri/images/toolbar icon-32-copy.png
2013.03.10 22:48 B C:\Server\htdocs\Joomla_site\bluejays\administrator\templates\khepri\images\toolbar\icon-32-css.png <-- ie /public_html/bluejays/administrator/templates/khepri/images/toolbar icon-32-css.png
2013.03.10 22:48 B C:\Server\htdocs\Joomla_site\bluejays\administrator\templates\khepri\images\toolbar\icon-32-default.png <-- ie /public_html/bluejays/administrator/templates/khepri/images/toolbar icon-32-default.png
2013.03.10 22:48 B C:\Server\htdocs\Joomla_site\bluejays\administrator\templates\khepri\images\toolbar\icon-32-delete.png <-- ie /public_html/bluejays/administrator/templates/khepri/images/toolbar icon-32-delete.png
2013.03.10 22:48 B C:\Server\htdocs\Joomla_site\bluejays\administrator\templates\khepri\images\toolbar\icon-32-download.png <-- ie /public_html/bluejays/administrator/templates/khepri/images/toolbar icon-32-download.png
2013.03.10 22:48 B C:\Server\htdocs\Joomla_site\bluejays\administrator\templates\khepri\images\toolbar\icon-32-edit.png <-- ie /public_html/bluejays/administrator/templates/khepri/images/toolbar icon-32-edit.png
2013.03.10 22:48 B C:\Server\htdocs\Joomla_site\bluejays\administrator\templates\khepri\images\toolbar\icon-32-export.png <-- ie /public_html/bluejays/administrator/templates/khepri/images/toolbar icon-32-export.png
2013.03.10 22:48 B C:\Server\htdocs\Joomla_site\bluejays\administrator\templates\khepri\images\toolbar\icon-32-forward.png <-- ie /public_html/bluejays/administrator/templates/khepri/images/toolbar icon-32-forward.png
2013.03.10 22:48 B C:\Server\htdocs\Joomla_site\bluejays\administrator\templates\khepri\images\toolbar\icon-32-help.png <-- ie /public_html/bluejays/administrator/templates/khepri/images/toolbar icon-32-help.png
2013.03.10 22:48 B C:\Server\htdocs\Joomla_site\bluejays\administrator\templates\khepri\images\toolbar\icon-32-html.png <-- ie /public_html/bluejays/administrator/templates/khepri/images/toolbar icon-32-html.png
2013.03.10 22:48 B C:\Server\htdocs\Joomla_site\bluejays\administrator\templates\khepri\images\toolbar\icon-32-lock.png <-- ie /public_html/bluejays/administrator/templates/khepri/images/toolbar icon-32-lock.png
2013.03.10 22:48 B C:\Server\htdocs\Joomla_site\bluejays\administrator\templates\khepri\images\toolbar\icon-32-menu.png <-- ie /public_html/bluejays/administrator/templates/khepri/images/toolbar icon-32-menu.png
2013.03.10 22:48 B C:\Server\htdocs\Joomla_site\bluejays\administrator\templates\khepri\images\toolbar\icon-32-move.png <-- ie /public_html/bluejays/administrator/templates/khepri/images/toolbar icon-32-move.png
2013.03.10 22:48 B C:\Server\htdocs\Joomla_site\bluejays\administrator\templates\khepri\images\toolbar\icon-32-new.png <-- ie /public_html/bluejays/administrator/templates/khepri/images/toolbar icon-32-new.png
2013.03.10 22:48 B C:\Server\htdocs\Joomla_site\bluejays\administrator\templates\khepri\images\toolbar\icon-32-preview.png <-- ie /public_html/bluejays/administrator/templates/khepri/images/toolbar icon-32-preview.png
2013.03.10 22:48 B C:\Server\htdocs\Joomla_site\bluejays\administrator\templates\khepri\images\toolbar\icon-32-print.png <-- ie /public_html/bluejays/administrator/templates/khepri/images/toolbar icon-32-print.png
2013.03.10 22:48 B C:\Server\htdocs\Joomla_site\bluejays\administrator\templates\khepri\images\toolbar\icon-32-publish.png <-- ie /public_html/bluejays/administrator/templates/khepri/images/toolbar icon-32-publish.png
2013.03.10 22:48 B C:\Server\htdocs\Joomla_site\bluejays\administrator\templates\khepri\images\toolbar\icon-32-refresh.png <-- ie /public_html/bluejays/administrator/templates/khepri/images/toolbar icon-32-refresh.png
2013.03.10 22:48 B C:\Server\htdocs\Joomla_site\bluejays\administrator\templates\khepri\images\toolbar\icon-32-revert.png <-- ie /public_html/bluejays/administrator/templates/khepri/images/toolbar icon-32-revert.png
2013.03.10 22:48 B C:\Server\htdocs\Joomla_site\bluejays\administrator\templates\khepri\images\toolbar\icon-32-save.png <-- ie /public_html/bluejays/administrator/templates/khepri/images/toolbar icon-32-save.png
2013.03.10 22:48 B C:\Server\htdocs\Joomla_site\bluejays\administrator\templates\khepri\images\toolbar\icon-32-search.png <-- ie /public_html/bluejays/administrator/templates/khepri/images/toolbar icon-32-search.png
2013.03.10 22:48 B C:\Server\htdocs\Joomla_site\bluejays\administrator\templates\khepri\images\toolbar\icon-32-send.png <-- ie /public_html/bluejays/administrator/templates/khepri/images/toolbar icon-32-send.png
2013.03.10 22:48 B C:\Server\htdocs\Joomla_site\bluejays\administrator\templates\khepri\images\toolbar\icon-32-trash.png <-- ie /public_html/bluejays/administrator/templates/khepri/images/toolbar icon-32-trash.png
2013.03.10 22:48 B C:\Server\htdocs\Joomla_site\bluejays\administrator\templates\khepri\images\toolbar\icon-32-unarchive.png <-- ie /public_html/bluejays/administrator/templates/khepri/images/toolbar icon-32-unarchive.png
2013.03.10 22:48 B C:\Server\htdocs\Joomla_site\bluejays\administrator\templates\khepri\images\toolbar\icon-32-unpublish.png <-- ie /public_html/bluejays/administrator/templates/khepri/images/toolbar icon-32-unpublish.png
2013.03.10 22:48 B C:\Server\htdocs\Joomla_site\bluejays\administrator\templates\khepri\images\toolbar\icon-32-upload.png <-- ie /public_html/bluejays/administrator/templates/khepri/images/toolbar icon-32-upload.png
2013.03.10 22:48 B C:\Server\htdocs\Joomla_site\bluejays\administrator\templates\khepri\images\toolbar\icon-32-xml.png <-- ie /public_html/bluejays/administrator/templates/khepri/images/toolbar icon-32-xml.png
2013.03.10 22:48 B C:\Server\htdocs\Joomla_site\bluejays\administrator\templates\khepri\images\toolbar\index.html <-- ie /public_html/bluejays/administrator/templates/khepri/images/toolbar index.html
