2011.09.02 13:11 B D:\Server\Apache2.2\htdocs\jqueryui\development-bundle\ui\i18n\jquery.ui.datepicker-zh-TW.js --> ftp.iemilie.com /public_html/projs/jqueryui/development-bundle/ui/i18n jquery.ui.datepicker-zh-TW.js
2011.09.02 13:11 B D:\Server\Apache2.2\htdocs\jqueryui\development-bundle\ui\i18n\jquery.ui.datepicker-zh-HK.js --> ftp.iemilie.com /public_html/projs/jqueryui/development-bundle/ui/i18n jquery.ui.datepicker-zh-HK.js
2011.09.02 13:11 B D:\Server\Apache2.2\htdocs\jqueryui\development-bundle\ui\i18n\jquery.ui.datepicker-zh-CN.js --> ftp.iemilie.com /public_html/projs/jqueryui/development-bundle/ui/i18n jquery.ui.datepicker-zh-CN.js
2011.09.02 13:11 B D:\Server\Apache2.2\htdocs\jqueryui\development-bundle\ui\i18n\jquery.ui.datepicker-vi.js --> ftp.iemilie.com /public_html/projs/jqueryui/development-bundle/ui/i18n jquery.ui.datepicker-vi.js
2011.09.02 13:11 B D:\Server\Apache2.2\htdocs\jqueryui\development-bundle\ui\i18n\jquery.ui.datepicker-uk.js --> ftp.iemilie.com /public_html/projs/jqueryui/development-bundle/ui/i18n jquery.ui.datepicker-uk.js
2011.09.02 13:11 B D:\Server\Apache2.2\htdocs\jqueryui\development-bundle\ui\i18n\jquery.ui.datepicker-tr.js --> ftp.iemilie.com /public_html/projs/jqueryui/development-bundle/ui/i18n jquery.ui.datepicker-tr.js
2011.09.02 13:11 B D:\Server\Apache2.2\htdocs\jqueryui\development-bundle\ui\i18n\jquery.ui.datepicker-th.js --> ftp.iemilie.com /public_html/projs/jqueryui/development-bundle/ui/i18n jquery.ui.datepicker-th.js
2011.09.02 13:11 B D:\Server\Apache2.2\htdocs\jqueryui\development-bundle\ui\i18n\jquery.ui.datepicker-ta.js --> ftp.iemilie.com /public_html/projs/jqueryui/development-bundle/ui/i18n jquery.ui.datepicker-ta.js
2011.09.02 13:11 B D:\Server\Apache2.2\htdocs\jqueryui\development-bundle\ui\i18n\jquery.ui.datepicker-sv.js --> ftp.iemilie.com /public_html/projs/jqueryui/development-bundle/ui/i18n jquery.ui.datepicker-sv.js
2011.09.02 13:11 B D:\Server\Apache2.2\htdocs\jqueryui\development-bundle\ui\i18n\jquery.ui.datepicker-sr.js --> ftp.iemilie.com /public_html/projs/jqueryui/development-bundle/ui/i18n jquery.ui.datepicker-sr.js
2011.09.02 13:11 B D:\Server\Apache2.2\htdocs\jqueryui\development-bundle\ui\i18n\jquery.ui.datepicker-sr-SR.js --> ftp.iemilie.com /public_html/projs/jqueryui/development-bundle/ui/i18n jquery.ui.datepicker-sr-SR.js
2011.09.02 13:11 B D:\Server\Apache2.2\htdocs\jqueryui\development-bundle\ui\i18n\jquery.ui.datepicker-sq.js --> ftp.iemilie.com /public_html/projs/jqueryui/development-bundle/ui/i18n jquery.ui.datepicker-sq.js
2011.09.02 13:11 B D:\Server\Apache2.2\htdocs\jqueryui\development-bundle\ui\i18n\jquery.ui.datepicker-sl.js --> ftp.iemilie.com /public_html/projs/jqueryui/development-bundle/ui/i18n jquery.ui.datepicker-sl.js
2011.09.02 13:11 B D:\Server\Apache2.2\htdocs\jqueryui\development-bundle\ui\i18n\jquery.ui.datepicker-sk.js --> ftp.iemilie.com /public_html/projs/jqueryui/development-bundle/ui/i18n jquery.ui.datepicker-sk.js
2011.09.02 13:11 B D:\Server\Apache2.2\htdocs\jqueryui\development-bundle\ui\i18n\jquery.ui.datepicker-ru.js --> ftp.iemilie.com /public_html/projs/jqueryui/development-bundle/ui/i18n jquery.ui.datepicker-ru.js
2011.09.02 13:11 B D:\Server\Apache2.2\htdocs\jqueryui\development-bundle\ui\i18n\jquery.ui.datepicker-ro.js --> ftp.iemilie.com /public_html/projs/jqueryui/development-bundle/ui/i18n jquery.ui.datepicker-ro.js
2011.09.02 13:11 B D:\Server\Apache2.2\htdocs\jqueryui\development-bundle\ui\i18n\jquery.ui.datepicker-pt.js --> ftp.iemilie.com /public_html/projs/jqueryui/development-bundle/ui/i18n jquery.ui.datepicker-pt.js
2011.09.02 13:11 B D:\Server\Apache2.2\htdocs\jqueryui\development-bundle\ui\i18n\jquery.ui.datepicker-pt-BR.js --> ftp.iemilie.com /public_html/projs/jqueryui/development-bundle/ui/i18n jquery.ui.datepicker-pt-BR.js
2011.09.02 13:11 B D:\Server\Apache2.2\htdocs\jqueryui\development-bundle\ui\i18n\jquery.ui.datepicker-pl.js --> ftp.iemilie.com /public_html/projs/jqueryui/development-bundle/ui/i18n jquery.ui.datepicker-pl.js
2011.09.02 13:11 B D:\Server\Apache2.2\htdocs\jqueryui\development-bundle\ui\i18n\jquery.ui.datepicker-no.js --> ftp.iemilie.com /public_html/projs/jqueryui/development-bundle/ui/i18n jquery.ui.datepicker-no.js
2011.09.02 13:11 B D:\Server\Apache2.2\htdocs\jqueryui\development-bundle\ui\i18n\jquery.ui.datepicker-nl.js --> ftp.iemilie.com /public_html/projs/jqueryui/development-bundle/ui/i18n jquery.ui.datepicker-nl.js
2011.09.02 13:11 B D:\Server\Apache2.2\htdocs\jqueryui\development-bundle\ui\i18n\jquery.ui.datepicker-ms.js --> ftp.iemilie.com /public_html/projs/jqueryui/development-bundle/ui/i18n jquery.ui.datepicker-ms.js
2011.09.02 13:11 B D:\Server\Apache2.2\htdocs\jqueryui\development-bundle\ui\i18n\jquery.ui.datepicker-lv.js --> ftp.iemilie.com /public_html/projs/jqueryui/development-bundle/ui/i18n jquery.ui.datepicker-lv.js
2011.09.02 13:11 B D:\Server\Apache2.2\htdocs\jqueryui\development-bundle\ui\i18n\jquery.ui.datepicker-lt.js --> ftp.iemilie.com /public_html/projs/jqueryui/development-bundle/ui/i18n jquery.ui.datepicker-lt.js
2011.09.02 13:11 B D:\Server\Apache2.2\htdocs\jqueryui\development-bundle\ui\i18n\jquery.ui.datepicker-kz.js --> ftp.iemilie.com /public_html/projs/jqueryui/development-bundle/ui/i18n jquery.ui.datepicker-kz.js
2011.09.02 13:11 B D:\Server\Apache2.2\htdocs\jqueryui\development-bundle\ui\i18n\jquery.ui.datepicker-ko.js --> ftp.iemilie.com /public_html/projs/jqueryui/development-bundle/ui/i18n jquery.ui.datepicker-ko.js
2011.09.02 13:11 B D:\Server\Apache2.2\htdocs\jqueryui\development-bundle\ui\i18n\jquery.ui.datepicker-ja.js --> ftp.iemilie.com /public_html/projs/jqueryui/development-bundle/ui/i18n jquery.ui.datepicker-ja.js
2011.09.02 13:11 B D:\Server\Apache2.2\htdocs\jqueryui\development-bundle\ui\i18n\jquery.ui.datepicker-it.js --> ftp.iemilie.com /public_html/projs/jqueryui/development-bundle/ui/i18n jquery.ui.datepicker-it.js
2011.09.02 13:11 B D:\Server\Apache2.2\htdocs\jqueryui\development-bundle\ui\i18n\jquery.ui.datepicker-is.js --> ftp.iemilie.com /public_html/projs/jqueryui/development-bundle/ui/i18n jquery.ui.datepicker-is.js
2011.09.02 13:11 B D:\Server\Apache2.2\htdocs\jqueryui\development-bundle\ui\i18n\jquery.ui.datepicker-id.js --> ftp.iemilie.com /public_html/projs/jqueryui/development-bundle/ui/i18n jquery.ui.datepicker-id.js
2011.09.02 13:11 B D:\Server\Apache2.2\htdocs\jqueryui\development-bundle\ui\i18n\jquery.ui.datepicker-hy.js --> ftp.iemilie.com /public_html/projs/jqueryui/development-bundle/ui/i18n jquery.ui.datepicker-hy.js
2011.09.02 13:11 B D:\Server\Apache2.2\htdocs\jqueryui\development-bundle\ui\i18n\jquery.ui.datepicker-hu.js --> ftp.iemilie.com /public_html/projs/jqueryui/development-bundle/ui/i18n jquery.ui.datepicker-hu.js
2011.09.02 13:11 B D:\Server\Apache2.2\htdocs\jqueryui\development-bundle\ui\i18n\jquery.ui.datepicker-hr.js --> ftp.iemilie.com /public_html/projs/jqueryui/development-bundle/ui/i18n jquery.ui.datepicker-hr.js
2011.09.02 13:11 B D:\Server\Apache2.2\htdocs\jqueryui\development-bundle\ui\i18n\jquery.ui.datepicker-he.js --> ftp.iemilie.com /public_html/projs/jqueryui/development-bundle/ui/i18n jquery.ui.datepicker-he.js
2011.09.02 13:11 B D:\Server\Apache2.2\htdocs\jqueryui\development-bundle\ui\i18n\jquery.ui.datepicker-gl.js --> ftp.iemilie.com /public_html/projs/jqueryui/development-bundle/ui/i18n jquery.ui.datepicker-gl.js
2011.09.02 13:11 B D:\Server\Apache2.2\htdocs\jqueryui\development-bundle\ui\i18n\jquery.ui.datepicker-fr.js --> ftp.iemilie.com /public_html/projs/jqueryui/development-bundle/ui/i18n jquery.ui.datepicker-fr.js
2011.09.02 13:11 B D:\Server\Apache2.2\htdocs\jqueryui\development-bundle\ui\i18n\jquery.ui.datepicker-fr-CH.js --> ftp.iemilie.com /public_html/projs/jqueryui/development-bundle/ui/i18n jquery.ui.datepicker-fr-CH.js
2011.09.02 13:11 B D:\Server\Apache2.2\htdocs\jqueryui\development-bundle\ui\i18n\jquery.ui.datepicker-fo.js --> ftp.iemilie.com /public_html/projs/jqueryui/development-bundle/ui/i18n jquery.ui.datepicker-fo.js
2011.09.02 13:11 B D:\Server\Apache2.2\htdocs\jqueryui\development-bundle\ui\i18n\jquery.ui.datepicker-fi.js --> ftp.iemilie.com /public_html/projs/jqueryui/development-bundle/ui/i18n jquery.ui.datepicker-fi.js
2011.09.02 13:11 B D:\Server\Apache2.2\htdocs\jqueryui\development-bundle\ui\i18n\jquery.ui.datepicker-fa.js --> ftp.iemilie.com /public_html/projs/jqueryui/development-bundle/ui/i18n jquery.ui.datepicker-fa.js
2011.09.02 13:11 B D:\Server\Apache2.2\htdocs\jqueryui\development-bundle\ui\i18n\jquery.ui.datepicker-eu.js --> ftp.iemilie.com /public_html/projs/jqueryui/development-bundle/ui/i18n jquery.ui.datepicker-eu.js
2011.09.02 13:11 B D:\Server\Apache2.2\htdocs\jqueryui\development-bundle\ui\i18n\jquery.ui.datepicker-et.js --> ftp.iemilie.com /public_html/projs/jqueryui/development-bundle/ui/i18n jquery.ui.datepicker-et.js
2011.09.02 13:11 B D:\Server\Apache2.2\htdocs\jqueryui\development-bundle\ui\i18n\jquery.ui.datepicker-es.js --> ftp.iemilie.com /public_html/projs/jqueryui/development-bundle/ui/i18n jquery.ui.datepicker-es.js
2011.09.02 13:11 B D:\Server\Apache2.2\htdocs\jqueryui\development-bundle\ui\i18n\jquery.ui.datepicker-eo.js --> ftp.iemilie.com /public_html/projs/jqueryui/development-bundle/ui/i18n jquery.ui.datepicker-eo.js
2011.09.02 13:11 B D:\Server\Apache2.2\htdocs\jqueryui\development-bundle\ui\i18n\jquery.ui.datepicker-en-GB.js --> ftp.iemilie.com /public_html/projs/jqueryui/development-bundle/ui/i18n jquery.ui.datepicker-en-GB.js
2011.09.02 13:11 B D:\Server\Apache2.2\htdocs\jqueryui\development-bundle\ui\i18n\jquery.ui.datepicker-el.js --> ftp.iemilie.com /public_html/projs/jqueryui/development-bundle/ui/i18n jquery.ui.datepicker-el.js
2011.09.02 13:11 B D:\Server\Apache2.2\htdocs\jqueryui\development-bundle\ui\i18n\jquery.ui.datepicker-de.js --> ftp.iemilie.com /public_html/projs/jqueryui/development-bundle/ui/i18n jquery.ui.datepicker-de.js
2011.09.02 13:11 B D:\Server\Apache2.2\htdocs\jqueryui\development-bundle\ui\i18n\jquery.ui.datepicker-da.js --> ftp.iemilie.com /public_html/projs/jqueryui/development-bundle/ui/i18n jquery.ui.datepicker-da.js
2011.09.02 13:11 B D:\Server\Apache2.2\htdocs\jqueryui\development-bundle\ui\i18n\jquery.ui.datepicker-cs.js --> ftp.iemilie.com /public_html/projs/jqueryui/development-bundle/ui/i18n jquery.ui.datepicker-cs.js
2011.09.02 13:11 B D:\Server\Apache2.2\htdocs\jqueryui\development-bundle\ui\i18n\jquery.ui.datepicker-ca.js --> ftp.iemilie.com /public_html/projs/jqueryui/development-bundle/ui/i18n jquery.ui.datepicker-ca.js
2011.09.02 13:11 B D:\Server\Apache2.2\htdocs\jqueryui\development-bundle\ui\i18n\jquery.ui.datepicker-bs.js --> ftp.iemilie.com /public_html/projs/jqueryui/development-bundle/ui/i18n jquery.ui.datepicker-bs.js
2011.09.02 13:11 B D:\Server\Apache2.2\htdocs\jqueryui\development-bundle\ui\i18n\jquery.ui.datepicker-bg.js --> ftp.iemilie.com /public_html/projs/jqueryui/development-bundle/ui/i18n jquery.ui.datepicker-bg.js
2011.09.02 13:11 B D:\Server\Apache2.2\htdocs\jqueryui\development-bundle\ui\i18n\jquery.ui.datepicker-az.js --> ftp.iemilie.com /public_html/projs/jqueryui/development-bundle/ui/i18n jquery.ui.datepicker-az.js
2011.09.02 13:11 B D:\Server\Apache2.2\htdocs\jqueryui\development-bundle\ui\i18n\jquery.ui.datepicker-ar.js --> ftp.iemilie.com /public_html/projs/jqueryui/development-bundle/ui/i18n jquery.ui.datepicker-ar.js
2011.09.02 13:11 B D:\Server\Apache2.2\htdocs\jqueryui\development-bundle\ui\i18n\jquery.ui.datepicker-af.js --> ftp.iemilie.com /public_html/projs/jqueryui/development-bundle/ui/i18n jquery.ui.datepicker-af.js
2011.09.02 13:11 B D:\Server\Apache2.2\htdocs\jqueryui\development-bundle\ui\i18n\jquery-ui-i18n.js --> ftp.iemilie.com /public_html/projs/jqueryui/development-bundle/ui/i18n jquery-ui-i18n.js
2012.03.13 10:56 B Z:\Server\Apache2.2\htdocs\site\includes\jQuery\ui\i18n\jquery-ui-i18n.js --> neaa.us /public_html/bostonmedflight.org/site/includes/jQuery/ui/i18n jquery-ui-i18n.js
2012.03.13 10:56 B Z:\Server\Apache2.2\htdocs\site\includes\jQuery\ui\i18n\jquery.ui.datepicker-af.js --> neaa.us /public_html/bostonmedflight.org/site/includes/jQuery/ui/i18n jquery.ui.datepicker-af.js
2012.03.13 10:56 B Z:\Server\Apache2.2\htdocs\site\includes\jQuery\ui\i18n\jquery.ui.datepicker-ar.js --> neaa.us /public_html/bostonmedflight.org/site/includes/jQuery/ui/i18n jquery.ui.datepicker-ar.js
2012.03.13 10:56 B Z:\Server\Apache2.2\htdocs\site\includes\jQuery\ui\i18n\jquery.ui.datepicker-az.js --> neaa.us /public_html/bostonmedflight.org/site/includes/jQuery/ui/i18n jquery.ui.datepicker-az.js
2012.03.13 10:57 B Z:\Server\Apache2.2\htdocs\site\includes\jQuery\ui\i18n\jquery.ui.datepicker-bg.js --> neaa.us /public_html/bostonmedflight.org/site/includes/jQuery/ui/i18n jquery.ui.datepicker-bg.js
2012.03.13 10:57 B Z:\Server\Apache2.2\htdocs\site\includes\jQuery\ui\i18n\jquery.ui.datepicker-bs.js --> neaa.us /public_html/bostonmedflight.org/site/includes/jQuery/ui/i18n jquery.ui.datepicker-bs.js
2012.03.13 10:57 B Z:\Server\Apache2.2\htdocs\site\includes\jQuery\ui\i18n\jquery.ui.datepicker-ca.js --> neaa.us /public_html/bostonmedflight.org/site/includes/jQuery/ui/i18n jquery.ui.datepicker-ca.js
2012.03.13 10:57 B Z:\Server\Apache2.2\htdocs\site\includes\jQuery\ui\i18n\jquery.ui.datepicker-cs.js --> neaa.us /public_html/bostonmedflight.org/site/includes/jQuery/ui/i18n jquery.ui.datepicker-cs.js
2012.03.13 10:57 B Z:\Server\Apache2.2\htdocs\site\includes\jQuery\ui\i18n\jquery.ui.datepicker-da.js --> neaa.us /public_html/bostonmedflight.org/site/includes/jQuery/ui/i18n jquery.ui.datepicker-da.js
2012.03.13 10:57 B Z:\Server\Apache2.2\htdocs\site\includes\jQuery\ui\i18n\jquery.ui.datepicker-de.js --> neaa.us /public_html/bostonmedflight.org/site/includes/jQuery/ui/i18n jquery.ui.datepicker-de.js
2012.03.13 10:57 B Z:\Server\Apache2.2\htdocs\site\includes\jQuery\ui\i18n\jquery.ui.datepicker-el.js --> neaa.us /public_html/bostonmedflight.org/site/includes/jQuery/ui/i18n jquery.ui.datepicker-el.js
2012.03.13 10:57 B Z:\Server\Apache2.2\htdocs\site\includes\jQuery\ui\i18n\jquery.ui.datepicker-en-GB.js --> neaa.us /public_html/bostonmedflight.org/site/includes/jQuery/ui/i18n jquery.ui.datepicker-en-GB.js
2012.03.13 10:57 B Z:\Server\Apache2.2\htdocs\site\includes\jQuery\ui\i18n\jquery.ui.datepicker-eo.js --> neaa.us /public_html/bostonmedflight.org/site/includes/jQuery/ui/i18n jquery.ui.datepicker-eo.js
2012.03.13 10:57 B Z:\Server\Apache2.2\htdocs\site\includes\jQuery\ui\i18n\jquery.ui.datepicker-es.js --> neaa.us /public_html/bostonmedflight.org/site/includes/jQuery/ui/i18n jquery.ui.datepicker-es.js
2012.03.13 10:57 B Z:\Server\Apache2.2\htdocs\site\includes\jQuery\ui\i18n\jquery.ui.datepicker-et.js --> neaa.us /public_html/bostonmedflight.org/site/includes/jQuery/ui/i18n jquery.ui.datepicker-et.js
2012.03.13 10:57 B Z:\Server\Apache2.2\htdocs\site\includes\jQuery\ui\i18n\jquery.ui.datepicker-eu.js --> neaa.us /public_html/bostonmedflight.org/site/includes/jQuery/ui/i18n jquery.ui.datepicker-eu.js
2012.03.13 10:57 B Z:\Server\Apache2.2\htdocs\site\includes\jQuery\ui\i18n\jquery.ui.datepicker-fa.js --> neaa.us /public_html/bostonmedflight.org/site/includes/jQuery/ui/i18n jquery.ui.datepicker-fa.js
2012.03.13 10:57 B Z:\Server\Apache2.2\htdocs\site\includes\jQuery\ui\i18n\jquery.ui.datepicker-fi.js --> neaa.us /public_html/bostonmedflight.org/site/includes/jQuery/ui/i18n jquery.ui.datepicker-fi.js
2012.03.13 10:57 B Z:\Server\Apache2.2\htdocs\site\includes\jQuery\ui\i18n\jquery.ui.datepicker-fo.js --> neaa.us /public_html/bostonmedflight.org/site/includes/jQuery/ui/i18n jquery.ui.datepicker-fo.js
2012.03.13 10:57 B Z:\Server\Apache2.2\htdocs\site\includes\jQuery\ui\i18n\jquery.ui.datepicker-fr-CH.js --> neaa.us /public_html/bostonmedflight.org/site/includes/jQuery/ui/i18n jquery.ui.datepicker-fr-CH.js
2012.03.13 10:57 B Z:\Server\Apache2.2\htdocs\site\includes\jQuery\ui\i18n\jquery.ui.datepicker-fr.js --> neaa.us /public_html/bostonmedflight.org/site/includes/jQuery/ui/i18n jquery.ui.datepicker-fr.js
2012.03.13 10:57 B Z:\Server\Apache2.2\htdocs\site\includes\jQuery\ui\i18n\jquery.ui.datepicker-gl.js --> neaa.us /public_html/bostonmedflight.org/site/includes/jQuery/ui/i18n jquery.ui.datepicker-gl.js
2012.03.13 10:57 B Z:\Server\Apache2.2\htdocs\site\includes\jQuery\ui\i18n\jquery.ui.datepicker-he.js --> neaa.us /public_html/bostonmedflight.org/site/includes/jQuery/ui/i18n jquery.ui.datepicker-he.js
2012.03.13 10:57 B Z:\Server\Apache2.2\htdocs\site\includes\jQuery\ui\i18n\jquery.ui.datepicker-hr.js --> neaa.us /public_html/bostonmedflight.org/site/includes/jQuery/ui/i18n jquery.ui.datepicker-hr.js
2012.03.13 10:57 B Z:\Server\Apache2.2\htdocs\site\includes\jQuery\ui\i18n\jquery.ui.datepicker-hu.js --> neaa.us /public_html/bostonmedflight.org/site/includes/jQuery/ui/i18n jquery.ui.datepicker-hu.js
2012.03.13 10:57 B Z:\Server\Apache2.2\htdocs\site\includes\jQuery\ui\i18n\jquery.ui.datepicker-hy.js --> neaa.us /public_html/bostonmedflight.org/site/includes/jQuery/ui/i18n jquery.ui.datepicker-hy.js
2012.03.13 10:57 B Z:\Server\Apache2.2\htdocs\site\includes\jQuery\ui\i18n\jquery.ui.datepicker-id.js --> neaa.us /public_html/bostonmedflight.org/site/includes/jQuery/ui/i18n jquery.ui.datepicker-id.js
2012.03.13 10:57 B Z:\Server\Apache2.2\htdocs\site\includes\jQuery\ui\i18n\jquery.ui.datepicker-is.js --> neaa.us /public_html/bostonmedflight.org/site/includes/jQuery/ui/i18n jquery.ui.datepicker-is.js
2012.03.13 10:57 B Z:\Server\Apache2.2\htdocs\site\includes\jQuery\ui\i18n\jquery.ui.datepicker-it.js --> neaa.us /public_html/bostonmedflight.org/site/includes/jQuery/ui/i18n jquery.ui.datepicker-it.js
2012.03.13 10:57 B Z:\Server\Apache2.2\htdocs\site\includes\jQuery\ui\i18n\jquery.ui.datepicker-ja.js --> neaa.us /public_html/bostonmedflight.org/site/includes/jQuery/ui/i18n jquery.ui.datepicker-ja.js
2012.03.13 10:57 B Z:\Server\Apache2.2\htdocs\site\includes\jQuery\ui\i18n\jquery.ui.datepicker-ko.js --> neaa.us /public_html/bostonmedflight.org/site/includes/jQuery/ui/i18n jquery.ui.datepicker-ko.js
2012.03.13 10:57 B Z:\Server\Apache2.2\htdocs\site\includes\jQuery\ui\i18n\jquery.ui.datepicker-kz.js --> neaa.us /public_html/bostonmedflight.org/site/includes/jQuery/ui/i18n jquery.ui.datepicker-kz.js
2012.03.13 10:57 B Z:\Server\Apache2.2\htdocs\site\includes\jQuery\ui\i18n\jquery.ui.datepicker-lt.js --> neaa.us /public_html/bostonmedflight.org/site/includes/jQuery/ui/i18n jquery.ui.datepicker-lt.js
2012.03.13 10:57 B Z:\Server\Apache2.2\htdocs\site\includes\jQuery\ui\i18n\jquery.ui.datepicker-lv.js --> neaa.us /public_html/bostonmedflight.org/site/includes/jQuery/ui/i18n jquery.ui.datepicker-lv.js
2012.03.13 10:57 B Z:\Server\Apache2.2\htdocs\site\includes\jQuery\ui\i18n\jquery.ui.datepicker-ms.js --> neaa.us /public_html/bostonmedflight.org/site/includes/jQuery/ui/i18n jquery.ui.datepicker-ms.js
2012.03.13 10:57 B Z:\Server\Apache2.2\htdocs\site\includes\jQuery\ui\i18n\jquery.ui.datepicker-nl.js --> neaa.us /public_html/bostonmedflight.org/site/includes/jQuery/ui/i18n jquery.ui.datepicker-nl.js
2012.03.13 10:57 B Z:\Server\Apache2.2\htdocs\site\includes\jQuery\ui\i18n\jquery.ui.datepicker-no.js --> neaa.us /public_html/bostonmedflight.org/site/includes/jQuery/ui/i18n jquery.ui.datepicker-no.js
2012.03.13 10:57 B Z:\Server\Apache2.2\htdocs\site\includes\jQuery\ui\i18n\jquery.ui.datepicker-pl.js --> neaa.us /public_html/bostonmedflight.org/site/includes/jQuery/ui/i18n jquery.ui.datepicker-pl.js
2012.03.13 10:57 B Z:\Server\Apache2.2\htdocs\site\includes\jQuery\ui\i18n\jquery.ui.datepicker-pt-BR.js --> neaa.us /public_html/bostonmedflight.org/site/includes/jQuery/ui/i18n jquery.ui.datepicker-pt-BR.js
2012.03.13 10:57 B Z:\Server\Apache2.2\htdocs\site\includes\jQuery\ui\i18n\jquery.ui.datepicker-pt.js --> neaa.us /public_html/bostonmedflight.org/site/includes/jQuery/ui/i18n jquery.ui.datepicker-pt.js
2012.03.13 10:57 B Z:\Server\Apache2.2\htdocs\site\includes\jQuery\ui\i18n\jquery.ui.datepicker-ro.js --> neaa.us /public_html/bostonmedflight.org/site/includes/jQuery/ui/i18n jquery.ui.datepicker-ro.js
2012.03.13 10:57 B Z:\Server\Apache2.2\htdocs\site\includes\jQuery\ui\i18n\jquery.ui.datepicker-ru.js --> neaa.us /public_html/bostonmedflight.org/site/includes/jQuery/ui/i18n jquery.ui.datepicker-ru.js
2012.03.13 10:57 B Z:\Server\Apache2.2\htdocs\site\includes\jQuery\ui\i18n\jquery.ui.datepicker-sk.js --> neaa.us /public_html/bostonmedflight.org/site/includes/jQuery/ui/i18n jquery.ui.datepicker-sk.js
2012.03.13 10:57 B Z:\Server\Apache2.2\htdocs\site\includes\jQuery\ui\i18n\jquery.ui.datepicker-sl.js --> neaa.us /public_html/bostonmedflight.org/site/includes/jQuery/ui/i18n jquery.ui.datepicker-sl.js
2012.03.13 10:57 B Z:\Server\Apache2.2\htdocs\site\includes\jQuery\ui\i18n\jquery.ui.datepicker-sq.js --> neaa.us /public_html/bostonmedflight.org/site/includes/jQuery/ui/i18n jquery.ui.datepicker-sq.js
2012.03.13 10:57 B Z:\Server\Apache2.2\htdocs\site\includes\jQuery\ui\i18n\jquery.ui.datepicker-sr-SR.js --> neaa.us /public_html/bostonmedflight.org/site/includes/jQuery/ui/i18n jquery.ui.datepicker-sr-SR.js
2012.03.13 10:57 B Z:\Server\Apache2.2\htdocs\site\includes\jQuery\ui\i18n\jquery.ui.datepicker-sr.js --> neaa.us /public_html/bostonmedflight.org/site/includes/jQuery/ui/i18n jquery.ui.datepicker-sr.js
2012.03.13 10:57 B Z:\Server\Apache2.2\htdocs\site\includes\jQuery\ui\i18n\jquery.ui.datepicker-sv.js --> neaa.us /public_html/bostonmedflight.org/site/includes/jQuery/ui/i18n jquery.ui.datepicker-sv.js
2012.03.13 10:57 B Z:\Server\Apache2.2\htdocs\site\includes\jQuery\ui\i18n\jquery.ui.datepicker-ta.js --> neaa.us /public_html/bostonmedflight.org/site/includes/jQuery/ui/i18n jquery.ui.datepicker-ta.js
2012.03.13 10:57 B Z:\Server\Apache2.2\htdocs\site\includes\jQuery\ui\i18n\jquery.ui.datepicker-th.js --> neaa.us /public_html/bostonmedflight.org/site/includes/jQuery/ui/i18n jquery.ui.datepicker-th.js
2012.03.13 10:57 B Z:\Server\Apache2.2\htdocs\site\includes\jQuery\ui\i18n\jquery.ui.datepicker-tr.js --> neaa.us /public_html/bostonmedflight.org/site/includes/jQuery/ui/i18n jquery.ui.datepicker-tr.js
2012.03.13 10:57 B Z:\Server\Apache2.2\htdocs\site\includes\jQuery\ui\i18n\jquery.ui.datepicker-uk.js --> neaa.us /public_html/bostonmedflight.org/site/includes/jQuery/ui/i18n jquery.ui.datepicker-uk.js
2012.03.13 10:57 B Z:\Server\Apache2.2\htdocs\site\includes\jQuery\ui\i18n\jquery.ui.datepicker-vi.js --> neaa.us /public_html/bostonmedflight.org/site/includes/jQuery/ui/i18n jquery.ui.datepicker-vi.js
2012.03.13 10:57 B Z:\Server\Apache2.2\htdocs\site\includes\jQuery\ui\i18n\jquery.ui.datepicker-zh-CN.js --> neaa.us /public_html/bostonmedflight.org/site/includes/jQuery/ui/i18n jquery.ui.datepicker-zh-CN.js
2012.03.13 10:57 B Z:\Server\Apache2.2\htdocs\site\includes\jQuery\ui\i18n\jquery.ui.datepicker-zh-HK.js --> neaa.us /public_html/bostonmedflight.org/site/includes/jQuery/ui/i18n jquery.ui.datepicker-zh-HK.js
2012.03.13 10:57 B Z:\Server\Apache2.2\htdocs\site\includes\jQuery\ui\i18n\jquery.ui.datepicker-zh-TW.js --> neaa.us /public_html/bostonmedflight.org/site/includes/jQuery/ui/i18n jquery.ui.datepicker-zh-TW.js
2012.03.13 10:57 B Z:\Server\Apache2.2\htdocs\site\includes\jQuery\ui\i18n\WS_FTP.LOG --> neaa.us /public_html/bostonmedflight.org/site/includes/jQuery/ui/i18n WS_FTP.LOG
2012.08.22 10:15 B Z:\Server\Apache2.2\htdocs\site\includes\jQuery\ui\i18n\jquery-ui-i18n.js --> ftp.iemilie.com /public_html/bluejays/includes/jQuery/ui/i18n jquery-ui-i18n.js
2012.08.22 10:15 B Z:\Server\Apache2.2\htdocs\site\includes\jQuery\ui\i18n\jquery.ui.datepicker-af.js --> ftp.iemilie.com /public_html/bluejays/includes/jQuery/ui/i18n jquery.ui.datepicker-af.js
2012.08.22 10:15 B Z:\Server\Apache2.2\htdocs\site\includes\jQuery\ui\i18n\jquery.ui.datepicker-ar.js --> ftp.iemilie.com /public_html/bluejays/includes/jQuery/ui/i18n jquery.ui.datepicker-ar.js
2012.08.22 10:15 B Z:\Server\Apache2.2\htdocs\site\includes\jQuery\ui\i18n\jquery.ui.datepicker-az.js --> ftp.iemilie.com /public_html/bluejays/includes/jQuery/ui/i18n jquery.ui.datepicker-az.js
2012.08.22 10:15 B Z:\Server\Apache2.2\htdocs\site\includes\jQuery\ui\i18n\jquery.ui.datepicker-bg.js --> ftp.iemilie.com /public_html/bluejays/includes/jQuery/ui/i18n jquery.ui.datepicker-bg.js
2012.08.22 10:15 B Z:\Server\Apache2.2\htdocs\site\includes\jQuery\ui\i18n\jquery.ui.datepicker-bs.js --> ftp.iemilie.com /public_html/bluejays/includes/jQuery/ui/i18n jquery.ui.datepicker-bs.js
2012.08.22 10:15 B Z:\Server\Apache2.2\htdocs\site\includes\jQuery\ui\i18n\jquery.ui.datepicker-ca.js --> ftp.iemilie.com /public_html/bluejays/includes/jQuery/ui/i18n jquery.ui.datepicker-ca.js
2012.08.22 10:15 B Z:\Server\Apache2.2\htdocs\site\includes\jQuery\ui\i18n\jquery.ui.datepicker-cs.js --> ftp.iemilie.com /public_html/bluejays/includes/jQuery/ui/i18n jquery.ui.datepicker-cs.js
2012.08.22 10:15 B Z:\Server\Apache2.2\htdocs\site\includes\jQuery\ui\i18n\jquery.ui.datepicker-da.js --> ftp.iemilie.com /public_html/bluejays/includes/jQuery/ui/i18n jquery.ui.datepicker-da.js
2012.08.22 10:15 B Z:\Server\Apache2.2\htdocs\site\includes\jQuery\ui\i18n\jquery.ui.datepicker-de.js --> ftp.iemilie.com /public_html/bluejays/includes/jQuery/ui/i18n jquery.ui.datepicker-de.js
2012.08.22 10:15 B Z:\Server\Apache2.2\htdocs\site\includes\jQuery\ui\i18n\jquery.ui.datepicker-el.js --> ftp.iemilie.com /public_html/bluejays/includes/jQuery/ui/i18n jquery.ui.datepicker-el.js
2012.08.22 10:15 B Z:\Server\Apache2.2\htdocs\site\includes\jQuery\ui\i18n\jquery.ui.datepicker-en-GB.js --> ftp.iemilie.com /public_html/bluejays/includes/jQuery/ui/i18n jquery.ui.datepicker-en-GB.js
2012.08.22 10:15 B Z:\Server\Apache2.2\htdocs\site\includes\jQuery\ui\i18n\jquery.ui.datepicker-eo.js --> ftp.iemilie.com /public_html/bluejays/includes/jQuery/ui/i18n jquery.ui.datepicker-eo.js
2012.08.22 10:15 B Z:\Server\Apache2.2\htdocs\site\includes\jQuery\ui\i18n\jquery.ui.datepicker-es.js --> ftp.iemilie.com /public_html/bluejays/includes/jQuery/ui/i18n jquery.ui.datepicker-es.js
2012.08.22 10:15 B Z:\Server\Apache2.2\htdocs\site\includes\jQuery\ui\i18n\jquery.ui.datepicker-et.js --> ftp.iemilie.com /public_html/bluejays/includes/jQuery/ui/i18n jquery.ui.datepicker-et.js
2012.08.22 10:15 B Z:\Server\Apache2.2\htdocs\site\includes\jQuery\ui\i18n\jquery.ui.datepicker-eu.js --> ftp.iemilie.com /public_html/bluejays/includes/jQuery/ui/i18n jquery.ui.datepicker-eu.js
2012.08.22 10:15 B Z:\Server\Apache2.2\htdocs\site\includes\jQuery\ui\i18n\jquery.ui.datepicker-fa.js --> ftp.iemilie.com /public_html/bluejays/includes/jQuery/ui/i18n jquery.ui.datepicker-fa.js
2012.08.22 10:15 B Z:\Server\Apache2.2\htdocs\site\includes\jQuery\ui\i18n\jquery.ui.datepicker-fi.js --> ftp.iemilie.com /public_html/bluejays/includes/jQuery/ui/i18n jquery.ui.datepicker-fi.js
2012.08.22 10:15 B Z:\Server\Apache2.2\htdocs\site\includes\jQuery\ui\i18n\jquery.ui.datepicker-fo.js --> ftp.iemilie.com /public_html/bluejays/includes/jQuery/ui/i18n jquery.ui.datepicker-fo.js
2012.08.22 10:15 B Z:\Server\Apache2.2\htdocs\site\includes\jQuery\ui\i18n\jquery.ui.datepicker-fr-CH.js --> ftp.iemilie.com /public_html/bluejays/includes/jQuery/ui/i18n jquery.ui.datepicker-fr-CH.js
2012.08.22 10:15 B Z:\Server\Apache2.2\htdocs\site\includes\jQuery\ui\i18n\jquery.ui.datepicker-fr.js --> ftp.iemilie.com /public_html/bluejays/includes/jQuery/ui/i18n jquery.ui.datepicker-fr.js
2012.08.22 10:15 B Z:\Server\Apache2.2\htdocs\site\includes\jQuery\ui\i18n\jquery.ui.datepicker-gl.js --> ftp.iemilie.com /public_html/bluejays/includes/jQuery/ui/i18n jquery.ui.datepicker-gl.js
2012.08.22 10:15 B Z:\Server\Apache2.2\htdocs\site\includes\jQuery\ui\i18n\jquery.ui.datepicker-he.js --> ftp.iemilie.com /public_html/bluejays/includes/jQuery/ui/i18n jquery.ui.datepicker-he.js
2012.08.22 10:15 B Z:\Server\Apache2.2\htdocs\site\includes\jQuery\ui\i18n\jquery.ui.datepicker-hr.js --> ftp.iemilie.com /public_html/bluejays/includes/jQuery/ui/i18n jquery.ui.datepicker-hr.js
2012.08.22 10:15 B Z:\Server\Apache2.2\htdocs\site\includes\jQuery\ui\i18n\jquery.ui.datepicker-hu.js --> ftp.iemilie.com /public_html/bluejays/includes/jQuery/ui/i18n jquery.ui.datepicker-hu.js
2012.08.22 10:15 B Z:\Server\Apache2.2\htdocs\site\includes\jQuery\ui\i18n\jquery.ui.datepicker-hy.js --> ftp.iemilie.com /public_html/bluejays/includes/jQuery/ui/i18n jquery.ui.datepicker-hy.js
2012.08.22 10:15 B Z:\Server\Apache2.2\htdocs\site\includes\jQuery\ui\i18n\jquery.ui.datepicker-id.js --> ftp.iemilie.com /public_html/bluejays/includes/jQuery/ui/i18n jquery.ui.datepicker-id.js
2012.08.22 10:15 B Z:\Server\Apache2.2\htdocs\site\includes\jQuery\ui\i18n\jquery.ui.datepicker-is.js --> ftp.iemilie.com /public_html/bluejays/includes/jQuery/ui/i18n jquery.ui.datepicker-is.js
2012.08.22 10:15 B Z:\Server\Apache2.2\htdocs\site\includes\jQuery\ui\i18n\jquery.ui.datepicker-it.js --> ftp.iemilie.com /public_html/bluejays/includes/jQuery/ui/i18n jquery.ui.datepicker-it.js
2012.08.22 10:15 B Z:\Server\Apache2.2\htdocs\site\includes\jQuery\ui\i18n\jquery.ui.datepicker-ja.js --> ftp.iemilie.com /public_html/bluejays/includes/jQuery/ui/i18n jquery.ui.datepicker-ja.js
2012.08.22 10:15 B Z:\Server\Apache2.2\htdocs\site\includes\jQuery\ui\i18n\jquery.ui.datepicker-ko.js --> ftp.iemilie.com /public_html/bluejays/includes/jQuery/ui/i18n jquery.ui.datepicker-ko.js
2012.08.22 10:15 B Z:\Server\Apache2.2\htdocs\site\includes\jQuery\ui\i18n\jquery.ui.datepicker-kz.js --> ftp.iemilie.com /public_html/bluejays/includes/jQuery/ui/i18n jquery.ui.datepicker-kz.js
2012.08.22 10:15 B Z:\Server\Apache2.2\htdocs\site\includes\jQuery\ui\i18n\jquery.ui.datepicker-lt.js --> ftp.iemilie.com /public_html/bluejays/includes/jQuery/ui/i18n jquery.ui.datepicker-lt.js
2012.08.22 10:15 B Z:\Server\Apache2.2\htdocs\site\includes\jQuery\ui\i18n\jquery.ui.datepicker-lv.js --> ftp.iemilie.com /public_html/bluejays/includes/jQuery/ui/i18n jquery.ui.datepicker-lv.js
2012.08.22 10:15 B Z:\Server\Apache2.2\htdocs\site\includes\jQuery\ui\i18n\jquery.ui.datepicker-ms.js --> ftp.iemilie.com /public_html/bluejays/includes/jQuery/ui/i18n jquery.ui.datepicker-ms.js
2012.08.22 10:15 B Z:\Server\Apache2.2\htdocs\site\includes\jQuery\ui\i18n\jquery.ui.datepicker-nl.js --> ftp.iemilie.com /public_html/bluejays/includes/jQuery/ui/i18n jquery.ui.datepicker-nl.js
2012.08.22 10:16 B Z:\Server\Apache2.2\htdocs\site\includes\jQuery\ui\i18n\jquery.ui.datepicker-no.js --> ftp.iemilie.com /public_html/bluejays/includes/jQuery/ui/i18n jquery.ui.datepicker-no.js
2012.08.22 10:16 B Z:\Server\Apache2.2\htdocs\site\includes\jQuery\ui\i18n\jquery.ui.datepicker-pl.js --> ftp.iemilie.com /public_html/bluejays/includes/jQuery/ui/i18n jquery.ui.datepicker-pl.js
2012.08.22 10:16 B Z:\Server\Apache2.2\htdocs\site\includes\jQuery\ui\i18n\jquery.ui.datepicker-pt-BR.js --> ftp.iemilie.com /public_html/bluejays/includes/jQuery/ui/i18n jquery.ui.datepicker-pt-BR.js
2012.08.22 10:16 B Z:\Server\Apache2.2\htdocs\site\includes\jQuery\ui\i18n\jquery.ui.datepicker-pt.js --> ftp.iemilie.com /public_html/bluejays/includes/jQuery/ui/i18n jquery.ui.datepicker-pt.js
2012.08.22 10:16 B Z:\Server\Apache2.2\htdocs\site\includes\jQuery\ui\i18n\jquery.ui.datepicker-ro.js --> ftp.iemilie.com /public_html/bluejays/includes/jQuery/ui/i18n jquery.ui.datepicker-ro.js
2012.08.22 10:16 B Z:\Server\Apache2.2\htdocs\site\includes\jQuery\ui\i18n\jquery.ui.datepicker-ru.js --> ftp.iemilie.com /public_html/bluejays/includes/jQuery/ui/i18n jquery.ui.datepicker-ru.js
2012.08.22 10:16 B Z:\Server\Apache2.2\htdocs\site\includes\jQuery\ui\i18n\jquery.ui.datepicker-sk.js --> ftp.iemilie.com /public_html/bluejays/includes/jQuery/ui/i18n jquery.ui.datepicker-sk.js
2012.08.22 10:16 B Z:\Server\Apache2.2\htdocs\site\includes\jQuery\ui\i18n\jquery.ui.datepicker-sl.js --> ftp.iemilie.com /public_html/bluejays/includes/jQuery/ui/i18n jquery.ui.datepicker-sl.js
2012.08.22 10:16 B Z:\Server\Apache2.2\htdocs\site\includes\jQuery\ui\i18n\jquery.ui.datepicker-sq.js --> ftp.iemilie.com /public_html/bluejays/includes/jQuery/ui/i18n jquery.ui.datepicker-sq.js
2012.08.22 10:16 B Z:\Server\Apache2.2\htdocs\site\includes\jQuery\ui\i18n\jquery.ui.datepicker-sr-SR.js --> ftp.iemilie.com /public_html/bluejays/includes/jQuery/ui/i18n jquery.ui.datepicker-sr-SR.js
2012.08.22 10:16 B Z:\Server\Apache2.2\htdocs\site\includes\jQuery\ui\i18n\jquery.ui.datepicker-sr.js --> ftp.iemilie.com /public_html/bluejays/includes/jQuery/ui/i18n jquery.ui.datepicker-sr.js
2012.08.22 10:16 B Z:\Server\Apache2.2\htdocs\site\includes\jQuery\ui\i18n\jquery.ui.datepicker-sv.js --> ftp.iemilie.com /public_html/bluejays/includes/jQuery/ui/i18n jquery.ui.datepicker-sv.js
2012.08.22 10:16 B Z:\Server\Apache2.2\htdocs\site\includes\jQuery\ui\i18n\jquery.ui.datepicker-ta.js --> ftp.iemilie.com /public_html/bluejays/includes/jQuery/ui/i18n jquery.ui.datepicker-ta.js
2012.08.22 10:16 B Z:\Server\Apache2.2\htdocs\site\includes\jQuery\ui\i18n\jquery.ui.datepicker-th.js --> ftp.iemilie.com /public_html/bluejays/includes/jQuery/ui/i18n jquery.ui.datepicker-th.js
2012.08.22 10:16 B Z:\Server\Apache2.2\htdocs\site\includes\jQuery\ui\i18n\jquery.ui.datepicker-tr.js --> ftp.iemilie.com /public_html/bluejays/includes/jQuery/ui/i18n jquery.ui.datepicker-tr.js
2012.08.22 10:16 B Z:\Server\Apache2.2\htdocs\site\includes\jQuery\ui\i18n\jquery.ui.datepicker-uk.js --> ftp.iemilie.com /public_html/bluejays/includes/jQuery/ui/i18n jquery.ui.datepicker-uk.js
2012.08.22 10:16 B Z:\Server\Apache2.2\htdocs\site\includes\jQuery\ui\i18n\jquery.ui.datepicker-vi.js --> ftp.iemilie.com /public_html/bluejays/includes/jQuery/ui/i18n jquery.ui.datepicker-vi.js
2012.08.22 10:16 B Z:\Server\Apache2.2\htdocs\site\includes\jQuery\ui\i18n\jquery.ui.datepicker-zh-CN.js --> ftp.iemilie.com /public_html/bluejays/includes/jQuery/ui/i18n jquery.ui.datepicker-zh-CN.js
2012.08.22 10:16 B Z:\Server\Apache2.2\htdocs\site\includes\jQuery\ui\i18n\jquery.ui.datepicker-zh-HK.js --> ftp.iemilie.com /public_html/bluejays/includes/jQuery/ui/i18n jquery.ui.datepicker-zh-HK.js
2012.08.22 10:16 B Z:\Server\Apache2.2\htdocs\site\includes\jQuery\ui\i18n\jquery.ui.datepicker-zh-TW.js --> ftp.iemilie.com /public_html/bluejays/includes/jQuery/ui/i18n jquery.ui.datepicker-zh-TW.js
2013.03.10 23:19 B C:\Server\htdocs\Joomla_site\bluejays\includes\jQuery\ui\i18n\WS_FTP.LOG <-- ie /public_html/bluejays/includes/jQuery/ui/i18n WS_FTP.LOG
