2013.03.10 22:37 B C:\Server\htdocs\Joomla_site\bluejays\administrator\help\en-GB\index.html <-- ie /public_html/bluejays/administrator/help/en-GB index.html
2013.03.10 22:37 B C:\Server\htdocs\Joomla_site\bluejays\administrator\help\en-GB\joomla.credits.html <-- ie /public_html/bluejays/administrator/help/en-GB joomla.credits.html
2013.03.10 22:37 B C:\Server\htdocs\Joomla_site\bluejays\administrator\help\en-GB\joomla.glossary.html <-- ie /public_html/bluejays/administrator/help/en-GB joomla.glossary.html
2013.03.10 22:38 B C:\Server\htdocs\Joomla_site\bluejays\administrator\help\en-GB\joomla.support.html <-- ie /public_html/bluejays/administrator/help/en-GB joomla.support.html
2013.03.10 22:38 B C:\Server\htdocs\Joomla_site\bluejays\administrator\help\en-GB\joomla.whatsnew10.html <-- ie /public_html/bluejays/administrator/help/en-GB joomla.whatsnew10.html
2013.03.10 22:38 B C:\Server\htdocs\Joomla_site\bluejays\administrator\help\en-GB\joomla.whatsnew15.html <-- ie /public_html/bluejays/administrator/help/en-GB joomla.whatsnew15.html
2013.03.10 22:38 B C:\Server\htdocs\Joomla_site\bluejays\administrator\help\en-GB\screen.banners.client.edit.html <-- ie /public_html/bluejays/administrator/help/en-GB screen.banners.client.edit.html
2013.03.10 22:38 B C:\Server\htdocs\Joomla_site\bluejays\administrator\help\en-GB\screen.banners.client.html <-- ie /public_html/bluejays/administrator/help/en-GB screen.banners.client.html
2013.03.10 22:38 B C:\Server\htdocs\Joomla_site\bluejays\administrator\help\en-GB\screen.banners.edit.html <-- ie /public_html/bluejays/administrator/help/en-GB screen.banners.edit.html
2013.03.10 22:38 B C:\Server\htdocs\Joomla_site\bluejays\administrator\help\en-GB\screen.banners.html <-- ie /public_html/bluejays/administrator/help/en-GB screen.banners.html
2013.03.10 22:38 B C:\Server\htdocs\Joomla_site\bluejays\administrator\help\en-GB\screen.categories.edit.html <-- ie /public_html/bluejays/administrator/help/en-GB screen.categories.edit.html
2013.03.10 22:38 B C:\Server\htdocs\Joomla_site\bluejays\administrator\help\en-GB\screen.categories.html <-- ie /public_html/bluejays/administrator/help/en-GB screen.categories.html
2013.03.10 22:38 B C:\Server\htdocs\Joomla_site\bluejays\administrator\help\en-GB\screen.checkin.html <-- ie /public_html/bluejays/administrator/help/en-GB screen.checkin.html
2013.03.10 22:38 B C:\Server\htdocs\Joomla_site\bluejays\administrator\help\en-GB\screen.config.html <-- ie /public_html/bluejays/administrator/help/en-GB screen.config.html
2013.03.10 22:38 B C:\Server\htdocs\Joomla_site\bluejays\administrator\help\en-GB\screen.contactmanager.edit.html <-- ie /public_html/bluejays/administrator/help/en-GB screen.contactmanager.edit.html
2013.03.10 22:38 B C:\Server\htdocs\Joomla_site\bluejays\administrator\help\en-GB\screen.contactmanager.html <-- ie /public_html/bluejays/administrator/help/en-GB screen.contactmanager.html
2013.03.10 22:38 B C:\Server\htdocs\Joomla_site\bluejays\administrator\help\en-GB\screen.content.edit.html <-- ie /public_html/bluejays/administrator/help/en-GB screen.content.edit.html
2013.03.10 22:38 B C:\Server\htdocs\Joomla_site\bluejays\administrator\help\en-GB\screen.content.html <-- ie /public_html/bluejays/administrator/help/en-GB screen.content.html
2013.03.10 22:38 B C:\Server\htdocs\Joomla_site\bluejays\administrator\help\en-GB\screen.cpanel.html <-- ie /public_html/bluejays/administrator/help/en-GB screen.cpanel.html
2013.03.10 22:38 B C:\Server\htdocs\Joomla_site\bluejays\administrator\help\en-GB\screen.frontpage.html <-- ie /public_html/bluejays/administrator/help/en-GB screen.frontpage.html
2013.03.10 22:38 B C:\Server\htdocs\Joomla_site\bluejays\administrator\help\en-GB\screen.installer.html <-- ie /public_html/bluejays/administrator/help/en-GB screen.installer.html
2013.03.10 22:38 B C:\Server\htdocs\Joomla_site\bluejays\administrator\help\en-GB\screen.installer2.html <-- ie /public_html/bluejays/administrator/help/en-GB screen.installer2.html
2013.03.10 22:38 B C:\Server\htdocs\Joomla_site\bluejays\administrator\help\en-GB\screen.languages.html <-- ie /public_html/bluejays/administrator/help/en-GB screen.languages.html
2013.03.10 22:38 B C:\Server\htdocs\Joomla_site\bluejays\administrator\help\en-GB\screen.mediamanager.html <-- ie /public_html/bluejays/administrator/help/en-GB screen.mediamanager.html
2013.03.10 22:38 B C:\Server\htdocs\Joomla_site\bluejays\administrator\help\en-GB\screen.menumanager.copy.html <-- ie /public_html/bluejays/administrator/help/en-GB screen.menumanager.copy.html
2013.03.10 22:38 B C:\Server\htdocs\Joomla_site\bluejays\administrator\help\en-GB\screen.menumanager.html <-- ie /public_html/bluejays/administrator/help/en-GB screen.menumanager.html
2013.03.10 22:38 B C:\Server\htdocs\Joomla_site\bluejays\administrator\help\en-GB\screen.menumanager.new.html <-- ie /public_html/bluejays/administrator/help/en-GB screen.menumanager.new.html
2013.03.10 22:38 B C:\Server\htdocs\Joomla_site\bluejays\administrator\help\en-GB\screen.menus.copy.html <-- ie /public_html/bluejays/administrator/help/en-GB screen.menus.copy.html
2013.03.10 22:38 B C:\Server\htdocs\Joomla_site\bluejays\administrator\help\en-GB\screen.menus.edit.html <-- ie /public_html/bluejays/administrator/help/en-GB screen.menus.edit.html
2013.03.10 22:38 B C:\Server\htdocs\Joomla_site\bluejays\administrator\help\en-GB\screen.menus.html <-- ie /public_html/bluejays/administrator/help/en-GB screen.menus.html
2013.03.10 22:38 B C:\Server\htdocs\Joomla_site\bluejays\administrator\help\en-GB\screen.menus.move.html <-- ie /public_html/bluejays/administrator/help/en-GB screen.menus.move.html
2013.03.10 22:38 B C:\Server\htdocs\Joomla_site\bluejays\administrator\help\en-GB\screen.menus.type.html <-- ie /public_html/bluejays/administrator/help/en-GB screen.menus.type.html
2013.03.10 22:38 B C:\Server\htdocs\Joomla_site\bluejays\administrator\help\en-GB\screen.messages.conf.html <-- ie /public_html/bluejays/administrator/help/en-GB screen.messages.conf.html
2013.03.10 22:38 B C:\Server\htdocs\Joomla_site\bluejays\administrator\help\en-GB\screen.messages.inbox.html <-- ie /public_html/bluejays/administrator/help/en-GB screen.messages.inbox.html
2013.03.10 22:38 B C:\Server\htdocs\Joomla_site\bluejays\administrator\help\en-GB\screen.modules.edit.html <-- ie /public_html/bluejays/administrator/help/en-GB screen.modules.edit.html
2013.03.10 22:38 B C:\Server\htdocs\Joomla_site\bluejays\administrator\help\en-GB\screen.modules.html <-- ie /public_html/bluejays/administrator/help/en-GB screen.modules.html
2013.03.10 22:38 B C:\Server\htdocs\Joomla_site\bluejays\administrator\help\en-GB\screen.modules.new.html <-- ie /public_html/bluejays/administrator/help/en-GB screen.modules.new.html
2013.03.10 22:38 B C:\Server\htdocs\Joomla_site\bluejays\administrator\help\en-GB\screen.newsfeeds.edit.html <-- ie /public_html/bluejays/administrator/help/en-GB screen.newsfeeds.edit.html
2013.03.10 22:38 B C:\Server\htdocs\Joomla_site\bluejays\administrator\help\en-GB\screen.newsfeeds.html <-- ie /public_html/bluejays/administrator/help/en-GB screen.newsfeeds.html
2013.03.10 22:38 B C:\Server\htdocs\Joomla_site\bluejays\administrator\help\en-GB\screen.plugins.edit.html <-- ie /public_html/bluejays/administrator/help/en-GB screen.plugins.edit.html
2013.03.10 22:38 B C:\Server\htdocs\Joomla_site\bluejays\administrator\help\en-GB\screen.plugins.html <-- ie /public_html/bluejays/administrator/help/en-GB screen.plugins.html
2013.03.10 22:38 B C:\Server\htdocs\Joomla_site\bluejays\administrator\help\en-GB\screen.polls.edit.html <-- ie /public_html/bluejays/administrator/help/en-GB screen.polls.edit.html
2013.03.10 22:38 B C:\Server\htdocs\Joomla_site\bluejays\administrator\help\en-GB\screen.polls.html <-- ie /public_html/bluejays/administrator/help/en-GB screen.polls.html
2013.03.10 22:38 B C:\Server\htdocs\Joomla_site\bluejays\administrator\help\en-GB\screen.sections.edit.html <-- ie /public_html/bluejays/administrator/help/en-GB screen.sections.edit.html
2013.03.10 22:38 B C:\Server\htdocs\Joomla_site\bluejays\administrator\help\en-GB\screen.sections.html <-- ie /public_html/bluejays/administrator/help/en-GB screen.sections.html
2013.03.10 22:38 B C:\Server\htdocs\Joomla_site\bluejays\administrator\help\en-GB\screen.stats.searches.html <-- ie /public_html/bluejays/administrator/help/en-GB screen.stats.searches.html
2013.03.10 22:38 B C:\Server\htdocs\Joomla_site\bluejays\administrator\help\en-GB\screen.system.info.html <-- ie /public_html/bluejays/administrator/help/en-GB screen.system.info.html
2013.03.10 22:38 B C:\Server\htdocs\Joomla_site\bluejays\administrator\help\en-GB\screen.templates.html <-- ie /public_html/bluejays/administrator/help/en-GB screen.templates.html
2013.03.10 22:38 B C:\Server\htdocs\Joomla_site\bluejays\administrator\help\en-GB\screen.trashmanager.html <-- ie /public_html/bluejays/administrator/help/en-GB screen.trashmanager.html
2013.03.10 22:38 B C:\Server\htdocs\Joomla_site\bluejays\administrator\help\en-GB\screen.users.edit.html <-- ie /public_html/bluejays/administrator/help/en-GB screen.users.edit.html
2013.03.10 22:38 B C:\Server\htdocs\Joomla_site\bluejays\administrator\help\en-GB\screen.users.massmail.html <-- ie /public_html/bluejays/administrator/help/en-GB screen.users.massmail.html
2013.03.10 22:38 B C:\Server\htdocs\Joomla_site\bluejays\administrator\help\en-GB\screen.weblink.edit.html <-- ie /public_html/bluejays/administrator/help/en-GB screen.weblink.edit.html
2013.03.10 22:38 B C:\Server\htdocs\Joomla_site\bluejays\administrator\help\en-GB\screen.weblink.html <-- ie /public_html/bluejays/administrator/help/en-GB screen.weblink.html
