2013.03.10 22:47 B C:\Server\htdocs\Joomla_site\bluejays\administrator\templates\khepri\images\header\icon-48-archive.png <-- ie /public_html/bluejays/administrator/templates/khepri/images/header icon-48-archive.png
2013.03.10 22:47 B C:\Server\htdocs\Joomla_site\bluejays\administrator\templates\khepri\images\header\icon-48-article-add.png <-- ie /public_html/bluejays/administrator/templates/khepri/images/header icon-48-article-add.png
2013.03.10 22:47 B C:\Server\htdocs\Joomla_site\bluejays\administrator\templates\khepri\images\header\icon-48-article.png <-- ie /public_html/bluejays/administrator/templates/khepri/images/header icon-48-article.png
2013.03.10 22:47 B C:\Server\htdocs\Joomla_site\bluejays\administrator\templates\khepri\images\header\icon-48-category.png <-- ie /public_html/bluejays/administrator/templates/khepri/images/header icon-48-category.png
2013.03.10 22:47 B C:\Server\htdocs\Joomla_site\bluejays\administrator\templates\khepri\images\header\icon-48-checkin.png <-- ie /public_html/bluejays/administrator/templates/khepri/images/header icon-48-checkin.png
2013.03.10 22:47 B C:\Server\htdocs\Joomla_site\bluejays\administrator\templates\khepri\images\header\icon-48-component.png <-- ie /public_html/bluejays/administrator/templates/khepri/images/header icon-48-component.png
2013.03.10 22:47 B C:\Server\htdocs\Joomla_site\bluejays\administrator\templates\khepri\images\header\icon-48-config.png <-- ie /public_html/bluejays/administrator/templates/khepri/images/header icon-48-config.png
2013.03.10 22:47 B C:\Server\htdocs\Joomla_site\bluejays\administrator\templates\khepri\images\header\icon-48-content.png <-- ie /public_html/bluejays/administrator/templates/khepri/images/header icon-48-content.png
2013.03.10 22:47 B C:\Server\htdocs\Joomla_site\bluejays\administrator\templates\khepri\images\header\icon-48-cpanel.png <-- ie /public_html/bluejays/administrator/templates/khepri/images/header icon-48-cpanel.png
2013.03.10 22:47 B C:\Server\htdocs\Joomla_site\bluejays\administrator\templates\khepri\images\header\icon-48-extension.png <-- ie /public_html/bluejays/administrator/templates/khepri/images/header icon-48-extension.png
2013.03.10 22:47 B C:\Server\htdocs\Joomla_site\bluejays\administrator\templates\khepri\images\header\icon-48-frontpage.png <-- ie /public_html/bluejays/administrator/templates/khepri/images/header icon-48-frontpage.png
2013.03.10 22:47 B C:\Server\htdocs\Joomla_site\bluejays\administrator\templates\khepri\images\header\icon-48-generic.png <-- ie /public_html/bluejays/administrator/templates/khepri/images/header icon-48-generic.png
2013.03.10 22:47 B C:\Server\htdocs\Joomla_site\bluejays\administrator\templates\khepri\images\header\icon-48-help_header.png <-- ie /public_html/bluejays/administrator/templates/khepri/images/header icon-48-help_header.png
2013.03.10 22:47 B C:\Server\htdocs\Joomla_site\bluejays\administrator\templates\khepri\images\header\icon-48-inbox.png <-- ie /public_html/bluejays/administrator/templates/khepri/images/header icon-48-inbox.png
2013.03.10 22:47 B C:\Server\htdocs\Joomla_site\bluejays\administrator\templates\khepri\images\header\icon-48-info.png <-- ie /public_html/bluejays/administrator/templates/khepri/images/header icon-48-info.png
2013.03.10 22:47 B C:\Server\htdocs\Joomla_site\bluejays\administrator\templates\khepri\images\header\icon-48-install.png <-- ie /public_html/bluejays/administrator/templates/khepri/images/header icon-48-install.png
2013.03.10 22:47 B C:\Server\htdocs\Joomla_site\bluejays\administrator\templates\khepri\images\header\icon-48-language.png <-- ie /public_html/bluejays/administrator/templates/khepri/images/header icon-48-language.png
2013.03.10 22:47 B C:\Server\htdocs\Joomla_site\bluejays\administrator\templates\khepri\images\header\icon-48-massmail.png <-- ie /public_html/bluejays/administrator/templates/khepri/images/header icon-48-massmail.png
2013.03.10 22:47 B C:\Server\htdocs\Joomla_site\bluejays\administrator\templates\khepri\images\header\icon-48-media.png <-- ie /public_html/bluejays/administrator/templates/khepri/images/header icon-48-media.png
2013.03.10 22:47 B C:\Server\htdocs\Joomla_site\bluejays\administrator\templates\khepri\images\header\icon-48-menu.png <-- ie /public_html/bluejays/administrator/templates/khepri/images/header icon-48-menu.png
2013.03.10 22:47 B C:\Server\htdocs\Joomla_site\bluejays\administrator\templates\khepri\images\header\icon-48-menumgr.png <-- ie /public_html/bluejays/administrator/templates/khepri/images/header icon-48-menumgr.png
2013.03.10 22:47 B C:\Server\htdocs\Joomla_site\bluejays\administrator\templates\khepri\images\header\icon-48-module.png <-- ie /public_html/bluejays/administrator/templates/khepri/images/header icon-48-module.png
2013.03.10 22:47 B C:\Server\htdocs\Joomla_site\bluejays\administrator\templates\khepri\images\header\icon-48-plugin.png <-- ie /public_html/bluejays/administrator/templates/khepri/images/header icon-48-plugin.png
2013.03.10 22:47 B C:\Server\htdocs\Joomla_site\bluejays\administrator\templates\khepri\images\header\icon-48-print.png <-- ie /public_html/bluejays/administrator/templates/khepri/images/header icon-48-print.png
2013.03.10 22:47 B C:\Server\htdocs\Joomla_site\bluejays\administrator\templates\khepri\images\header\icon-48-section.png <-- ie /public_html/bluejays/administrator/templates/khepri/images/header icon-48-section.png
2013.03.10 22:47 B C:\Server\htdocs\Joomla_site\bluejays\administrator\templates\khepri\images\header\icon-48-static.png <-- ie /public_html/bluejays/administrator/templates/khepri/images/header icon-48-static.png
2013.03.10 22:47 B C:\Server\htdocs\Joomla_site\bluejays\administrator\templates\khepri\images\header\icon-48-stats.png <-- ie /public_html/bluejays/administrator/templates/khepri/images/header icon-48-stats.png
2013.03.10 22:47 B C:\Server\htdocs\Joomla_site\bluejays\administrator\templates\khepri\images\header\icon-48-themes.png <-- ie /public_html/bluejays/administrator/templates/khepri/images/header icon-48-themes.png
2013.03.10 22:47 B C:\Server\htdocs\Joomla_site\bluejays\administrator\templates\khepri\images\header\icon-48-trash.png <-- ie /public_html/bluejays/administrator/templates/khepri/images/header icon-48-trash.png
2013.03.10 22:47 B C:\Server\htdocs\Joomla_site\bluejays\administrator\templates\khepri\images\header\icon-48-user.png <-- ie /public_html/bluejays/administrator/templates/khepri/images/header icon-48-user.png
2013.03.10 22:47 B C:\Server\htdocs\Joomla_site\bluejays\administrator\templates\khepri\images\header\index.html <-- ie /public_html/bluejays/administrator/templates/khepri/images/header index.html
